<?xml version="1.0" encoding="UTF-8"?>
<coverage generated="1702692124926" clover="3.2.0">
  <project timestamp="1702692124926" name="All files">
    <metrics statements="64" coveredstatements="57" conditionals="12" coveredconditionals="12" methods="36" coveredmethods="29" elements="112" coveredelements="98" complexity="0" loc="64" ncloc="64" packages="1" files="1" classes="1"/>
    <file name="CertificateCard.vue" path="/Users/syedtalhaahmedgardazi/Desktop/Self Coding.nosync/Finalized/resume-builder/src/components/CertificateCard.vue">
      <metrics statements="64" coveredstatements="57" conditionals="12" coveredconditionals="12" methods="36" coveredmethods="29"/>
      <line num="4" count="1" type="stmt"/>
      <line num="5" count="1" type="stmt"/>
      <line num="8" count="1" type="stmt"/>
      <line num="17" count="1" type="stmt"/>
      <line num="22" count="1" type="stmt"/>
      <line num="92" count="1" type="stmt"/>
      <line num="94" count="1" type="stmt"/>
      <line num="97" count="1" type="stmt"/>
      <line num="98" count="1" type="stmt"/>
      <line num="99" count="1" type="stmt"/>
      <line num="102" count="1" type="stmt"/>
      <line num="107" count="1" type="stmt"/>
      <line num="112" count="1" type="stmt"/>
      <line num="117" count="1" type="stmt"/>
      <line num="122" count="1" type="stmt"/>
      <line num="127" count="1" type="stmt"/>
      <line num="128" count="1" type="stmt"/>
      <line num="133" count="1" type="stmt"/>
      <line num="139" count="4" type="stmt"/>
      <line num="140" count="4" type="stmt"/>
      <line num="141" count="4" type="stmt"/>
      <line num="142" count="4" type="stmt"/>
      <line num="143" count="4" type="stmt"/>
      <line num="144" count="4" type="stmt"/>
      <line num="145" count="4" type="stmt"/>
      <line num="146" count="4" type="stmt"/>
      <line num="147" count="4" type="stmt"/>
      <line num="148" count="4" type="stmt"/>
      <line num="151" count="4" type="stmt"/>
      <line num="152" count="0" type="stmt"/>
      <line num="159" count="0" type="stmt"/>
      <line num="162" count="4" type="stmt"/>
      <line num="168" count="4" type="stmt"/>
      <line num="175" count="4" type="stmt"/>
      <line num="179" count="4" type="stmt"/>
      <line num="183" count="4" type="stmt"/>
      <line num="191" count="4" type="stmt"/>
      <line num="193" count="0" type="cond" truecount="2" falsecount="0"/>
      <line num="207" count="4" type="stmt"/>
      <line num="211" count="4" type="stmt"/>
      <line num="215" count="4" type="stmt"/>
      <line num="223" count="4" type="stmt"/>
      <line num="225" count="0" type="cond" truecount="2" falsecount="0"/>
      <line num="241" count="4" type="stmt"/>
      <line num="248" count="4" type="stmt"/>
      <line num="252" count="4" type="stmt"/>
      <line num="256" count="4" type="stmt"/>
      <line num="264" count="4" type="stmt"/>
      <line num="266" count="0" type="cond" truecount="2" falsecount="0"/>
      <line num="282" count="4" type="stmt"/>
      <line num="286" count="4" type="stmt"/>
      <line num="290" count="4" type="stmt"/>
      <line num="298" count="4" type="stmt"/>
      <line num="300" count="0" type="cond" truecount="2" falsecount="0"/>
      <line num="318" count="4" type="stmt"/>
      <line num="324" count="4" type="stmt"/>
      <line num="328" count="4" type="stmt"/>
      <line num="332" count="4" type="stmt"/>
      <line num="340" count="4" type="stmt"/>
      <line num="344" count="0" type="cond" truecount="2" falsecount="0"/>
      <line num="355" count="1" type="cond" truecount="2" falsecount="0"/>
      <line num="357" count="4" type="stmt"/>
      <line num="358" count="4" type="stmt"/>
      <line num="367" count="1" type="stmt"/>
    </file>
  </project>
</coverage>
