{"/Users/syedtalhaahmedgardazi/Desktop/Self Coding.nosync/Finalized/resume-builder/src/components/CertificateCard.vue": {"path":"/Users/syedtalhaahmedgardazi/Desktop/Self Coding.nosync/Finalized/resume-builder/src/components/CertificateCard.vue","statementMap":{"0":{"start":{"line":4,"column":29},"end":{"line":4,"column":189}},"1":{"start":{"line":5,"column":0},"end":{"line":7,"column":3}},"2":{"start":{"line":8,"column":0},"end":{"line":8,"column":25}},"3":{"start":{"line":17,"column":0},"end":{"line":19,"column":45}},"4":{"start":{"line":22,"column":0},"end":{"line":26,"column":9}},"5":{"start":{"line":92,"column":0},"end":{"line":92,"column":13}},"6":{"start":{"line":94,"column":0},"end":{"line":96,"column":3}},"7":{"start":{"line":97,"column":0},"end":{"line":97,"column":24}},"8":{"start":{"line":98,"column":11},"end":{"line":98,"column":25}},"9":{"start":{"line":99,"column":19},"end":{"line":101,"column":1}},"10":{"start":{"line":102,"column":19},"end":{"line":106,"column":1}},"11":{"start":{"line":107,"column":32},"end":{"line":111,"column":89}},"12":{"start":{"line":112,"column":32},"end":{"line":116,"column":88}},"13":{"start":{"line":117,"column":32},"end":{"line":121,"column":89}},"14":{"start":{"line":122,"column":32},"end":{"line":126,"column":87}},"15":{"start":{"line":127,"column":32},"end":{"line":127,"column":96}},"16":{"start":{"line":128,"column":32},"end":{"line":132,"column":99}},"17":{"start":{"line":133,"column":19},"end":{"line":137,"column":1}},"18":{"start":{"line":139,"column":28},"end":{"line":139,"column":64}},"19":{"start":{"line":140,"column":28},"end":{"line":140,"column":64}},"20":{"start":{"line":141,"column":30},"end":{"line":141,"column":68}},"21":{"start":{"line":142,"column":36},"end":{"line":142,"column":80}},"22":{"start":{"line":143,"column":28},"end":{"line":143,"column":64}},"23":{"start":{"line":144,"column":29},"end":{"line":144,"column":66}},"24":{"start":{"line":145,"column":31},"end":{"line":145,"column":70}},"25":{"start":{"line":146,"column":38},"end":{"line":146,"column":84}},"26":{"start":{"line":147,"column":33},"end":{"line":147,"column":74}},"27":{"start":{"line":148,"column":2},"end":{"line":366,"column":5}},"28":{"start":{"line":151,"column":37},"end":{"line":364,"column":7}},"29":{"start":{"line":152,"column":37},"end":{"line":161,"column":9}},"30":{"start":{"line":159,"column":41},"end":{"line":159,"column":707}},"31":{"start":{"line":162,"column":39},"end":{"line":362,"column":11}},"32":{"start":{"line":168,"column":41},"end":{"line":233,"column":82}},"33":{"start":{"line":175,"column":43},"end":{"line":199,"column":13}},"34":{"start":{"line":179,"column":45},"end":{"line":185,"column":15}},"35":{"start":{"line":183,"column":47},"end":{"line":183,"column":59}},"36":{"start":{"line":191,"column":45},"end":{"line":197,"column":63}},"37":{"start":{"line":193,"column":73},"end":{"line":193,"column":107}},"38":{"start":{"line":207,"column":43},"end":{"line":231,"column":13}},"39":{"start":{"line":211,"column":45},"end":{"line":217,"column":15}},"40":{"start":{"line":215,"column":47},"end":{"line":215,"column":59}},"41":{"start":{"line":223,"column":45},"end":{"line":229,"column":63}},"42":{"start":{"line":225,"column":73},"end":{"line":225,"column":103}},"43":{"start":{"line":241,"column":41},"end":{"line":310,"column":82}},"44":{"start":{"line":248,"column":43},"end":{"line":274,"column":13}},"45":{"start":{"line":252,"column":45},"end":{"line":258,"column":15}},"46":{"start":{"line":256,"column":47},"end":{"line":256,"column":59}},"47":{"start":{"line":264,"column":45},"end":{"line":272,"column":72}},"48":{"start":{"line":266,"column":73},"end":{"line":266,"column":108}},"49":{"start":{"line":282,"column":43},"end":{"line":308,"column":13}},"50":{"start":{"line":286,"column":45},"end":{"line":292,"column":15}},"51":{"start":{"line":290,"column":47},"end":{"line":290,"column":59}},"52":{"start":{"line":298,"column":45},"end":{"line":306,"column":72}},"53":{"start":{"line":300,"column":73},"end":{"line":300,"column":106}},"54":{"start":{"line":318,"column":41},"end":{"line":351,"column":11}},"55":{"start":{"line":324,"column":43},"end":{"line":349,"column":13}},"56":{"start":{"line":328,"column":45},"end":{"line":334,"column":15}},"57":{"start":{"line":332,"column":47},"end":{"line":332,"column":59}},"58":{"start":{"line":340,"column":45},"end":{"line":347,"column":63}},"59":{"start":{"line":344,"column":73},"end":{"line":344,"column":113}},"60":{"start":{"line":355,"column":53},"end":{"line":355,"column":84}},"61":{"start":{"line":357,"column":41},"end":{"line":360,"column":50}},"62":{"start":{"line":358,"column":43},"end":{"line":358,"column":85}},"63":{"start":{"line":367,"column":2},"end":{"line":367,"column":49}}},"fnMap":{"0":{"name":"render","decl":{"start":{"line":138,"column":9},"end":{"line":138,"column":15}},"loc":{"start":{"line":138,"column":30},"end":{"line":367,"column":1}},"line":138},"1":{"name":"(anonymous_1)","decl":{"start":{"line":151,"column":31},"end":{"line":151,"column":32}},"loc":{"start":{"line":151,"column":37},"end":{"line":364,"column":7}},"line":151},"2":{"name":"(anonymous_2)","decl":{"start":{"line":152,"column":31},"end":{"line":152,"column":32}},"loc":{"start":{"line":152,"column":37},"end":{"line":161,"column":9}},"line":152},"3":{"name":"(anonymous_3)","decl":{"start":{"line":159,"column":35},"end":{"line":159,"column":36}},"loc":{"start":{"line":159,"column":41},"end":{"line":159,"column":707}},"line":159},"4":{"name":"(anonymous_4)","decl":{"start":{"line":162,"column":33},"end":{"line":162,"column":34}},"loc":{"start":{"line":162,"column":39},"end":{"line":362,"column":11}},"line":162},"5":{"name":"(anonymous_5)","decl":{"start":{"line":168,"column":35},"end":{"line":168,"column":36}},"loc":{"start":{"line":168,"column":41},"end":{"line":233,"column":82}},"line":168},"6":{"name":"(anonymous_6)","decl":{"start":{"line":175,"column":37},"end":{"line":175,"column":38}},"loc":{"start":{"line":175,"column":43},"end":{"line":199,"column":13}},"line":175},"7":{"name":"(anonymous_7)","decl":{"start":{"line":179,"column":39},"end":{"line":179,"column":40}},"loc":{"start":{"line":179,"column":45},"end":{"line":185,"column":15}},"line":179},"8":{"name":"(anonymous_8)","decl":{"start":{"line":183,"column":41},"end":{"line":183,"column":42}},"loc":{"start":{"line":183,"column":47},"end":{"line":183,"column":59}},"line":183},"9":{"name":"(anonymous_9)","decl":{"start":{"line":191,"column":39},"end":{"line":191,"column":40}},"loc":{"start":{"line":191,"column":45},"end":{"line":197,"column":63}},"line":191},"10":{"name":"(anonymous_10)","decl":{"start":{"line":193,"column":63},"end":{"line":193,"column":64}},"loc":{"start":{"line":193,"column":73},"end":{"line":193,"column":107}},"line":193},"11":{"name":"(anonymous_11)","decl":{"start":{"line":207,"column":37},"end":{"line":207,"column":38}},"loc":{"start":{"line":207,"column":43},"end":{"line":231,"column":13}},"line":207},"12":{"name":"(anonymous_12)","decl":{"start":{"line":211,"column":39},"end":{"line":211,"column":40}},"loc":{"start":{"line":211,"column":45},"end":{"line":217,"column":15}},"line":211},"13":{"name":"(anonymous_13)","decl":{"start":{"line":215,"column":41},"end":{"line":215,"column":42}},"loc":{"start":{"line":215,"column":47},"end":{"line":215,"column":59}},"line":215},"14":{"name":"(anonymous_14)","decl":{"start":{"line":223,"column":39},"end":{"line":223,"column":40}},"loc":{"start":{"line":223,"column":45},"end":{"line":229,"column":63}},"line":223},"15":{"name":"(anonymous_15)","decl":{"start":{"line":225,"column":63},"end":{"line":225,"column":64}},"loc":{"start":{"line":225,"column":73},"end":{"line":225,"column":103}},"line":225},"16":{"name":"(anonymous_16)","decl":{"start":{"line":241,"column":35},"end":{"line":241,"column":36}},"loc":{"start":{"line":241,"column":41},"end":{"line":310,"column":82}},"line":241},"17":{"name":"(anonymous_17)","decl":{"start":{"line":248,"column":37},"end":{"line":248,"column":38}},"loc":{"start":{"line":248,"column":43},"end":{"line":274,"column":13}},"line":248},"18":{"name":"(anonymous_18)","decl":{"start":{"line":252,"column":39},"end":{"line":252,"column":40}},"loc":{"start":{"line":252,"column":45},"end":{"line":258,"column":15}},"line":252},"19":{"name":"(anonymous_19)","decl":{"start":{"line":256,"column":41},"end":{"line":256,"column":42}},"loc":{"start":{"line":256,"column":47},"end":{"line":256,"column":59}},"line":256},"20":{"name":"(anonymous_20)","decl":{"start":{"line":264,"column":39},"end":{"line":264,"column":40}},"loc":{"start":{"line":264,"column":45},"end":{"line":272,"column":72}},"line":264},"21":{"name":"(anonymous_21)","decl":{"start":{"line":266,"column":63},"end":{"line":266,"column":64}},"loc":{"start":{"line":266,"column":73},"end":{"line":266,"column":108}},"line":266},"22":{"name":"(anonymous_22)","decl":{"start":{"line":282,"column":37},"end":{"line":282,"column":38}},"loc":{"start":{"line":282,"column":43},"end":{"line":308,"column":13}},"line":282},"23":{"name":"(anonymous_23)","decl":{"start":{"line":286,"column":39},"end":{"line":286,"column":40}},"loc":{"start":{"line":286,"column":45},"end":{"line":292,"column":15}},"line":286},"24":{"name":"(anonymous_24)","decl":{"start":{"line":290,"column":41},"end":{"line":290,"column":42}},"loc":{"start":{"line":290,"column":47},"end":{"line":290,"column":59}},"line":290},"25":{"name":"(anonymous_25)","decl":{"start":{"line":298,"column":39},"end":{"line":298,"column":40}},"loc":{"start":{"line":298,"column":45},"end":{"line":306,"column":72}},"line":298},"26":{"name":"(anonymous_26)","decl":{"start":{"line":300,"column":63},"end":{"line":300,"column":64}},"loc":{"start":{"line":300,"column":73},"end":{"line":300,"column":106}},"line":300},"27":{"name":"(anonymous_27)","decl":{"start":{"line":318,"column":35},"end":{"line":318,"column":36}},"loc":{"start":{"line":318,"column":41},"end":{"line":351,"column":11}},"line":318},"28":{"name":"(anonymous_28)","decl":{"start":{"line":324,"column":37},"end":{"line":324,"column":38}},"loc":{"start":{"line":324,"column":43},"end":{"line":349,"column":13}},"line":324},"29":{"name":"(anonymous_29)","decl":{"start":{"line":328,"column":39},"end":{"line":328,"column":40}},"loc":{"start":{"line":328,"column":45},"end":{"line":334,"column":15}},"line":328},"30":{"name":"(anonymous_30)","decl":{"start":{"line":332,"column":41},"end":{"line":332,"column":42}},"loc":{"start":{"line":332,"column":47},"end":{"line":332,"column":59}},"line":332},"31":{"name":"(anonymous_31)","decl":{"start":{"line":340,"column":39},"end":{"line":340,"column":40}},"loc":{"start":{"line":340,"column":45},"end":{"line":347,"column":63}},"line":340},"32":{"name":"(anonymous_32)","decl":{"start":{"line":344,"column":63},"end":{"line":344,"column":64}},"loc":{"start":{"line":344,"column":73},"end":{"line":344,"column":113}},"line":344},"33":{"name":"(anonymous_33)","decl":{"start":{"line":355,"column":43},"end":{"line":355,"column":44}},"loc":{"start":{"line":355,"column":53},"end":{"line":355,"column":84}},"line":355},"34":{"name":"(anonymous_34)","decl":{"start":{"line":357,"column":35},"end":{"line":357,"column":36}},"loc":{"start":{"line":357,"column":41},"end":{"line":360,"column":50}},"line":357},"35":{"name":"(anonymous_35)","decl":{"start":{"line":358,"column":37},"end":{"line":358,"column":38}},"loc":{"start":{"line":358,"column":43},"end":{"line":358,"column":85}},"line":358}},"branchMap":{"0":{"loc":{"start":{"line":193,"column":37},"end":{"line":193,"column":108}},"type":"binary-expr","locations":[{"start":{"line":193,"column":37},"end":{"line":193,"column":46}},{"start":{"line":193,"column":51},"end":{"line":193,"column":107}}],"line":193},"1":{"loc":{"start":{"line":225,"column":37},"end":{"line":225,"column":104}},"type":"binary-expr","locations":[{"start":{"line":225,"column":37},"end":{"line":225,"column":46}},{"start":{"line":225,"column":51},"end":{"line":225,"column":103}}],"line":225},"2":{"loc":{"start":{"line":266,"column":37},"end":{"line":266,"column":109}},"type":"binary-expr","locations":[{"start":{"line":266,"column":37},"end":{"line":266,"column":46}},{"start":{"line":266,"column":51},"end":{"line":266,"column":108}}],"line":266},"3":{"loc":{"start":{"line":300,"column":37},"end":{"line":300,"column":107}},"type":"binary-expr","locations":[{"start":{"line":300,"column":37},"end":{"line":300,"column":46}},{"start":{"line":300,"column":51},"end":{"line":300,"column":106}}],"line":300},"4":{"loc":{"start":{"line":344,"column":37},"end":{"line":344,"column":114}},"type":"binary-expr","locations":[{"start":{"line":344,"column":37},"end":{"line":344,"column":46}},{"start":{"line":344,"column":51},"end":{"line":344,"column":113}}],"line":344},"5":{"loc":{"start":{"line":355,"column":17},"end":{"line":355,"column":85}},"type":"binary-expr","locations":[{"start":{"line":355,"column":17},"end":{"line":355,"column":26}},{"start":{"line":355,"column":31},"end":{"line":355,"column":84}}],"line":355}},"s":{"0":1,"1":1,"2":1,"3":1,"4":1,"5":1,"6":1,"7":1,"8":1,"9":1,"10":1,"11":1,"12":1,"13":1,"14":1,"15":1,"16":1,"17":1,"18":6,"19":6,"20":6,"21":6,"22":6,"23":6,"24":6,"25":6,"26":6,"27":6,"28":6,"29":0,"30":0,"31":6,"32":6,"33":6,"34":6,"35":6,"36":6,"37":0,"38":6,"39":6,"40":6,"41":6,"42":0,"43":6,"44":6,"45":6,"46":6,"47":6,"48":0,"49":6,"50":6,"51":6,"52":6,"53":0,"54":6,"55":6,"56":6,"57":6,"58":6,"59":0,"60":1,"61":6,"62":6,"63":1},"f":{"0":6,"1":6,"2":0,"3":0,"4":6,"5":6,"6":6,"7":6,"8":6,"9":6,"10":0,"11":6,"12":6,"13":6,"14":6,"15":0,"16":6,"17":6,"18":6,"19":6,"20":6,"21":0,"22":6,"23":6,"24":6,"25":6,"26":0,"27":6,"28":6,"29":6,"30":6,"31":6,"32":0,"33":1,"34":6,"35":6},"b":{"0":[6,6],"1":[6,6],"2":[6,6],"3":[6,6],"4":[6,6],"5":[6,6]},"inputSourceMap":{"0":"{","1":"\"","2":"v","3":"e","4":"r","5":"s","6":"i","7":"o","8":"n","9":"\"","10":":","11":"3","12":",","13":"\"","14":"s","15":"o","16":"u","17":"r","18":"c","19":"e","20":"s","21":"\"","22":":","23":"[","24":"\"","25":"/","26":"U","27":"s","28":"e","29":"r","30":"s","31":"/","32":"s","33":"y","34":"e","35":"d","36":"t","37":"a","38":"l","39":"h","40":"a","41":"a","42":"h","43":"m","44":"e","45":"d","46":"g","47":"a","48":"r","49":"d","50":"a","51":"z","52":"i","53":"/","54":"D","55":"e","56":"s","57":"k","58":"t","59":"o","60":"p","61":"/","62":"S","63":"e","64":"l","65":"f","66":" ","67":"C","68":"o","69":"d","70":"i","71":"n","72":"g","73":".","74":"n","75":"o","76":"s","77":"y","78":"n","79":"c","80":"/","81":"F","82":"i","83":"n","84":"a","85":"l","86":"i","87":"z","88":"e","89":"d","90":"/","91":"r","92":"e","93":"s","94":"u","95":"m","96":"e","97":"-","98":"b","99":"u","100":"i","101":"l","102":"d","103":"e","104":"r","105":"/","106":"s","107":"r","108":"c","109":"/","110":"c","111":"o","112":"m","113":"p","114":"o","115":"n","116":"e","117":"n","118":"t","119":"s","120":"/","121":"C","122":"e","123":"r","124":"t","125":"i","126":"f","127":"i","128":"c","129":"a","130":"t","131":"e","132":"C","133":"a","134":"r","135":"d","136":".","137":"v","138":"u","139":"e","140":"\"","141":"]","142":",","143":"\"","144":"n","145":"a","146":"m","147":"e","148":"s","149":"\"","150":":","151":"[","152":"]","153":",","154":"\"","155":"m","156":"a","157":"p","158":"p","159":"i","160":"n","161":"g","162":"s","163":"\"","164":":","165":"\"","166":";","167":";","168":";","169":";","170":";","171":";","172":";","173":";","174":"A","175":"A","176":"o","177":"H","178":"A","179":";","180":"A","181":"A","182":"A","183":"A","184":";","185":"A","186":"A","187":"A","188":"A","189":";","190":"A","191":"A","192":"C","193":"A","194":";","195":"A","196":"A","197":"A","198":"A","199":";","200":"A","201":"A","202":"A","203":"A","204":";","205":"A","206":"A","207":"C","208":"A","209":",","210":"M","211":"A","212":"A","213":"M","214":",","215":"I","216":"A","217":"A","218":"I","219":";","220":"A","221":"A","222":"A","223":"G","224":";","225":"A","226":"A","227":"A","228":"A","229":";","230":"A","231":"A","232":"A","233":"A","234":";","235":"A","236":"A","237":"A","238":"A","239":",","240":"G","241":"A","242":"A","243":"G","244":",","245":"G","246":"A","247":"A","248":"G","249":",","250":"S","251":"A","252":"A","253":"S","254":",","255":"G","256":"A","257":"A","258":"G","259":",","260":"O","261":"A","262":"A","263":"O","264":",","265":"G","266":"A","267":"A","268":"G","269":",","270":"O","271":"A","272":"A","273":"O","274":",","275":"G","276":"A","277":"A","278":"I","279":",","280":"O","281":"A","282":"A","283":"Q","284":";","285":"A","286":"A","287":"C","288":"5","289":"D","290":",","291":"M","292":"A","293":"A","294":"M","295":",","296":"U","297":"A","298":"A","299":"U","300":";","301":"A","302":"A","303":"A","304":"G","305":";","306":"A","307":"A","308":"A","309":"A","310":";","311":"A","312":"A","313":"A","314":"A","315":";","316":"A","317":"A","318":"A","319":"A","320":";","321":"A","322":"A","323":"A","324":"A","325":";","326":"A","327":"A","328":"A","329":"A","330":",","331":"G","332":"A","333":"A","334":"G","335":",","336":"E","337":"A","338":"A","339":"C","340":",","341":"G","342":"A","343":"A","344":"G","345":",","346":"C","347":"A","348":"A","349":"C","350":";","351":"A","352":"A","353":"A","354":"A","355":";","356":"A","357":"A","358":"A","359":"A","360":",","361":"i","362":"C","363":"A","364":"E","365":"Z","366":";","367":"E","368":"A","369":"C","370":"X","371":",","372":"K","373":"A","374":"A","375":"K","376":",","377":"E","378":"A","379":"A","380":"E","381":";","382":"I","383":"A","384":"C","385":"H","386":",","387":"E","388":"A","389":"A","390":"E","391":",","392":"E","393":"A","394":"A","395":"E","396":",","397":"M","398":"A","399":"A","400":"M","401":";","402":"I","403":"A","404":"C","405":"V","406":",","407":"Q","408":"A","409":"A","410":"Q","411":",","412":"E","413":"A","414":"A","415":"E","416":",","417":"M","418":"A","419":"A","420":"M","421":";","422":"I","423":"A","424":"C","425":"h","426":"B","427":",","428":"I","429":"A","430":"A","431":"I","432":",","433":"E","434":"A","435":"A","436":"E","437":",","438":"M","439":"A","440":"A","441":"M","442":";","443":"I","444":"A","445":"C","446":"Z","447":",","448":"S","449":"A","450":"A","451":"S","452":",","453":"E","454":"A","455":"A","456":"E","457":",","458":"M","459":"A","460":"A","461":"M","462":";","463":"I","464":"A","465":"C","466":"j","467":"B","468":",","469":"O","470":"A","471":"A","472":"O","473":",","474":"E","475":"A","476":"A","477":"E","478":",","479":"M","480":"A","481":"A","482":"M","483":";","484":"I","485":"A","486":"C","487":"f","488":",","489":"e","490":"A","491":"A","492":"e","493":",","494":"E","495":"A","496":"A","497":"E","498":",","499":"M","500":"A","501":"A","502":"M","503":";","504":"I","505":"A","506":"C","507":"v","508":"B","509":",","510":"c","511":"A","512":"A","513":"c","514":",","515":"E","516":"A","517":"A","518":"E","519":";","520":"E","521":"A","522":"C","523":"p","524":"B","525":",","526":"C","527":"A","528":"A","529":"C","530":";","531":"E","532":"A","533":"C","534":"D","535":",","536":"K","537":"A","538":"A","539":"K","540":",","541":"E","542":"A","543":"A","544":"E","545":",","546":"C","547":"A","548":"A","549":"C","550":",","551":"U","552":"A","553":"A","554":"U","555":",","556":"E","557":"A","558":"A","559":"E","560":",","561":"U","562":"A","563":"A","564":"U","565":",","566":"C","567":"A","568":"A","569":"C","570":";","571":"E","572":"A","573":"C","574":"/","575":"B","576":",","577":"I","578":"A","579":"A","580":"I","581":",","582":"G","583":"A","584":"A","585":"G","586":";","587":"I","588":"A","589":"C","590":"H","591":",","592":"O","593":"A","594":"A","595":"O","596":";","597":"M","598":"A","599":"C","600":"H","601":",","602":"W","603":"A","604":"A","605":"W","606":",","607":"E","608":"A","609":"A","610":"E","611":";","612":"Q","613":"A","614":"C","615":"T","616":",","617":"E","618":"A","619":"A","620":"E","621":",","622":"E","623":"A","624":"A","625":"E","626":",","627":"I","628":"A","629":"A","630":"I","631":",","632":"C","633":"A","634":"A","635":"C","636":",","637":"E","638":"A","639":"A","640":"E","641":";","642":"Q","643":"A","644":"C","645":"X","646":",","647":"Q","648":"A","649":"A","650":"Q","651":",","652":"E","653":"A","654":"A","655":"E","656":",","657":"I","658":"A","659":"A","660":"I","661":",","662":"C","663":"A","664":"A","665":"C","666":",","667":"Q","668":"A","669":"A","670":"Q","671":";","672":"Q","673":"A","674":"C","675":"v","676":"B","677":",","678":"S","679":"A","680":"A","681":"S","682":",","683":"E","684":"A","685":"A","686":"E","687":",","688":"I","689":"A","690":"A","691":"I","692":",","693":"C","694":"A","695":"A","696":"C","697":",","698":"S","699":"A","700":"A","701":"S","702":";","703":"Q","704":"A","705":"C","706":"z","707":"B","708":",","709":"O","710":"A","711":"A","712":"O","713":",","714":"E","715":"A","716":"A","717":"E","718":",","719":"I","720":"A","721":"A","722":"I","723":",","724":"C","725":"A","726":"A","727":"C","728":",","729":"O","730":"A","731":"A","732":"O","733":";","734":"Q","735":"A","736":"C","737":"r","738":"B","739":",","740":"I","741":"A","742":"A","743":"I","744":",","745":"E","746":"A","747":"A","748":"E","749":",","750":"I","751":"A","752":"A","753":"I","754":",","755":"C","756":"A","757":"A","758":"C","759":",","760":"I","761":"A","762":"A","763":"I","764":";","765":"Q","766":"A","767":"C","768":"f","769":",","770":"e","771":"A","772":"A","773":"e","774":",","775":"E","776":"A","777":"A","778":"E","779":",","780":"I","781":"A","782":"A","783":"I","784":",","785":"C","786":"A","787":"A","788":"C","789":",","790":"e","791":"A","792":"A","793":"e","794":";","795":"Q","796":"A","797":"C","798":"r","799":"C","800":",","801":"c","802":"A","803":"A","804":"c","805":",","806":"E","807":"A","808":"A","809":"E","810":",","811":"I","812":"A","813":"A","814":"I","815":",","816":"C","817":"A","818":"A","819":"C","820":";","821":"M","822":"A","823":"C","824":"z","825":"B","826":",","827":"C","828":"A","829":"A","830":"C","831":";","832":"M","833":"A","834":"C","835":"D","836":",","837":"W","838":"A","839":"A","840":"W","841":",","842":"E","843":"A","844":"A","845":"E","846":";","847":"I","848":"A","849":"C","850":"j","851":"B","852":",","853":"C","854":"A","855":"A","856":"C","857":";","858":"E","859":"A","860":"C","861":"L","862":",","863":"C","864":"A","865":"A","866":"C","867":";","868":"E","869":"A","870":"E","871":"D","872":",","873":"O","874":"A","875":"A","876":"O","877":",","878":"E","879":"A","880":"A","881":"E","882":";","883":"I","884":"A","885":"C","886":"L","887":",","888":"W","889":"A","890":"A","891":"W","892":",","893":"C","894":"A","895":"A","896":"C","897":",","898":"K","899":"A","900":"A","901":"K","902":",","903":"E","904":"A","905":"A","906":"E","907":";","908":"M","909":"A","910":"C","911":"f","912":",","913":"M","914":"A","915":"A","916":"M","917":",","918":"M","919":"A","920":"A","921":"M","922":",","923":"G","924":"A","925":"A","926":"G","927":",","928":"Q","929":"A","930":"A","931":"Q","932":";","933":"M","934":"A","935":"C","936":"v","937":"B","938":",","939":"M","940":"A","941":"A","942":"M","943":",","944":"S","945":"A","946":"A","947":"S","948":",","949":"G","950":"A","951":"A","952":"G","953":",","954":"I","955":"A","956":"A","957":"I","958":",","959":"C","960":"A","961":"A","962":"C","963":",","964":"W","965":"A","966":"A","967":"W","968":",","969":"C","970":"A","971":"A","972":"C","973":",","974":"c","975":"A","976":"A","977":"c","978":",","979":"C","980":"A","981":"A","982":"C","983":",","984":"M","985":"A","986":"A","987":"M","988":";","989":"M","990":"A","991":"E","992":"x","993":"D","994":",","995":"M","996":"A","997":"A","998":"M","999":",","1000":"a","1001":"A","1002":"A","1003":"a","1004":",","1005":"G","1006":"A","1007":"A","1008":"G","1009":",","1010":"I","1011":"A","1012":"A","1013":"I","1014":",","1015":"C","1016":"A","1017":"A","1018":"C","1019":",","1020":"W","1021":"A","1022":"A","1023":"W","1024":",","1025":"C","1026":"A","1027":"A","1028":"C","1029":",","1030":"c","1031":"A","1032":"A","1033":"c","1034":",","1035":"C","1036":"A","1037":"C","1038":"h","1039":"D","1040":",","1041":"M","1042":"A","1043":"A","1044":"M","1045":",","1046":"C","1047":"A","1048":"A","1049":"C","1050":",","1051":"C","1052":"A","1053":"A","1054":"C","1055":",","1056":"C","1057":"A","1058":"A","1059":"C","1060":",","1061":"C","1062":"A","1063":"A","1064":"C","1065":",","1066":"C","1067":"A","1068":"C","1069":"V","1070":",","1071":"U","1072":"A","1073":"A","1074":"U","1075":",","1076":"C","1077":"A","1078":"A","1079":"C","1080":",","1081":"C","1082":"A","1083":"A","1084":"C","1085":",","1086":"C","1087":"A","1088":"A","1089":"C","1090":";","1091":"M","1092":"A","1093":"E","1094":"l","1095":"B","1096":",","1097":"I","1098":"A","1099":"A","1100":"I","1101":",","1102":"S","1103":"A","1104":"A","1105":"S","1106":",","1107":"G","1108":"A","1109":"A","1110":"G","1111":",","1112":"I","1113":"A","1114":"A","1115":"I","1116":",","1117":"C","1118":"A","1119":"A","1120":"C","1121":",","1122":"W","1123":"A","1124":"A","1125":"W","1126":",","1127":"E","1128":"A","1129":"A","1130":"E","1131":";","1132":"Q","1133":"A","1134":"C","1135":"9","1136":"B","1137":",","1138":"I","1139":"A","1140":"A","1141":"I","1142":",","1143":"a","1144":"A","1145":"A","1146":"a","1147":",","1148":"K","1149":"A","1150":"A","1151":"K","1152":",","1153":"E","1154":"A","1155":"A","1156":"E","1157":",","1158":"E","1159":"A","1160":"A","1161":"E","1162":";","1163":"U","1164":"A","1165":"C","1166":"t","1167":"B","1168":",","1169":"M","1170":"A","1171":"A","1172":"M","1173":",","1174":"K","1175":"A","1176":"A","1177":"K","1178":",","1179":"G","1180":"A","1181":"A","1182":"G","1183":",","1184":"I","1185":"A","1186":"A","1187":"I","1188":",","1189":"C","1190":"A","1191":"A","1192":"C","1193":",","1194":"W","1195":"A","1196":"A","1197":"W","1198":",","1199":"C","1200":"A","1201":"A","1202":"C","1203":",","1204":"c","1205":"A","1206":"A","1207":"c","1208":",","1209":"C","1210":"A","1211":"A","1212":"C","1213":",","1214":"K","1215":"A","1216":"A","1217":"K","1218":",","1219":"C","1220":"A","1221":"A","1222":"C","1223":",","1224":"I","1225":"A","1226":"A","1227":"I","1228":",","1229":"C","1230":"A","1231":"A","1232":"C","1233":";","1234":"U","1235":"A","1236":"C","1237":"z","1238":"D","1239":",","1240":"M","1241":"A","1242":"A","1243":"M","1244":",","1245":"W","1246":"A","1247":"A","1248":"W","1249":",","1250":"G","1251":"A","1252":"A","1253":"G","1254":",","1255":"K","1256":"A","1257":"A","1258":"K","1259":",","1260":"C","1261":"A","1262":"A","1263":"C","1264":",","1265":"K","1266":"A","1267":"A","1268":"K","1269":",","1270":"C","1271":"A","1272":"A","1273":"C","1274":",","1275":"M","1276":"A","1277":"A","1278":"M","1279":",","1280":"G","1281":"A","1282":"A","1283":"G","1284":",","1285":"C","1286":"A","1287":"A","1288":"C","1289":",","1290":"C","1291":"A","1292":"A","1293":"C","1294":";","1295":"U","1296":"A","1297":"C","1298":"3","1299":"C","1300":",","1301":"M","1302":"A","1303":"A","1304":"M","1305":",","1306":"W","1307":"A","1308":"A","1309":"W","1310":",","1311":"G","1312":"A","1313":"A","1314":"G","1315":",","1316":"I","1317":"A","1318":"A","1319":"I","1320":",","1321":"C","1322":"A","1323":"A","1324":"C","1325":",","1326":"c","1327":"A","1328":"A","1329":"c","1330":",","1331":"C","1332":"A","1333":"A","1334":"C","1335":",","1336":"W","1337":"A","1338":"A","1339":"W","1340":",","1341":"C","1342":"A","1343":"A","1344":"C","1345":";","1346":"U","1347":"A","1348":"C","1349":"p","1350":"D","1351":",","1352":"I","1353":"A","1354":"A","1355":"I","1356":",","1357":"C","1358":"A","1359":"A","1360":"C","1361":",","1362":"W","1363":"A","1364":"A","1365":"W","1366":",","1367":"C","1368":"A","1369":"A","1370":"C","1371":",","1372":"c","1373":"A","1374":"A","1375":"c","1376":",","1377":"G","1378":"A","1379":"A","1380":"I","1381":",","1382":"G","1383":"A","1384":"A","1385":"E","1386":",","1387":"I","1388":"A","1389":"A","1390":"I","1391":",","1392":"C","1393":"A","1394":"A","1395":"C","1396":",","1397":"W","1398":"A","1399":"A","1400":"W","1401":",","1402":"C","1403":"A","1404":"A","1405":"C","1406":",","1407":"c","1408":"A","1409":"A","1410":"e","1411":",","1412":"G","1413":"A","1414":"A","1415":"E","1416":",","1417":"W","1418":"A","1419":"A","1420":"Y","1421":",","1422":"G","1423":"A","1424":"A","1425":"E","1426":",","1427":"M","1428":"A","1429":"A","1430":"O","1431":",","1432":"G","1433":"A","1434":"A","1435":"E","1436":";","1437":"Q","1438":"A","1439":"C","1440":"l","1441":"G","1442":",","1443":"C","1444":"A","1445":"A","1446":"C","1447":",","1448":"M","1449":"A","1450":"A","1451":"M","1452":",","1453":"I","1454":"A","1455":"A","1456":"I","1457":",","1458":"S","1459":"A","1460":"A","1461":"S","1462":",","1463":"K","1464":"A","1465":"A","1466":"K","1467":",","1468":"C","1469":"A","1470":"A","1471":"C","1472":",","1473":"E","1474":"A","1475":"A","1476":"E","1477":";","1478":"U","1479":"A","1480":"C","1481":"x","1482":"B","1483":",","1484":"I","1485":"A","1486":"A","1487":"I","1488":",","1489":"C","1490":"A","1491":"A","1492":"C","1493":",","1494":"W","1495":"A","1496":"A","1497":"W","1498":",","1499":"C","1500":"A","1501":"A","1502":"C","1503":",","1504":"c","1505":"A","1506":"A","1507":"c","1508":",","1509":"G","1510":"A","1511":"A","1512":"I","1513":",","1514":"G","1515":"A","1516":"A","1517":"E","1518":",","1519":"M","1520":"A","1521":"A","1522":"O","1523":",","1524":"I","1525":"A","1526":"A","1527":"G","1528":",","1529":"I","1530":"A","1531":"A","1532":"I","1533":",","1534":"C","1535":"A","1536":"A","1537":"C","1538":",","1539":"W","1540":"A","1541":"A","1542":"W","1543":",","1544":"C","1545":"A","1546":"A","1547":"C","1548":",","1549":"c","1550":"A","1551":"A","1552":"e","1553":",","1554":"E","1555":"A","1556":"A","1557":"C","1558":";","1559":"Q","1560":"A","1561":"C","1562":"p","1563":"F","1564":";","1565":"M","1566":"A","1567":"C","1568":"J","1569":";","1570":"M","1571":"A","1572":"C","1573":"A","1574":",","1575":"I","1576":"A","1577":"A","1578":"I","1579":",","1580":"C","1581":"A","1582":"A","1583":"C","1584":",","1585":"W","1586":"A","1587":"A","1588":"W","1589":",","1590":"C","1591":"A","1592":"A","1593":"C","1594":",","1595":"e","1596":"A","1597":"A","1598":"e","1599":",","1600":"G","1601":"A","1602":"A","1603":"G","1604":",","1605":"I","1606":"A","1607":"A","1608":"I","1609":",","1610":"C","1611":"A","1612":"A","1613":"C","1614":",","1615":"W","1616":"A","1617":"A","1618":"W","1619":",","1620":"C","1621":"A","1622":"A","1623":"C","1624":",","1625":"c","1626":"A","1627":"A","1628":"c","1629":",","1630":"C","1631":"A","1632":"C","1633":"7","1634":"D","1635":",","1636":"O","1637":"A","1638":"A","1639":"O","1640":",","1641":"C","1642":"A","1643":"A","1644":"C","1645":",","1646":"K","1647":"A","1648":"A","1649":"K","1650":",","1651":"E","1652":"A","1653":"A","1654":"E","1655":",","1656":"E","1657":"A","1658":"A","1659":"E","1660":",","1661":"C","1662":"A","1663":"A","1664":"C","1665":",","1666":"C","1667":"A","1668":"C","1669":"l","1670":"B","1671":",","1672":"O","1673":"A","1674":"A","1675":"O","1676":",","1677":"C","1678":"A","1679":"A","1680":"C","1681":",","1682":"K","1683":"A","1684":"A","1685":"K","1686":",","1687":"E","1688":"A","1689":"A","1690":"E","1691":",","1692":"K","1693":"A","1694":"A","1695":"K","1696":",","1697":"C","1698":"A","1699":"A","1700":"C","1701":",","1702":"C","1703":"A","1704":"C","1705":"r","1706":"B","1707":",","1708":"K","1709":"A","1710":"A","1711":"K","1712":",","1713":"C","1714":"A","1715":"A","1716":"C","1717":",","1718":"K","1719":"A","1720":"A","1721":"K","1722":",","1723":"C","1724":"A","1725":"A","1726":"C","1727":";","1728":"M","1729":"A","1730":"E","1731":"j","1732":"B","1733":",","1734":"I","1735":"A","1736":"A","1737":"I","1738":",","1739":"C","1740":"A","1741":"A","1742":"C","1743":",","1744":"i","1745":"B","1746":"A","1747":"A","1748":"i","1749":"B","1750":",","1751":"C","1752":"A","1753":"A","1754":"C","1755":",","1756":"C","1757":"A","1758":"A","1759":"C","1760":";","1761":"M","1762":"A","1763":"C","1764":"x","1765":"B","1766":",","1767":"I","1768":"A","1769":"A","1770":"I","1771":",","1772":"C","1773":"A","1774":"A","1775":"C","1776":",","1777":"W","1778":"A","1779":"A","1780":"W","1781":",","1782":"G","1783":"A","1784":"A","1785":"G","1786":",","1787":"S","1788":"A","1789":"A","1790":"S","1791":";","1792":"I","1793":"A","1794":"C","1795":"h","1796":"C","1797":",","1798":"C","1799":"A","1800":"A","1801":"C","1802":";","1803":"I","1804":"A","1805":"C","1806":"D","1807":",","1808":"c","1809":"A","1810":"A","1811":"c","1812":",","1813":"C","1814":"A","1815":"A","1816":"C","1817":",","1818":"I","1819":"A","1820":"A","1821":"I","1822":",","1823":"E","1824":"A","1825":"A","1826":"E","1827":";","1828":"M","1829":"A","1830":"C","1831":"j","1832":"B","1833":",","1834":"M","1835":"A","1836":"A","1837":"M","1838":",","1839":"K","1840":"A","1841":"A","1842":"K","1843":",","1844":"G","1845":"A","1846":"A","1847":"G","1848":",","1849":"I","1850":"A","1851":"A","1852":"I","1853":",","1854":"C","1855":"A","1856":"A","1857":"C","1858":",","1859":"K","1860":"A","1861":"A","1862":"K","1863":",","1864":"C","1865":"A","1866":"A","1867":"C","1868":",","1869":"M","1870":"A","1871":"A","1872":"M","1873":",","1874":"C","1875":"A","1876":"A","1877":"C","1878":";","1879":"M","1880":"A","1881":"C","1882":"h","1883":"C","1884":",","1885":"O","1886":"A","1887":"A","1888":"O","1889":",","1890":"K","1891":"A","1892":"A","1893":"K","1894":",","1895":"G","1896":"A","1897":"A","1898":"G","1899":",","1900":"K","1901":"A","1902":"A","1903":"K","1904":",","1905":"C","1906":"A","1907":"A","1908":"C","1909":",","1910":"C","1911":"A","1912":"A","1913":"C","1914":",","1915":"C","1916":"A","1917":"A","1918":"C","1919":",","1920":"G","1921":"A","1922":"A","1923":"G","1924":",","1925":"E","1926":"A","1927":"A","1928":"E","1929":";","1930":"I","1931":"A","1932":"C","1933":"h","1934":"C","1935":",","1936":"C","1937":"A","1938":"A","1939":"C","1940":";","1941":"I","1942":"A","1943":"C","1944":"D","1945":",","1946":"U","1947":"A","1948":"A","1949":"U","1950":",","1951":"C","1952":"A","1953":"A","1954":"C","1955":",","1956":"G","1957":"A","1958":"A","1959":"G","1960":",","1961":"E","1962":"A","1963":"A","1964":"E","1965":";","1966":"M","1967":"A","1968":"C","1969":"Z","1970":",","1971":"O","1972":"A","1973":"A","1974":"O","1975":";","1976":"Q","1977":"A","1978":"A","1979":"A","1980":";","1981":"Q","1982":"A","1983":"A","1984":"A","1985":";","1986":"Q","1987":"A","1988":"A","1989":"A","1990":";","1991":"Q","1992":"A","1993":"A","1994":"A","1995":";","1996":"Q","1997":"A","1998":"A","1999":"A","2000":";","2001":"Q","2002":"A","2003":"A","2004":"A","2005":",","2006":"O","2007":"A","2008":"A","2009":"M","2010":",","2011":"E","2012":"A","2013":"A","2014":"C","2015":",","2016":"G","2017":"A","2018":"A","2019":"G","2020":",","2021":"C","2022":"A","2023":"A","2024":"C","2025":",","2026":"C","2027":"A","2028":"A","2029":"C","2030":",","2031":"M","2032":"A","2033":"A","2034":"M","2035":",","2036":"C","2037":"A","2038":"A","2039":"C","2040":",","2041":"W","2042":"A","2043":"A","2044":"W","2045":";","2046":"M","2047":"A","2048":"A","2049":"C","2050":";","2051":"I","2052":"A","2053":"C","2054":"1","2055":"C","2056":",","2057":"C","2058":"A","2059":"A","2060":"C","2061":";","2062":"I","2063":"A","2064":"C","2065":"D","2066":",","2067":"i","2068":"B","2069":"A","2070":"A","2071":"i","2072":"B","2073":",","2074":"G","2075":"A","2076":"A","2077":"G","2078":";","2079":"M","2080":"A","2081":"C","2082":"h","2083":"B","2084":";","2085":"M","2086":"A","2087":"C","2088":"A","2089":",","2090":"I","2091":"A","2092":"A","2093":"I","2094":",","2095":"C","2096":"A","2097":"A","2098":"C","2099":",","2100":"K","2101":"A","2102":"A","2103":"K","2104":",","2105":"C","2106":"A","2107":"A","2108":"C","2109":",","2110":"U","2111":"A","2112":"A","2113":"U","2114":",","2115":"E","2116":"A","2117":"A","2118":"E","2119":",","2120":"I","2121":"A","2122":"A","2123":"I","2124":",","2125":"C","2126":"A","2127":"A","2128":"C","2129":",","2130":"W","2131":"A","2132":"A","2133":"W","2134":",","2135":"C","2136":"A","2137":"A","2138":"C","2139":";","2140":"I","2141":"A","2142":"C","2143":"5","2144":"C","2145":";","2146":"E","2147":"A","2148":"C","2149":"J","2150":";","2151":"A","2152":"A","2153":"C","2154":"J","2155":",","2156":"C","2157":"A","2158":"A","2159":"C","2160":"\"","2161":",","2162":"\"","2163":"f","2164":"i","2165":"l","2166":"e","2167":"\"","2168":":","2169":"\"","2170":"/","2171":"U","2172":"s","2173":"e","2174":"r","2175":"s","2176":"/","2177":"s","2178":"y","2179":"e","2180":"d","2181":"t","2182":"a","2183":"l","2184":"h","2185":"a","2186":"a","2187":"h","2188":"m","2189":"e","2190":"d","2191":"g","2192":"a","2193":"r","2194":"d","2195":"a","2196":"z","2197":"i","2198":"/","2199":"D","2200":"e","2201":"s","2202":"k","2203":"t","2204":"o","2205":"p","2206":"/","2207":"S","2208":"e","2209":"l","2210":"f","2211":" ","2212":"C","2213":"o","2214":"d","2215":"i","2216":"n","2217":"g","2218":".","2219":"n","2220":"o","2221":"s","2222":"y","2223":"n","2224":"c","2225":"/","2226":"F","2227":"i","2228":"n","2229":"a","2230":"l","2231":"i","2232":"z","2233":"e","2234":"d","2235":"/","2236":"r","2237":"e","2238":"s","2239":"u","2240":"m","2241":"e","2242":"-","2243":"b","2244":"u","2245":"i","2246":"l","2247":"d","2248":"e","2249":"r","2250":"/","2251":"s","2252":"r","2253":"c","2254":"/","2255":"c","2256":"o","2257":"m","2258":"p","2259":"o","2260":"n","2261":"e","2262":"n","2263":"t","2264":"s","2265":"/","2266":"C","2267":"e","2268":"r","2269":"t","2270":"i","2271":"f","2272":"i","2273":"c","2274":"a","2275":"t","2276":"e","2277":"C","2278":"a","2279":"r","2280":"d","2281":".","2282":"v","2283":"u","2284":"e","2285":"\"","2286":",","2287":"\"","2288":"s","2289":"o","2290":"u","2291":"r","2292":"c","2293":"e","2294":"s","2295":"C","2296":"o","2297":"n","2298":"t","2299":"e","2300":"n","2301":"t","2302":"\"","2303":":","2304":"[","2305":"\"","2306":"<","2307":"t","2308":"e","2309":"m","2310":"p","2311":"l","2312":"a","2313":"t","2314":"e","2315":">","2316":"\\","2317":"n","2318":" ","2319":" ","2320":" ","2321":" ","2322":"<","2323":"e","2324":"l","2325":"-","2326":"c","2327":"o","2328":"l","2329":"l","2330":"a","2331":"p","2332":"s","2333":"e","2334":" ","2335":"a","2336":"c","2337":"c","2338":"o","2339":"r","2340":"d","2341":"i","2342":"o","2343":"n","2344":">","2345":"\\","2346":"n","2347":" ","2348":" ","2349":" ","2350":" ","2351":" ","2352":" ","2353":" ","2354":" ","2355":"<","2356":"e","2357":"l","2358":"-","2359":"c","2360":"o","2361":"l","2362":"l","2363":"a","2364":"p","2365":"s","2366":"e","2367":"-","2368":"i","2369":"t","2370":"e","2371":"m","2372":">","2373":"\\","2374":"n","2375":" ","2376":" ","2377":" ","2378":" ","2379":" ","2380":" ","2381":" ","2382":" ","2383":" ","2384":" ","2385":" ","2386":" ","2387":"<","2388":"!","2389":"-","2390":"-","2391":" ","2392":"T","2393":"i","2394":"t","2395":"l","2396":"e","2397":" ","2398":"f","2399":"o","2400":"r","2401":" ","2402":"t","2403":"h","2404":"e","2405":" ","2406":"e","2407":"l","2408":"-","2409":"c","2410":"o","2411":"l","2412":"l","2413":"a","2414":"p","2415":"s","2416":"e","2417":" ","2418":"-","2419":"-","2420":">","2421":"\\","2422":"n","2423":" ","2424":" ","2425":" ","2426":" ","2427":" ","2428":" ","2429":" ","2430":" ","2431":" ","2432":" ","2433":" ","2434":" ","2435":"<","2436":"t","2437":"e","2438":"m","2439":"p","2440":"l","2441":"a","2442":"t","2443":"e","2444":" ","2445":"#","2446":"t","2447":"i","2448":"t","2449":"l","2450":"e","2451":">","2452":"\\","2453":"n","2454":" ","2455":" ","2456":" ","2457":" ","2458":" ","2459":" ","2460":" ","2461":" ","2462":" ","2463":" ","2464":" ","2465":" ","2466":" ","2467":" ","2468":" ","2469":" ","2470":"<","2471":"e","2472":"l","2473":"-","2474":"c","2475":"o","2476":"l","2477":" ","2478":"c","2479":"l","2480":"a","2481":"s","2482":"s","2483":"=","2484":"\\","2485":"\"","2486":"p","2487":"a","2488":"-","2489":"0","2490":" ","2491":"m","2492":"x","2493":"-","2494":"a","2495":"u","2496":"t","2497":"o","2498":"\\","2499":"\"","2500":" ","2501":":","2502":"l","2503":"g","2504":"=","2505":"\\","2506":"\"","2507":"2","2508":"4","2509":"\\","2510":"\"","2511":" ","2512":":","2513":"m","2514":"d","2515":"=","2516":"\\","2517":"\"","2518":"2","2519":"4","2520":"\\","2521":"\"","2522":" ","2523":":","2524":"s","2525":"d","2526":"=","2527":"\\","2528":"\"","2529":"2","2530":"4","2531":"\\","2532":"\"","2533":" ","2534":":","2535":"s","2536":"p","2537":"a","2538":"n","2539":"=","2540":"\\","2541":"\"","2542":"2","2543":"4","2544":"\\","2545":"\"","2546":">","2547":"\\","2548":"n","2549":" ","2550":" ","2551":" ","2552":" ","2553":" ","2554":" ","2555":" ","2556":" ","2557":" ","2558":" ","2559":" ","2560":" ","2561":" ","2562":" ","2563":" ","2564":" ","2565":" ","2566":" ","2567":" ","2568":" ","2569":"<","2570":"!","2571":"-","2572":"-","2573":" ","2574":"<","2575":"b","2576":"r","2577":">","2578":" ","2579":"-","2580":"-","2581":">","2582":"\\","2583":"n","2584":" ","2585":" ","2586":" ","2587":" ","2588":" ","2589":" ","2590":" ","2591":" ","2592":" ","2593":" ","2594":" ","2595":" ","2596":" ","2597":" ","2598":" ","2599":" ","2600":" ","2601":" ","2602":" ","2603":" ","2604":"<","2605":"d","2606":"i","2607":"v","2608":" ","2609":"c","2610":"l","2611":"a","2612":"s","2613":"s","2614":"=","2615":"\\","2616":"\"","2617":"t","2618":"e","2619":"x","2620":"t","2621":"-","2622":"c","2623":"a","2624":"p","2625":"t","2626":"i","2627":"o","2628":"n","2629":"\\","2630":"\"","2631":">","2632":"{","2633":"{","2634":" ","2635":"c","2636":"u","2637":"r","2638":"r","2639":"e","2640":"n","2641":"t","2642":"D","2643":"a","2644":"t","2645":"a","2646":".","2647":"c","2648":"e","2649":"r","2650":"t","2651":"N","2652":"a","2653":"m","2654":"e","2655":" ","2656":"}","2657":"}","2658":" ","2659":"<","2660":"s","2661":"p","2662":"a","2663":"n","2664":" ","2665":"s","2666":"t","2667":"y","2668":"l","2669":"e","2670":"=","2671":"\\","2672":"\"","2673":"c","2674":"o","2675":"l","2676":"o","2677":"r","2678":":","2679":" ","2680":"g","2681":"r","2682":"e","2683":"y","2684":"\\","2685":"\"","2686":">","2687":"(","2688":"{","2689":"{","2690":"\\","2691":"n","2692":" ","2693":" ","2694":" ","2695":" ","2696":" ","2697":" ","2698":" ","2699":" ","2700":" ","2701":" ","2702":" ","2703":" ","2704":" ","2705":" ","2706":" ","2707":" ","2708":" ","2709":" ","2710":" ","2711":" ","2712":" ","2713":" ","2714":" ","2715":" ","2716":"f","2717":"o","2718":"r","2719":"m","2720":"a","2721":"t","2722":"D","2723":"a","2724":"t","2725":"e","2726":"(","2727":"c","2728":"u","2729":"r","2730":"r","2731":"e","2732":"n","2733":"t","2734":"D","2735":"a","2736":"t","2737":"a","2738":".","2739":"s","2740":"t","2741":"a","2742":"r","2743":"t","2744":"D","2745":"a","2746":"t","2747":"e","2748":")","2749":" ","2750":"}","2751":"}","2752":" ","2753":"-","2754":"\\","2755":"n","2756":" ","2757":" ","2758":" ","2759":" ","2760":" ","2761":" ","2762":" ","2763":" ","2764":" ","2765":" ","2766":" ","2767":" ","2768":" ","2769":" ","2770":" ","2771":" ","2772":" ","2773":" ","2774":" ","2775":" ","2776":" ","2777":" ","2778":" ","2779":" ","2780":" ","2781":" ","2782":" ","2783":" ","2784":"{","2785":"{","2786":" ","2787":"f","2788":"o","2789":"r","2790":"m","2791":"a","2792":"t","2793":"D","2794":"a","2795":"t","2796":"e","2797":"(","2798":"c","2799":"u","2800":"r","2801":"r","2802":"e","2803":"n","2804":"t","2805":"D","2806":"a","2807":"t","2808":"a","2809":".","2810":"e","2811":"n","2812":"d","2813":"D","2814":"a","2815":"t","2816":"e","2817":")","2818":" ","2819":"}","2820":"}","2821":")","2822":"<","2823":"/","2824":"s","2825":"p","2826":"a","2827":"n","2828":">","2829":"<","2830":"/","2831":"d","2832":"i","2833":"v","2834":">","2835":"\\","2836":"n","2837":" ","2838":" ","2839":" ","2840":" ","2841":" ","2842":" ","2843":" ","2844":" ","2845":" ","2846":" ","2847":" ","2848":" ","2849":" ","2850":" ","2851":" ","2852":" ","2853":" ","2854":" ","2855":" ","2856":" ","2857":"<","2858":"!","2859":"-","2860":"-","2861":" ","2862":"<","2863":"d","2864":"i","2865":"v","2866":" ","2867":"c","2868":"l","2869":"a","2870":"s","2871":"s","2872":"=","2873":"\\","2874":"\"","2875":"t","2876":"e","2877":"x","2878":"t","2879":"-","2880":"s","2881":"u","2882":"b","2883":"t","2884":"i","2885":"t","2886":"l","2887":"e","2888":"-","2889":"2","2890":"\\","2891":"\"","2892":" ","2893":"s","2894":"t","2895":"y","2896":"l","2897":"e","2898":"=","2899":"\\","2900":"\"","2901":"c","2902":"o","2903":"l","2904":"o","2905":"r","2906":":","2907":" ","2908":"g","2909":"r","2910":"e","2911":"y","2912":"\\","2913":"\"","2914":">","2915":"\\","2916":"n","2917":" ","2918":" ","2919":" ","2920":" ","2921":" ","2922":" ","2923":" ","2924":" ","2925":" ","2926":" ","2927":" ","2928":" ","2929":" ","2930":" ","2931":" ","2932":" ","2933":" ","2934":" ","2935":" ","2936":" ","2937":" ","2938":" ","2939":" ","2940":" ","2941":"{","2942":"{","2943":" ","2944":"f","2945":"o","2946":"r","2947":"m","2948":"a","2949":"t","2950":"D","2951":"a","2952":"t","2953":"e","2954":"(","2955":"c","2956":"u","2957":"r","2958":"r","2959":"e","2960":"n","2961":"t","2962":"D","2963":"a","2964":"t","2965":"a","2966":".","2967":"s","2968":"t","2969":"a","2970":"r","2971":"t","2972":"D","2973":"a","2974":"t","2975":"e","2976":")","2977":" ","2978":"}","2979":"}","2980":" ","2981":"-","2982":"\\","2983":"n","2984":" ","2985":" ","2986":" ","2987":" ","2988":" ","2989":" ","2990":" ","2991":" ","2992":" ","2993":" ","2994":" ","2995":" ","2996":" ","2997":" ","2998":" ","2999":" ","3000":" ","3001":" ","3002":" ","3003":" ","3004":" ","3005":" ","3006":" ","3007":" ","3008":"{","3009":"{","3010":" ","3011":"f","3012":"o","3013":"r","3014":"m","3015":"a","3016":"t","3017":"D","3018":"a","3019":"t","3020":"e","3021":"(","3022":"c","3023":"u","3024":"r","3025":"r","3026":"e","3027":"n","3028":"t","3029":"D","3030":"a","3031":"t","3032":"a","3033":".","3034":"e","3035":"n","3036":"d","3037":"D","3038":"a","3039":"t","3040":"e","3041":")","3042":" ","3043":"}","3044":"}","3045":"\\","3046":"n","3047":" ","3048":" ","3049":" ","3050":" ","3051":" ","3052":" ","3053":" ","3054":" ","3055":" ","3056":" ","3057":" ","3058":" ","3059":" ","3060":" ","3061":" ","3062":" ","3063":" ","3064":" ","3065":" ","3066":" ","3067":"<","3068":"/","3069":"d","3070":"i","3071":"v","3072":">","3073":" ","3074":"-","3075":"-","3076":">","3077":"\\","3078":"n","3079":" ","3080":" ","3081":" ","3082":" ","3083":" ","3084":" ","3085":" ","3086":" ","3087":" ","3088":" ","3089":" ","3090":" ","3091":" ","3092":" ","3093":" ","3094":" ","3095":"<","3096":"/","3097":"e","3098":"l","3099":"-","3100":"c","3101":"o","3102":"l","3103":">","3104":"\\","3105":"n","3106":" ","3107":" ","3108":" ","3109":" ","3110":" ","3111":" ","3112":" ","3113":" ","3114":" ","3115":" ","3116":" ","3117":" ","3118":"<","3119":"/","3120":"t","3121":"e","3122":"m","3123":"p","3124":"l","3125":"a","3126":"t","3127":"e","3128":">","3129":"\\","3130":"n","3131":" ","3132":" ","3133":" ","3134":" ","3135":" ","3136":" ","3137":" ","3138":" ","3139":" ","3140":" ","3141":" ","3142":" ","3143":"<","3144":"!","3145":"-","3146":"-","3147":" ","3148":"T","3149":"i","3150":"t","3151":"l","3152":"e","3153":" ","3154":"a","3155":"n","3156":"d","3157":" ","3158":"L","3159":"i","3160":"n","3161":"k","3162":" ","3163":"-","3164":"-","3165":">","3166":"\\","3167":"n","3168":" ","3169":" ","3170":" ","3171":" ","3172":" ","3173":" ","3174":" ","3175":" ","3176":" ","3177":" ","3178":" ","3179":" ","3180":"<","3181":"e","3182":"l","3183":"-","3184":"r","3185":"o","3186":"w","3187":" ","3188":":","3189":"l","3190":"g","3191":"=","3192":"\\","3193":"\"","3194":"2","3195":"4","3196":"\\","3197":"\"","3198":" ","3199":":","3200":"m","3201":"d","3202":"=","3203":"\\","3204":"\"","3205":"2","3206":"4","3207":"\\","3208":"\"","3209":" ","3210":":","3211":"s","3212":"d","3213":"=","3214":"\\","3215":"\"","3216":"2","3217":"4","3218":"\\","3219":"\"","3220":" ","3221":":","3222":"x","3223":"s","3224":"=","3225":"\\","3226":"\"","3227":"2","3228":"4","3229":"\\","3230":"\"","3231":">","3232":"\\","3233":"n","3234":" ","3235":" ","3236":" ","3237":" ","3238":" ","3239":" ","3240":" ","3241":" ","3242":" ","3243":" ","3244":" ","3245":" ","3246":" ","3247":" ","3248":" ","3249":" ","3250":"<","3251":"e","3252":"l","3253":"-","3254":"c","3255":"o","3256":"l","3257":" ","3258":":","3259":"s","3260":"p","3261":"a","3262":"n","3263":"=","3264":"\\","3265":"\"","3266":"1","3267":"2","3268":"\\","3269":"\"","3270":" ","3271":":","3272":"l","3273":"g","3274":"=","3275":"\\","3276":"\"","3277":"1","3278":"2","3279":"\\","3280":"\"","3281":" ","3282":":","3283":"x","3284":"s","3285":"=","3286":"\\","3287":"\"","3288":"2","3289":"4","3290":"\\","3291":"\"","3292":" ","3293":":","3294":"s","3295":"m","3296":"=","3297":"\\","3298":"\"","3299":"1","3300":"2","3301":"\\","3302":"\"","3303":" ","3304":":","3305":"m","3306":"d","3307":"=","3308":"\\","3309":"\"","3310":"1","3311":"2","3312":"\\","3313":"\"","3314":">","3315":"\\","3316":"n","3317":" ","3318":" ","3319":" ","3320":" ","3321":" ","3322":" ","3323":" ","3324":" ","3325":" ","3326":" ","3327":" ","3328":" ","3329":" ","3330":" ","3331":" ","3332":" ","3333":" ","3334":" ","3335":" ","3336":" ","3337":"<","3338":"!","3339":"-","3340":"-","3341":" ","3342":"T","3343":"i","3344":"t","3345":"l","3346":"e","3347":" ","3348":"-","3349":"-","3350":">","3351":"\\","3352":"n","3353":" ","3354":" ","3355":" ","3356":" ","3357":" ","3358":" ","3359":" ","3360":" ","3361":" ","3362":" ","3363":" ","3364":" ","3365":" ","3366":" ","3367":" ","3368":" ","3369":" ","3370":" ","3371":" ","3372":" ","3373":"<","3374":"e","3375":"l","3376":"-","3377":"r","3378":"o","3379":"w","3380":" ","3381":":","3382":"l","3383":"g","3384":"=","3385":"\\","3386":"\"","3387":"2","3388":"4","3389":"\\","3390":"\"","3391":" ","3392":":","3393":"m","3394":"d","3395":"=","3396":"\\","3397":"\"","3398":"2","3399":"4","3400":"\\","3401":"\"","3402":">","3403":"\\","3404":"n","3405":" ","3406":" ","3407":" ","3408":" ","3409":" ","3410":" ","3411":" ","3412":" ","3413":" ","3414":" ","3415":" ","3416":" ","3417":" ","3418":" ","3419":" ","3420":" ","3421":" ","3422":" ","3423":" ","3424":" ","3425":" ","3426":" ","3427":" ","3428":" ","3429":"<","3430":"e","3431":"l","3432":"-","3433":"c","3434":"o","3435":"l","3436":" ","3437":":","3438":"l","3439":"g","3440":"=","3441":"\\","3442":"\"","3443":"2","3444":"4","3445":"\\","3446":"\"","3447":" ","3448":":","3449":"m","3450":"d","3451":"=","3452":"\\","3453":"\"","3454":"2","3455":"4","3456":"\\","3457":"\"","3458":">","3459":"\\","3460":"n","3461":" ","3462":" ","3463":" ","3464":" ","3465":" ","3466":" ","3467":" ","3468":" ","3469":" ","3470":" ","3471":" ","3472":" ","3473":" ","3474":" ","3475":" ","3476":" ","3477":" ","3478":" ","3479":" ","3480":" ","3481":" ","3482":" ","3483":" ","3484":" ","3485":" ","3486":" ","3487":" ","3488":" ","3489":"<","3490":"d","3491":"i","3492":"v","3493":" ","3494":"s","3495":"t","3496":"y","3497":"l","3498":"e","3499":"=","3500":"\\","3501":"\"","3502":"t","3503":"e","3504":"x","3505":"t","3506":"-","3507":"a","3508":"l","3509":"i","3510":"g","3511":"n","3512":":","3513":"c","3514":"e","3515":"n","3516":"t","3517":"e","3518":"r","3519":";","3520":"\\","3521":"\"","3522":">","3523":"\\","3524":"n","3525":"\\","3526":"n","3527":" ","3528":" ","3529":" ","3530":" ","3531":" ","3532":" ","3533":" ","3534":" ","3535":" ","3536":" ","3537":" ","3538":" ","3539":" ","3540":" ","3541":" ","3542":" ","3543":" ","3544":" ","3545":" ","3546":" ","3547":" ","3548":" ","3549":" ","3550":" ","3551":" ","3552":" ","3553":" ","3554":" ","3555":" ","3556":" ","3557":" ","3558":" ","3559":"<","3560":"l","3561":"a","3562":"b","3563":"e","3564":"l","3565":">","3566":"T","3567":"i","3568":"t","3569":"l","3570":"e","3571":"<","3572":"/","3573":"l","3574":"a","3575":"b","3576":"e","3577":"l","3578":">","3579":"\\","3580":"n","3581":" ","3582":" ","3583":" ","3584":" ","3585":" ","3586":" ","3587":" ","3588":" ","3589":" ","3590":" ","3591":" ","3592":" ","3593":" ","3594":" ","3595":" ","3596":" ","3597":" ","3598":" ","3599":" ","3600":" ","3601":" ","3602":" ","3603":" ","3604":" ","3605":" ","3606":" ","3607":" ","3608":" ","3609":"<","3610":"/","3611":"d","3612":"i","3613":"v","3614":">","3615":"\\","3616":"n","3617":" ","3618":" ","3619":" ","3620":" ","3621":" ","3622":" ","3623":" ","3624":" ","3625":" ","3626":" ","3627":" ","3628":" ","3629":" ","3630":" ","3631":" ","3632":" ","3633":" ","3634":" ","3635":" ","3636":" ","3637":" ","3638":" ","3639":" ","3640":" ","3641":"<","3642":"/","3643":"e","3644":"l","3645":"-","3646":"c","3647":"o","3648":"l","3649":">","3650":"\\","3651":"n","3652":" ","3653":" ","3654":" ","3655":" ","3656":" ","3657":" ","3658":" ","3659":" ","3660":" ","3661":" ","3662":" ","3663":" ","3664":" ","3665":" ","3666":" ","3667":" ","3668":" ","3669":" ","3670":" ","3671":" ","3672":"<","3673":"/","3674":"e","3675":"l","3676":"-","3677":"r","3678":"o","3679":"w","3680":">","3681":"\\","3682":"n","3683":" ","3684":" ","3685":" ","3686":" ","3687":" ","3688":" ","3689":" ","3690":" ","3691":" ","3692":" ","3693":" ","3694":" ","3695":" ","3696":" ","3697":" ","3698":" ","3699":" ","3700":" ","3701":" ","3702":" ","3703":"<","3704":"e","3705":"l","3706":"-","3707":"r","3708":"o","3709":"w","3710":" ","3711":":","3712":"l","3713":"g","3714":"=","3715":"\\","3716":"\"","3717":"2","3718":"4","3719":"\\","3720":"\"","3721":" ","3722":":","3723":"m","3724":"d","3725":"=","3726":"\\","3727":"\"","3728":"2","3729":"4","3730":"\\","3731":"\"","3732":">","3733":"\\","3734":"n","3735":" ","3736":" ","3737":" ","3738":" ","3739":" ","3740":" ","3741":" ","3742":" ","3743":" ","3744":" ","3745":" ","3746":" ","3747":" ","3748":" ","3749":" ","3750":" ","3751":" ","3752":" ","3753":" ","3754":" ","3755":" ","3756":" ","3757":" ","3758":" ","3759":"<","3760":"e","3761":"l","3762":"-","3763":"i","3764":"n","3765":"p","3766":"u","3767":"t","3768":" ","3769":"v","3770":"-","3771":"m","3772":"o","3773":"d","3774":"e","3775":"l","3776":"=","3777":"\\","3778":"\"","3779":"c","3780":"u","3781":"r","3782":"r","3783":"e","3784":"n","3785":"t","3786":"D","3787":"a","3788":"t","3789":"a","3790":".","3791":"c","3792":"e","3793":"r","3794":"t","3795":"N","3796":"a","3797":"m","3798":"e","3799":"\\","3800":"\"","3801":" ","3802":"p","3803":"l","3804":"a","3805":"c","3806":"e","3807":"h","3808":"o","3809":"l","3810":"d","3811":"e","3812":"r","3813":"=","3814":"\\","3815":"\"","3816":"T","3817":"i","3818":"t","3819":"l","3820":"e","3821":"\\","3822":"\"","3823":" ","3824":"c","3825":"l","3826":"e","3827":"a","3828":"r","3829":"a","3830":"b","3831":"l","3832":"e","3833":"\\","3834":"n","3835":" ","3836":" ","3837":" ","3838":" ","3839":" ","3840":" ","3841":" ","3842":" ","3843":" ","3844":" ","3845":" ","3846":" ","3847":" ","3848":" ","3849":" ","3850":" ","3851":" ","3852":" ","3853":" ","3854":" ","3855":" ","3856":" ","3857":" ","3858":" ","3859":" ","3860":" ","3861":" ","3862":" ","3863":"@","3864":"i","3865":"n","3866":"p","3867":"u","3868":"t","3869":"=","3870":"\\","3871":"\"","3872":"u","3873":"p","3874":"d","3875":"a","3876":"t","3877":"e","3878":"C","3879":"e","3880":"r","3881":"t","3882":"i","3883":"f","3884":"i","3885":"c","3886":"a","3887":"t","3888":"e","3889":"\\","3890":"\"","3891":">","3892":"<","3893":"/","3894":"e","3895":"l","3896":"-","3897":"i","3898":"n","3899":"p","3900":"u","3901":"t","3902":">","3903":"\\","3904":"n","3905":" ","3906":" ","3907":" ","3908":" ","3909":" ","3910":" ","3911":" ","3912":" ","3913":" ","3914":" ","3915":" ","3916":" ","3917":" ","3918":" ","3919":" ","3920":" ","3921":" ","3922":" ","3923":" ","3924":" ","3925":"<","3926":"/","3927":"e","3928":"l","3929":"-","3930":"r","3931":"o","3932":"w","3933":">","3934":"\\","3935":"n","3936":" ","3937":" ","3938":" ","3939":" ","3940":" ","3941":" ","3942":" ","3943":" ","3944":" ","3945":" ","3946":" ","3947":" ","3948":" ","3949":" ","3950":" ","3951":" ","3952":"<","3953":"/","3954":"e","3955":"l","3956":"-","3957":"c","3958":"o","3959":"l","3960":">","3961":"\\","3962":"n","3963":" ","3964":" ","3965":" ","3966":" ","3967":" ","3968":" ","3969":" ","3970":" ","3971":" ","3972":" ","3973":" ","3974":" ","3975":" ","3976":" ","3977":" ","3978":" ","3979":"<","3980":"!","3981":"-","3982":"-","3983":" ","3984":"L","3985":"i","3986":"n","3987":"k","3988":" ","3989":"-","3990":"-","3991":">","3992":"\\","3993":"n","3994":" ","3995":" ","3996":" ","3997":" ","3998":" ","3999":" ","4000":" ","4001":" ","4002":" ","4003":" ","4004":" ","4005":" ","4006":" ","4007":" ","4008":" ","4009":" ","4010":"<","4011":"e","4012":"l","4013":"-","4014":"c","4015":"o","4016":"l","4017":" ","4018":":","4019":"s","4020":"p","4021":"a","4022":"n","4023":"=","4024":"\\","4025":"\"","4026":"1","4027":"2","4028":"\\","4029":"\"","4030":" ","4031":":","4032":"x","4033":"s","4034":"=","4035":"\\","4036":"\"","4037":"2","4038":"4","4039":"\\","4040":"\"","4041":" ","4042":":","4043":"s","4044":"m","4045":"=","4046":"\\","4047":"\"","4048":"1","4049":"2","4050":"\\","4051":"\"","4052":" ","4053":":","4054":"m","4055":"d","4056":"=","4057":"\\","4058":"\"","4059":"1","4060":"2","4061":"\\","4062":"\"","4063":">","4064":"\\","4065":"n","4066":" ","4067":" ","4068":" ","4069":" ","4070":" ","4071":" ","4072":" ","4073":" ","4074":" ","4075":" ","4076":" ","4077":" ","4078":" ","4079":" ","4080":" ","4081":" ","4082":" ","4083":" ","4084":" ","4085":" ","4086":"<","4087":"e","4088":"l","4089":"-","4090":"r","4091":"o","4092":"w","4093":" ","4094":":","4095":"l","4096":"g","4097":"=","4098":"\\","4099":"\"","4100":"2","4101":"4","4102":"\\","4103":"\"","4104":" ","4105":":","4106":"m","4107":"d","4108":"=","4109":"\\","4110":"\"","4111":"2","4112":"4","4113":"\\","4114":"\"","4115":">","4116":"\\","4117":"n","4118":" ","4119":" ","4120":" ","4121":" ","4122":" ","4123":" ","4124":" ","4125":" ","4126":" ","4127":" ","4128":" ","4129":" ","4130":" ","4131":" ","4132":" ","4133":" ","4134":" ","4135":" ","4136":" ","4137":" ","4138":" ","4139":" ","4140":" ","4141":" ","4142":"<","4143":"e","4144":"l","4145":"-","4146":"c","4147":"o","4148":"l","4149":" ","4150":":","4151":"l","4152":"g","4153":"=","4154":"\\","4155":"\"","4156":"2","4157":"4","4158":"\\","4159":"\"","4160":" ","4161":":","4162":"m","4163":"d","4164":"=","4165":"\\","4166":"\"","4167":"2","4168":"4","4169":"\\","4170":"\"","4171":">","4172":"\\","4173":"n","4174":" ","4175":" ","4176":" ","4177":" ","4178":" ","4179":" ","4180":" ","4181":" ","4182":" ","4183":" ","4184":" ","4185":" ","4186":" ","4187":" ","4188":" ","4189":" ","4190":" ","4191":" ","4192":" ","4193":" ","4194":" ","4195":" ","4196":" ","4197":" ","4198":" ","4199":" ","4200":" ","4201":" ","4202":"<","4203":"d","4204":"i","4205":"v","4206":" ","4207":"s","4208":"t","4209":"y","4210":"l","4211":"e","4212":"=","4213":"\\","4214":"\"","4215":"t","4216":"e","4217":"x","4218":"t","4219":"-","4220":"a","4221":"l","4222":"i","4223":"g","4224":"n","4225":":","4226":"c","4227":"e","4228":"n","4229":"t","4230":"e","4231":"r","4232":";","4233":"\\","4234":"\"","4235":">","4236":"\\","4237":"n","4238":"\\","4239":"n","4240":" ","4241":" ","4242":" ","4243":" ","4244":" ","4245":" ","4246":" ","4247":" ","4248":" ","4249":" ","4250":" ","4251":" ","4252":" ","4253":" ","4254":" ","4255":" ","4256":" ","4257":" ","4258":" ","4259":" ","4260":" ","4261":" ","4262":" ","4263":" ","4264":" ","4265":" ","4266":" ","4267":" ","4268":" ","4269":" ","4270":" ","4271":" ","4272":"<","4273":"l","4274":"a","4275":"b","4276":"e","4277":"l","4278":">","4279":"L","4280":"i","4281":"n","4282":"k","4283":"<","4284":"/","4285":"l","4286":"a","4287":"b","4288":"e","4289":"l","4290":">","4291":"\\","4292":"n","4293":" ","4294":" ","4295":" ","4296":" ","4297":" ","4298":" ","4299":" ","4300":" ","4301":" ","4302":" ","4303":" ","4304":" ","4305":" ","4306":" ","4307":" ","4308":" ","4309":" ","4310":" ","4311":" ","4312":" ","4313":" ","4314":" ","4315":" ","4316":" ","4317":" ","4318":" ","4319":" ","4320":" ","4321":"<","4322":"/","4323":"d","4324":"i","4325":"v","4326":">","4327":"\\","4328":"n","4329":" ","4330":" ","4331":" ","4332":" ","4333":" ","4334":" ","4335":" ","4336":" ","4337":" ","4338":" ","4339":" ","4340":" ","4341":" ","4342":" ","4343":" ","4344":" ","4345":" ","4346":" ","4347":" ","4348":" ","4349":" ","4350":" ","4351":" ","4352":" ","4353":"<","4354":"/","4355":"e","4356":"l","4357":"-","4358":"c","4359":"o","4360":"l","4361":">","4362":"\\","4363":"n","4364":" ","4365":" ","4366":" ","4367":" ","4368":" ","4369":" ","4370":" ","4371":" ","4372":" ","4373":" ","4374":" ","4375":" ","4376":" ","4377":" ","4378":" ","4379":" ","4380":" ","4381":" ","4382":" ","4383":" ","4384":"<","4385":"/","4386":"e","4387":"l","4388":"-","4389":"r","4390":"o","4391":"w","4392":">","4393":"\\","4394":"n","4395":" ","4396":" ","4397":" ","4398":" ","4399":" ","4400":" ","4401":" ","4402":" ","4403":" ","4404":" ","4405":" ","4406":" ","4407":" ","4408":" ","4409":" ","4410":" ","4411":" ","4412":" ","4413":" ","4414":" ","4415":"<","4416":"e","4417":"l","4418":"-","4419":"r","4420":"o","4421":"w","4422":" ","4423":":","4424":"l","4425":"g","4426":"=","4427":"\\","4428":"\"","4429":"2","4430":"4","4431":"\\","4432":"\"","4433":" ","4434":":","4435":"m","4436":"d","4437":"=","4438":"\\","4439":"\"","4440":"2","4441":"4","4442":"\\","4443":"\"","4444":">","4445":"\\","4446":"n","4447":" ","4448":" ","4449":" ","4450":" ","4451":" ","4452":" ","4453":" ","4454":" ","4455":" ","4456":" ","4457":" ","4458":" ","4459":" ","4460":" ","4461":" ","4462":" ","4463":" ","4464":" ","4465":" ","4466":" ","4467":" ","4468":" ","4469":" ","4470":" ","4471":"<","4472":"e","4473":"l","4474":"-","4475":"i","4476":"n","4477":"p","4478":"u","4479":"t","4480":" ","4481":"v","4482":"-","4483":"m","4484":"o","4485":"d","4486":"e","4487":"l","4488":"=","4489":"\\","4490":"\"","4491":"c","4492":"u","4493":"r","4494":"r","4495":"e","4496":"n","4497":"t","4498":"D","4499":"a","4500":"t","4501":"a","4502":".","4503":"l","4504":"i","4505":"n","4506":"k","4507":"\\","4508":"\"","4509":" ","4510":"p","4511":"l","4512":"a","4513":"c","4514":"e","4515":"h","4516":"o","4517":"l","4518":"d","4519":"e","4520":"r","4521":"=","4522":"\\","4523":"\"","4524":"L","4525":"i","4526":"n","4527":"k","4528":"\\","4529":"\"","4530":" ","4531":"c","4532":"l","4533":"e","4534":"a","4535":"r","4536":"a","4537":"b","4538":"l","4539":"e","4540":"\\","4541":"n","4542":" ","4543":" ","4544":" ","4545":" ","4546":" ","4547":" ","4548":" ","4549":" ","4550":" ","4551":" ","4552":" ","4553":" ","4554":" ","4555":" ","4556":" ","4557":" ","4558":" ","4559":" ","4560":" ","4561":" ","4562":" ","4563":" ","4564":" ","4565":" ","4566":" ","4567":" ","4568":" ","4569":" ","4570":"@","4571":"i","4572":"n","4573":"p","4574":"u","4575":"t","4576":"=","4577":"\\","4578":"\"","4579":"u","4580":"p","4581":"d","4582":"a","4583":"t","4584":"e","4585":"C","4586":"e","4587":"r","4588":"t","4589":"i","4590":"f","4591":"i","4592":"c","4593":"a","4594":"t","4595":"e","4596":"\\","4597":"\"","4598":">","4599":"<","4600":"/","4601":"e","4602":"l","4603":"-","4604":"i","4605":"n","4606":"p","4607":"u","4608":"t","4609":">","4610":"\\","4611":"n","4612":" ","4613":" ","4614":" ","4615":" ","4616":" ","4617":" ","4618":" ","4619":" ","4620":" ","4621":" ","4622":" ","4623":" ","4624":" ","4625":" ","4626":" ","4627":" ","4628":" ","4629":" ","4630":" ","4631":" ","4632":"<","4633":"/","4634":"e","4635":"l","4636":"-","4637":"r","4638":"o","4639":"w","4640":">","4641":"\\","4642":"n","4643":" ","4644":" ","4645":" ","4646":" ","4647":" ","4648":" ","4649":" ","4650":" ","4651":" ","4652":" ","4653":" ","4654":" ","4655":" ","4656":" ","4657":" ","4658":" ","4659":"<","4660":"/","4661":"e","4662":"l","4663":"-","4664":"c","4665":"o","4666":"l","4667":">","4668":"\\","4669":"n","4670":" ","4671":" ","4672":" ","4673":" ","4674":" ","4675":" ","4676":" ","4677":" ","4678":" ","4679":" ","4680":" ","4681":" ","4682":" ","4683":" ","4684":" ","4685":" ","4686":"<","4687":"!","4688":"-","4689":"-","4690":" ","4691":"F","4692":"o","4693":"r","4694":" ","4695":"e","4696":"l","4697":"-","4698":"t","4699":"e","4700":"x","4701":"t","4702":"a","4703":"r","4704":"e","4705":"a","4706":",","4707":" ","4708":"r","4709":"e","4710":"p","4711":"l","4712":"a","4713":"c","4714":"e","4715":" ","4716":"v","4717":"-","4718":"t","4719":"e","4720":"x","4721":"t","4722":"a","4723":"r","4724":"e","4725":"a","4726":" ","4727":"-","4728":"-","4729":">","4730":"\\","4731":"n","4732":" ","4733":" ","4734":" ","4735":" ","4736":" ","4737":" ","4738":" ","4739":" ","4740":" ","4741":" ","4742":" ","4743":" ","4744":"<","4745":"/","4746":"e","4747":"l","4748":"-","4749":"r","4750":"o","4751":"w","4752":">","4753":"\\","4754":"n","4755":" ","4756":" ","4757":" ","4758":" ","4759":" ","4760":" ","4761":" ","4762":" ","4763":" ","4764":" ","4765":" ","4766":" ","4767":"<","4768":"!","4769":"-","4770":"-","4771":" ","4772":"S","4773":"t","4774":"a","4775":"r","4776":"t","4777":" ","4778":"a","4779":"n","4780":"d","4781":" ","4782":"E","4783":"n","4784":"d","4785":" ","4786":"-","4787":"-","4788":">","4789":"\\","4790":"n","4791":" ","4792":" ","4793":" ","4794":" ","4795":" ","4796":" ","4797":" ","4798":" ","4799":" ","4800":" ","4801":" ","4802":" ","4803":"<","4804":"e","4805":"l","4806":"-","4807":"r","4808":"o","4809":"w","4810":" ","4811":":","4812":"l","4813":"g","4814":"=","4815":"\\","4816":"\"","4817":"2","4818":"4","4819":"\\","4820":"\"","4821":" ","4822":":","4823":"m","4824":"d","4825":"=","4826":"\\","4827":"\"","4828":"2","4829":"4","4830":"\\","4831":"\"","4832":" ","4833":":","4834":"s","4835":"d","4836":"=","4837":"\\","4838":"\"","4839":"2","4840":"4","4841":"\\","4842":"\"","4843":" ","4844":":","4845":"x","4846":"s","4847":"=","4848":"\\","4849":"\"","4850":"2","4851":"4","4852":"\\","4853":"\"","4854":">","4855":"\\","4856":"n","4857":" ","4858":" ","4859":" ","4860":" ","4861":" ","4862":" ","4863":" ","4864":" ","4865":" ","4866":" ","4867":" ","4868":" ","4869":" ","4870":" ","4871":" ","4872":" ","4873":"<","4874":"!","4875":"-","4876":"-","4877":" ","4878":"O","4879":"t","4880":"h","4881":"e","4882":"r","4883":" ","4884":"c","4885":"o","4886":"m","4887":"p","4888":"o","4889":"n","4890":"e","4891":"n","4892":"t","4893":"s","4894":" ","4895":"i","4896":"n","4897":"s","4898":"i","4899":"d","4900":"e","4901":" ","4902":"e","4903":"l","4904":"-","4905":"c","4906":"o","4907":"l","4908":"l","4909":"a","4910":"p","4911":"s","4912":"e","4913":"-","4914":"i","4915":"t","4916":"e","4917":"m","4918":" ","4919":"-","4920":"-","4921":">","4922":"\\","4923":"n","4924":" ","4925":" ","4926":" ","4927":" ","4928":" ","4929":" ","4930":" ","4931":" ","4932":" ","4933":" ","4934":" ","4935":" ","4936":" ","4937":" ","4938":" ","4939":" ","4940":"<","4941":"!","4942":"-","4943":"-","4944":" ","4945":"S","4946":"t","4947":"a","4948":"r","4949":"t","4950":" ","4951":"D","4952":"a","4953":"t","4954":"e","4955":" ","4956":"-","4957":"-","4958":">","4959":"\\","4960":"n","4961":" ","4962":" ","4963":" ","4964":" ","4965":" ","4966":" ","4967":" ","4968":" ","4969":" ","4970":" ","4971":" ","4972":" ","4973":" ","4974":" ","4975":" ","4976":" ","4977":"<","4978":"e","4979":"l","4980":"-","4981":"c","4982":"o","4983":"l","4984":" ","4985":":","4986":"s","4987":"p","4988":"a","4989":"n","4990":"=","4991":"\\","4992":"\"","4993":"1","4994":"2","4995":"\\","4996":"\"","4997":" ","4998":":","4999":"l","5000":"g","5001":"=","5002":"\\","5003":"\"","5004":"1","5005":"2","5006":"\\","5007":"\"","5008":" ","5009":":","5010":"x","5011":"s","5012":"=","5013":"\\","5014":"\"","5015":"2","5016":"4","5017":"\\","5018":"\"","5019":" ","5020":":","5021":"s","5022":"m","5023":"=","5024":"\\","5025":"\"","5026":"1","5027":"2","5028":"\\","5029":"\"","5030":" ","5031":":","5032":"m","5033":"d","5034":"=","5035":"\\","5036":"\"","5037":"1","5038":"2","5039":"\\","5040":"\"","5041":">","5042":"\\","5043":"n","5044":" ","5045":" ","5046":" ","5047":" ","5048":" ","5049":" ","5050":" ","5051":" ","5052":" ","5053":" ","5054":" ","5055":" ","5056":" ","5057":" ","5058":" ","5059":" ","5060":" ","5061":" ","5062":" ","5063":" ","5064":"<","5065":"e","5066":"l","5067":"-","5068":"r","5069":"o","5070":"w","5071":" ","5072":":","5073":"l","5074":"g","5075":"=","5076":"\\","5077":"\"","5078":"2","5079":"4","5080":"\\","5081":"\"","5082":" ","5083":":","5084":"m","5085":"d","5086":"=","5087":"\\","5088":"\"","5089":"2","5090":"4","5091":"\\","5092":"\"","5093":">","5094":"\\","5095":"n","5096":" ","5097":" ","5098":" ","5099":" ","5100":" ","5101":" ","5102":" ","5103":" ","5104":" ","5105":" ","5106":" ","5107":" ","5108":" ","5109":" ","5110":" ","5111":" ","5112":" ","5113":" ","5114":" ","5115":" ","5116":" ","5117":" ","5118":" ","5119":" ","5120":"<","5121":"e","5122":"l","5123":"-","5124":"c","5125":"o","5126":"l","5127":" ","5128":":","5129":"l","5130":"g","5131":"=","5132":"\\","5133":"\"","5134":"2","5135":"4","5136":"\\","5137":"\"","5138":" ","5139":":","5140":"m","5141":"d","5142":"=","5143":"\\","5144":"\"","5145":"2","5146":"4","5147":"\\","5148":"\"","5149":">","5150":"\\","5151":"n","5152":" ","5153":" ","5154":" ","5155":" ","5156":" ","5157":" ","5158":" ","5159":" ","5160":" ","5161":" ","5162":" ","5163":" ","5164":" ","5165":" ","5166":" ","5167":" ","5168":" ","5169":" ","5170":" ","5171":" ","5172":" ","5173":" ","5174":" ","5175":" ","5176":" ","5177":" ","5178":" ","5179":" ","5180":"<","5181":"d","5182":"i","5183":"v","5184":" ","5185":"s","5186":"t","5187":"y","5188":"l","5189":"e","5190":"=","5191":"\\","5192":"\"","5193":"t","5194":"e","5195":"x","5196":"t","5197":"-","5198":"a","5199":"l","5200":"i","5201":"g","5202":"n","5203":":","5204":"c","5205":"e","5206":"n","5207":"t","5208":"e","5209":"r","5210":";","5211":"\\","5212":"\"","5213":">","5214":"\\","5215":"n","5216":" ","5217":" ","5218":" ","5219":" ","5220":" ","5221":" ","5222":" ","5223":" ","5224":" ","5225":" ","5226":" ","5227":" ","5228":" ","5229":" ","5230":" ","5231":" ","5232":" ","5233":" ","5234":" ","5235":" ","5236":" ","5237":" ","5238":" ","5239":" ","5240":" ","5241":" ","5242":" ","5243":" ","5244":" ","5245":" ","5246":" ","5247":" ","5248":"<","5249":"l","5250":"a","5251":"b","5252":"e","5253":"l","5254":">","5255":"S","5256":"t","5257":"a","5258":"r","5259":"t","5260":"<","5261":"/","5262":"l","5263":"a","5264":"b","5265":"e","5266":"l","5267":">","5268":"\\","5269":"n","5270":" ","5271":" ","5272":" ","5273":" ","5274":" ","5275":" ","5276":" ","5277":" ","5278":" ","5279":" ","5280":" ","5281":" ","5282":" ","5283":" ","5284":" ","5285":" ","5286":" ","5287":" ","5288":" ","5289":" ","5290":" ","5291":" ","5292":" ","5293":" ","5294":" ","5295":" ","5296":" ","5297":" ","5298":"<","5299":"/","5300":"d","5301":"i","5302":"v","5303":">","5304":"\\","5305":"n","5306":" ","5307":" ","5308":" ","5309":" ","5310":" ","5311":" ","5312":" ","5313":" ","5314":" ","5315":" ","5316":" ","5317":" ","5318":" ","5319":" ","5320":" ","5321":" ","5322":" ","5323":" ","5324":" ","5325":" ","5326":" ","5327":" ","5328":" ","5329":" ","5330":"<","5331":"/","5332":"e","5333":"l","5334":"-","5335":"c","5336":"o","5337":"l","5338":">","5339":"\\","5340":"n","5341":" ","5342":" ","5343":" ","5344":" ","5345":" ","5346":" ","5347":" ","5348":" ","5349":" ","5350":" ","5351":" ","5352":" ","5353":" ","5354":" ","5355":" ","5356":" ","5357":" ","5358":" ","5359":" ","5360":" ","5361":"<","5362":"/","5363":"e","5364":"l","5365":"-","5366":"r","5367":"o","5368":"w","5369":">","5370":"\\","5371":"n","5372":" ","5373":" ","5374":" ","5375":" ","5376":" ","5377":" ","5378":" ","5379":" ","5380":" ","5381":" ","5382":" ","5383":" ","5384":" ","5385":" ","5386":" ","5387":" ","5388":" ","5389":" ","5390":" ","5391":" ","5392":"<","5393":"e","5394":"l","5395":"-","5396":"r","5397":"o","5398":"w","5399":" ","5400":":","5401":"l","5402":"g","5403":"=","5404":"\\","5405":"\"","5406":"2","5407":"4","5408":"\\","5409":"\"","5410":" ","5411":":","5412":"m","5413":"d","5414":"=","5415":"\\","5416":"\"","5417":"2","5418":"4","5419":"\\","5420":"\"","5421":">","5422":"\\","5423":"n","5424":" ","5425":" ","5426":" ","5427":" ","5428":" ","5429":" ","5430":" ","5431":" ","5432":" ","5433":" ","5434":" ","5435":" ","5436":" ","5437":" ","5438":" ","5439":" ","5440":" ","5441":" ","5442":" ","5443":" ","5444":" ","5445":" ","5446":" ","5447":" ","5448":"<","5449":"e","5450":"l","5451":"-","5452":"d","5453":"a","5454":"t","5455":"e","5456":"-","5457":"p","5458":"i","5459":"c","5460":"k","5461":"e","5462":"r","5463":" ","5464":"v","5465":"-","5466":"m","5467":"o","5468":"d","5469":"e","5470":"l","5471":"=","5472":"\\","5473":"\"","5474":"c","5475":"u","5476":"r","5477":"r","5478":"e","5479":"n","5480":"t","5481":"D","5482":"a","5483":"t","5484":"a","5485":".","5486":"s","5487":"t","5488":"a","5489":"r","5490":"t","5491":"D","5492":"a","5493":"t","5494":"e","5495":"\\","5496":"\"","5497":" ","5498":"t","5499":"y","5500":"p","5501":"e","5502":"=","5503":"\\","5504":"\"","5505":"d","5506":"a","5507":"t","5508":"e","5509":"\\","5510":"\"","5511":" ","5512":"p","5513":"l","5514":"a","5515":"c","5516":"e","5517":"h","5518":"o","5519":"l","5520":"d","5521":"e","5522":"r","5523":"=","5524":"\\","5525":"\"","5526":"S","5527":"t","5528":"a","5529":"r","5530":"t","5531":" ","5532":"D","5533":"a","5534":"t","5535":"e","5536":"\\","5537":"\"","5538":" ","5539":":","5540":"s","5541":"i","5542":"z","5543":"e","5544":"=","5545":"\\","5546":"\"","5547":"s","5548":"i","5549":"z","5550":"e","5551":"\\","5552":"\"","5553":"\\","5554":"n","5555":" ","5556":" ","5557":" ","5558":" ","5559":" ","5560":" ","5561":" ","5562":" ","5563":" ","5564":" ","5565":" ","5566":" ","5567":" ","5568":" ","5569":" ","5570":" ","5571":" ","5572":" ","5573":" ","5574":" ","5575":" ","5576":" ","5577":" ","5578":" ","5579":" ","5580":" ","5581":" ","5582":" ","5583":"c","5584":"l","5585":"e","5586":"a","5587":"r","5588":"a","5589":"b","5590":"l","5591":"e","5592":" ","5593":"@","5594":"c","5595":"h","5596":"a","5597":"n","5598":"g","5599":"e","5600":"=","5601":"\\","5602":"\"","5603":"u","5604":"p","5605":"d","5606":"a","5607":"t","5608":"e","5609":"C","5610":"e","5611":"r","5612":"t","5613":"i","5614":"f","5615":"i","5616":"c","5617":"a","5618":"t","5619":"e","5620":"\\","5621":"\"","5622":" ","5623":"/","5624":">","5625":"\\","5626":"n","5627":" ","5628":" ","5629":" ","5630":" ","5631":" ","5632":" ","5633":" ","5634":" ","5635":" ","5636":" ","5637":" ","5638":" ","5639":" ","5640":" ","5641":" ","5642":" ","5643":" ","5644":" ","5645":" ","5646":" ","5647":"<","5648":"/","5649":"e","5650":"l","5651":"-","5652":"r","5653":"o","5654":"w","5655":">","5656":"\\","5657":"n","5658":" ","5659":" ","5660":" ","5661":" ","5662":" ","5663":" ","5664":" ","5665":" ","5666":" ","5667":" ","5668":" ","5669":" ","5670":" ","5671":" ","5672":" ","5673":" ","5674":"<","5675":"/","5676":"e","5677":"l","5678":"-","5679":"c","5680":"o","5681":"l","5682":">","5683":"\\","5684":"n","5685":" ","5686":" ","5687":" ","5688":" ","5689":" ","5690":" ","5691":" ","5692":" ","5693":" ","5694":" ","5695":" ","5696":" ","5697":" ","5698":" ","5699":" ","5700":" ","5701":"<","5702":"!","5703":"-","5704":"-","5705":" ","5706":"E","5707":"n","5708":"d","5709":" ","5710":"D","5711":"a","5712":"t","5713":"e","5714":" ","5715":"-","5716":"-","5717":">","5718":"\\","5719":"n","5720":" ","5721":" ","5722":" ","5723":" ","5724":" ","5725":" ","5726":" ","5727":" ","5728":" ","5729":" ","5730":" ","5731":" ","5732":" ","5733":" ","5734":" ","5735":" ","5736":"<","5737":"e","5738":"l","5739":"-","5740":"c","5741":"o","5742":"l","5743":" ","5744":":","5745":"s","5746":"p","5747":"a","5748":"n","5749":"=","5750":"\\","5751":"\"","5752":"1","5753":"2","5754":"\\","5755":"\"","5756":" ","5757":":","5758":"x","5759":"s","5760":"=","5761":"\\","5762":"\"","5763":"2","5764":"4","5765":"\\","5766":"\"","5767":" ","5768":":","5769":"s","5770":"m","5771":"=","5772":"\\","5773":"\"","5774":"1","5775":"2","5776":"\\","5777":"\"","5778":" ","5779":":","5780":"m","5781":"d","5782":"=","5783":"\\","5784":"\"","5785":"1","5786":"2","5787":"\\","5788":"\"","5789":">","5790":"\\","5791":"n","5792":" ","5793":" ","5794":" ","5795":" ","5796":" ","5797":" ","5798":" ","5799":" ","5800":" ","5801":" ","5802":" ","5803":" ","5804":" ","5805":" ","5806":" ","5807":" ","5808":" ","5809":" ","5810":" ","5811":" ","5812":"<","5813":"e","5814":"l","5815":"-","5816":"r","5817":"o","5818":"w","5819":" ","5820":":","5821":"l","5822":"g","5823":"=","5824":"\\","5825":"\"","5826":"2","5827":"4","5828":"\\","5829":"\"","5830":" ","5831":":","5832":"m","5833":"d","5834":"=","5835":"\\","5836":"\"","5837":"2","5838":"4","5839":"\\","5840":"\"","5841":">","5842":"\\","5843":"n","5844":" ","5845":" ","5846":" ","5847":" ","5848":" ","5849":" ","5850":" ","5851":" ","5852":" ","5853":" ","5854":" ","5855":" ","5856":" ","5857":" ","5858":" ","5859":" ","5860":" ","5861":" ","5862":" ","5863":" ","5864":" ","5865":" ","5866":" ","5867":" ","5868":"<","5869":"e","5870":"l","5871":"-","5872":"c","5873":"o","5874":"l","5875":" ","5876":":","5877":"l","5878":"g","5879":"=","5880":"\\","5881":"\"","5882":"2","5883":"4","5884":"\\","5885":"\"","5886":" ","5887":":","5888":"m","5889":"d","5890":"=","5891":"\\","5892":"\"","5893":"2","5894":"4","5895":"\\","5896":"\"","5897":">","5898":"\\","5899":"n","5900":" ","5901":" ","5902":" ","5903":" ","5904":" ","5905":" ","5906":" ","5907":" ","5908":" ","5909":" ","5910":" ","5911":" ","5912":" ","5913":" ","5914":" ","5915":" ","5916":" ","5917":" ","5918":" ","5919":" ","5920":" ","5921":" ","5922":" ","5923":" ","5924":" ","5925":" ","5926":" ","5927":" ","5928":"<","5929":"d","5930":"i","5931":"v","5932":" ","5933":"s","5934":"t","5935":"y","5936":"l","5937":"e","5938":"=","5939":"\\","5940":"\"","5941":"t","5942":"e","5943":"x","5944":"t","5945":"-","5946":"a","5947":"l","5948":"i","5949":"g","5950":"n","5951":":","5952":"c","5953":"e","5954":"n","5955":"t","5956":"e","5957":"r","5958":";","5959":"\\","5960":"\"","5961":">","5962":"\\","5963":"n","5964":" ","5965":" ","5966":" ","5967":" ","5968":" ","5969":" ","5970":" ","5971":" ","5972":" ","5973":" ","5974":" ","5975":" ","5976":" ","5977":" ","5978":" ","5979":" ","5980":" ","5981":" ","5982":" ","5983":" ","5984":" ","5985":" ","5986":" ","5987":" ","5988":" ","5989":" ","5990":" ","5991":" ","5992":" ","5993":" ","5994":" ","5995":" ","5996":"<","5997":"l","5998":"a","5999":"b","6000":"e","6001":"l","6002":">","6003":"E","6004":"n","6005":"d","6006":"<","6007":"/","6008":"l","6009":"a","6010":"b","6011":"e","6012":"l","6013":">","6014":"\\","6015":"n","6016":" ","6017":" ","6018":" ","6019":" ","6020":" ","6021":" ","6022":" ","6023":" ","6024":" ","6025":" ","6026":" ","6027":" ","6028":" ","6029":" ","6030":" ","6031":" ","6032":" ","6033":" ","6034":" ","6035":" ","6036":" ","6037":" ","6038":" ","6039":" ","6040":" ","6041":" ","6042":" ","6043":" ","6044":"<","6045":"/","6046":"d","6047":"i","6048":"v","6049":">","6050":"\\","6051":"n","6052":" ","6053":" ","6054":" ","6055":" ","6056":" ","6057":" ","6058":" ","6059":" ","6060":" ","6061":" ","6062":" ","6063":" ","6064":" ","6065":" ","6066":" ","6067":" ","6068":" ","6069":" ","6070":" ","6071":" ","6072":" ","6073":" ","6074":" ","6075":" ","6076":"<","6077":"/","6078":"e","6079":"l","6080":"-","6081":"c","6082":"o","6
[...]
","8473":"D","8474":"e","8475":"s","8476":"c","8477":"r","8478":"i","8479":"p","8480":"t","8481":"i","8482":"o","8483":"n","8484":",","8485":"\\","8486":"n","8487":" ","8488":" ","8489":" ","8490":" ","8491":" ","8492":" ","8493":" ","8494":" ","8495":" ","8496":" ","8497":" ","8498":" ","8499":" ","8500":" ","8501":" ","8502":" ","8503":"c","8504":"e","8505":"r","8506":"t","8507":"D","8508":"e","8509":"s","8510":"C","8511":"o","8512":"n","8513":"t","8514":"e","8515":"n","8516":"t","8517":":","8518":" ","8519":"t","8520":"h","8521":"i","8522":"s","8523":".","8524":"c","8525":"e","8526":"r","8527":"t","8528":"D","8529":"e","8530":"s","8531":"C","8532":"o","8533":"n","8534":"t","8535":"e","8536":"n","8537":"t","8538":",","8539":"\\","8540":"n","8541":" ","8542":" ","8543":" ","8544":" ","8545":" ","8546":" ","8547":" ","8548":" ","8549":" ","8550":" ","8551":" ","8552":" ","8553":"}","8554":",","8555":"\\","8556":"n","8557":" ","8558":" ","8559":" ","8560":" ","8561":" ","8562":" ","8563":" ","8564":" ","8565":" ","8566":" ","8567":" ","8568":" ","8569":"P","8570":"R","8571":"E","8572":"V","8573":"_","8574":"L","8575":"E","8576":"N","8577":"G","8578":"T","8579":"H","8580":":","8581":" ","8582":"0","8583":",","8584":"\\","8585":"n","8586":" ","8587":" ","8588":" ","8589":" ","8590":" ","8591":" ","8592":" ","8593":" ","8594":"}","8595":"\\","8596":"n","8597":" ","8598":" ","8599":" ","8600":" ","8601":"}","8602":",","8603":"\\","8604":"n","8605":"\\","8606":"n","8607":" ","8608":" ","8609":" ","8610":" ","8611":"m","8612":"e","8613":"t","8614":"h","8615":"o","8616":"d","8617":"s","8618":":","8619":" ","8620":"{","8621":"\\","8622":"n","8623":" ","8624":" ","8625":" ","8626":" ","8627":" ","8628":" ","8629":" ","8630":" ","8631":"h","8632":"a","8633":"n","8634":"d","8635":"l","8636":"e","8637":"I","8638":"n","8639":"p","8640":"u","8641":"t","8642":"(","8643":"e","8644":"v","8645":"e","8646":"n","8647":"t","8648":")","8649":" ","8650":"{","8651":"\\","8652":"n","8653":" ","8654":" ","8655":" ","8656":" ","8657":" ","8658":" ","8659":" ","8660":" ","8661":" ","8662":" ","8663":" ","8664":" ","8665":"c","8666":"o","8667":"n","8668":"s","8669":"t","8670":" ","8671":"b","8672":"u","8673":"l","8674":"l","8675":"e","8676":"t","8677":" ","8678":"=","8679":" ","8680":"'","8681":"\\","8682":"\\","8683":"u","8684":"2","8685":"0","8686":"2","8687":"2","8688":"'","8689":"\\","8690":"n","8691":" ","8692":" ","8693":" ","8694":" ","8695":" ","8696":" ","8697":" ","8698":" ","8699":" ","8700":" ","8701":" ","8702":" ","8703":"c","8704":"o","8705":"n","8706":"s","8707":"t","8708":" ","8709":"n","8710":"e","8711":"w","8712":"L","8713":"e","8714":"n","8715":"g","8716":"t","8717":"h","8718":" ","8719":"=","8720":" ","8721":"t","8722":"h","8723":"i","8724":"s","8725":".","8726":"c","8727":"u","8728":"r","8729":"r","8730":"e","8731":"n","8732":"t","8733":"D","8734":"a","8735":"t","8736":"a","8737":".","8738":"c","8739":"e","8740":"r","8741":"t","8742":"D","8743":"e","8744":"s","8745":"C","8746":"o","8747":"n","8748":"t","8749":"e","8750":"n","8751":"t","8752":".","8753":"l","8754":"e","8755":"n","8756":"g","8757":"t","8758":"h","8759":"\\","8760":"n","8761":"\\","8762":"n","8763":" ","8764":" ","8765":" ","8766":" ","8767":" ","8768":" ","8769":" ","8770":" ","8771":" ","8772":" ","8773":" ","8774":" ","8775":"c","8776":"o","8777":"n","8778":"s","8779":"t","8780":" ","8781":"c","8782":"h","8783":"a","8784":"r","8785":"a","8786":"c","8787":"t","8788":"e","8789":"r","8790":"C","8791":"o","8792":"d","8793":"e","8794":" ","8795":"=","8796":" ","8797":"t","8798":"h","8799":"i","8800":"s","8801":".","8802":"c","8803":"u","8804":"r","8805":"r","8806":"e","8807":"n","8808":"t","8809":"D","8810":"a","8811":"t","8812":"a","8813":".","8814":"c","8815":"e","8816":"r","8817":"t","8818":"D","8819":"e","8820":"s","8821":"C","8822":"o","8823":"n","8824":"t","8825":"e","8826":"n","8827":"t","8828":"\\","8829":"n","8830":" ","8831":" ","8832":" ","8833":" ","8834":" ","8835":" ","8836":" ","8837":" ","8838":" ","8839":" ","8840":" ","8841":" ","8842":" ","8843":" ","8844":" ","8845":" ","8846":".","8847":"s","8848":"u","8849":"b","8850":"s","8851":"t","8852":"r","8853":"(","8854":"-","8855":"1","8856":")","8857":"\\","8858":"n","8859":" ","8860":" ","8861":" ","8862":" ","8863":" ","8864":" ","8865":" ","8866":" ","8867":" ","8868":" ","8869":" ","8870":" ","8871":" ","8872":" ","8873":" ","8874":" ","8875":".","8876":"c","8877":"h","8878":"a","8879":"r","8880":"C","8881":"o","8882":"d","8883":"e","8884":"A","8885":"t","8886":"(","8887":"0","8888":")","8889":"\\","8890":"n","8891":"\\","8892":"n","8893":" ","8894":" ","8895":" ","8896":" ","8897":" ","8898":" ","8899":" ","8900":" ","8901":" ","8902":" ","8903":" ","8904":" ","8905":"i","8906":"f","8907":" ","8908":"(","8909":"n","8910":"e","8911":"w","8912":"L","8913":"e","8914":"n","8915":"g","8916":"t","8917":"h","8918":" ","8919":">","8920":" ","8921":"t","8922":"h","8923":"i","8924":"s","8925":".","8926":"P","8927":"R","8928":"E","8929":"V","8930":"_","8931":"L","8932":"E","8933":"N","8934":"G","8935":"T","8936":"H","8937":")","8938":" ","8939":"{","8940":"\\","8941":"n","8942":" ","8943":" ","8944":" ","8945":" ","8946":" ","8947":" ","8948":" ","8949":" ","8950":" ","8951":" ","8952":" ","8953":" ","8954":" ","8955":" ","8956":" ","8957":" ","8958":"i","8959":"f","8960":" ","8961":"(","8962":"c","8963":"h","8964":"a","8965":"r","8966":"a","8967":"c","8968":"t","8969":"e","8970":"r","8971":"C","8972":"o","8973":"d","8974":"e","8975":" ","8976":"=","8977":"=","8978":"=","8979":" ","8980":"1","8981":"0","8982":")","8983":" ","8984":"{","8985":"\\","8986":"n","8987":" ","8988":" ","8989":" ","8990":" ","8991":" ","8992":" ","8993":" ","8994":" ","8995":" ","8996":" ","8997":" ","8998":" ","8999":" ","9000":" ","9001":" ","9002":" ","9003":" ","9004":" ","9005":" ","9006":" ","9007":"c","9008":"o","9009":"n","9010":"s","9011":"t","9012":" ","9013":"l","9014":"i","9015":"n","9016":"e","9017":"s","9018":" ","9019":"=","9020":" ","9021":"t","9022":"h","9023":"i","9024":"s","9025":".","9026":"c","9027":"u","9028":"r","9029":"r","9030":"e","9031":"n","9032":"t","9033":"D","9034":"a","9035":"t","9036":"a","9037":".","9038":"c","9039":"e","9040":"r","9041":"t","9042":"D","9043":"e","9044":"s","9045":"C","9046":"o","9047":"n","9048":"t","9049":"e","9050":"n","9051":"t","9052":".","9053":"s","9054":"p","9055":"l","9056":"i","9057":"t","9058":"(","9059":"'","9060":"\\","9061":"\\","9062":"n","9063":"'","9064":")","9065":"\\","9066":"n","9067":" ","9068":" ","9069":" ","9070":" ","9071":" ","9072":" ","9073":" ","9074":" ","9075":" ","9076":" ","9077":" ","9078":" ","9079":" ","9080":" ","9081":" ","9082":" ","9083":" ","9084":" ","9085":" ","9086":" ","9087":"c","9088":"o","9089":"n","9090":"s","9091":"t","9092":" ","9093":"c","9094":"u","9095":"r","9096":"r","9097":"e","9098":"n","9099":"t","9100":"L","9101":"i","9102":"n","9103":"e","9104":" ","9105":"=","9106":" ","9107":"l","9108":"i","9109":"n","9110":"e","9111":"s","9112":"[","9113":"l","9114":"i","9115":"n","9116":"e","9117":"s","9118":".","9119":"l","9120":"e","9121":"n","9122":"g","9123":"t","9124":"h","9125":" ","9126":"-","9127":" ","9128":"1","9129":"]","9130":"\\","9131":"n","9132":" ","9133":" ","9134":" ","9135":" ","9136":" ","9137":" ","9138":" ","9139":" ","9140":" ","9141":" ","9142":" ","9143":" ","9144":" ","9145":" ","9146":" ","9147":" ","9148":" ","9149":" ","9150":" ","9151":" ","9152":"c","9153":"o","9154":"n","9155":"s","9156":"t","9157":" ","9158":"i","9159":"n","9160":"d","9161":"e","9162":"n","9163":"t","9164":"a","9165":"t","9166":"i","9167":"o","9168":"n","9169":" ","9170":"=","9171":" ","9172":"t","9173":"h","9174":"i","9175":"s","9176":".","9177":"g","9178":"e","9179":"t","9180":"I","9181":"n","9182":"d","9183":"e","9184":"n","9185":"t","9186":"a","9187":"t","9188":"i","9189":"o","9190":"n","9191":"(","9192":"c","9193":"u","9194":"r","9195":"r","9196":"e","9197":"n","9198":"t","9199":"L","9200":"i","9201":"n","9202":"e","9203":")","9204":"\\","9205":"n","9206":" ","9207":" ","9208":" ","9209":" ","9210":" ","9211":" ","9212":" ","9213":" ","9214":" ","9215":" ","9216":" ","9217":" ","9218":" ","9219":" ","9220":" ","9221":" ","9222":" ","9223":" ","9224":" ","9225":" ","9226":"t","9227":"h","9228":"i","9229":"s","9230":".","9231":"c","9232":"u","9233":"r","9234":"r","9235":"e","9236":"n","9237":"t","9238":"D","9239":"a","9240":"t","9241":"a","9242":".","9243":"c","9244":"e","9245":"r","9246":"t","9247":"D","9248":"e","9249":"s","9250":"C","9251":"o","9252":"n","9253":"t","9254":"e","9255":"n","9256":"t","9257":" ","9258":"=","9259":" ","9260":"`","9261":"$","9262":"{","9263":"t","9264":"h","9265":"i","9266":"s","9267":".","9268":"c","9269":"u","9270":"r","9271":"r","9272":"e","9273":"n","9274":"t","9275":"D","9276":"a","9277":"t","9278":"a","9279":".","9280":"c","9281":"e","9282":"r","9283":"t","9284":"D","9285":"e","9286":"s","9287":"C","9288":"o","9289":"n","9290":"t","9291":"e","9292":"n","9293":"t","9294":"}","9295":"$","9296":"{","9297":"i","9298":"n","9299":"d","9300":"e","9301":"n","9302":"t","9303":"a","9304":"t","9305":"i","9306":"o","9307":"n","9308":"}","9309":"$","9310":"{","9311":"b","9312":"u","9313":"l","9314":"l","9315":"e","9316":"t","9317":"}","9318":" ","9319":"`","9320":"\\","9321":"n","9322":" ","9323":" ","9324":" ","9325":" ","9326":" ","9327":" ","9328":" ","9329":" ","9330":" ","9331":" ","9332":" ","9333":" ","9334":" ","9335":" ","9336":" ","9337":" ","9338":"}","9339":" ","9340":"e","9341":"l","9342":"s","9343":"e","9344":" ","9345":"i","9346":"f","9347":" ","9348":"(","9349":"n","9350":"e","9351":"w","9352":"L","9353":"e","9354":"n","9355":"g","9356":"t","9357":"h","9358":" ","9359":"=","9360":"=","9361":"=","9362":" ","9363":"1","9364":")","9365":" ","9366":"{","9367":"\\","9368":"n","9369":" ","9370":" ","9371":" ","9372":" ","9373":" ","9374":" ","9375":" ","9376":" ","9377":" ","9378":" ","9379":" ","9380":" ","9381":" ","9382":" ","9383":" ","9384":" ","9385":" ","9386":" ","9387":" ","9388":" ","9389":"t","9390":"h","9391":"i","9392":"s","9393":".","9394":"c","9395":"u","9396":"r","9397":"r","9398":"e","9399":"n","9400":"t","9401":"D","9402":"a","9403":"t","9404":"a","9405":".","9406":"c","9407":"e","9408":"r","9409":"t","9410":"D","9411":"e","9412":"s","9413":"C","9414":"o","9415":"n","9416":"t","9417":"e","9418":"n","9419":"t","9420":" ","9421":"=","9422":" ","9423":"`","9424":"$","9425":"{","9426":"b","9427":"u","9428":"l","9429":"l","9430":"e","9431":"t","9432":"}","9433":" ","9434":"$","9435":"{","9436":"t","9437":"h","9438":"i","9439":"s","9440":".","9441":"c","9442":"u","9443":"r","9444":"r","9445":"e","9446":"n","9447":"t","9448":"D","9449":"a","9450":"t","9451":"a","9452":".","9453":"c","9454":"e","9455":"r","9456":"t","9457":"D","9458":"e","9459":"s","9460":"C","9461":"o","9462":"n","9463":"t","9464":"e","9465":"n","9466":"t","9467":"}","9468":"`","9469":"\\","9470":"n","9471":" ","9472":" ","9473":" ","9474":" ","9475":" ","9476":" ","9477":" ","9478":" ","9479":" ","9480":" ","9481":" ","9482":" ","9483":" ","9484":" ","9485":" ","9486":" ","9487":"}","9488":"\\","9489":"n","9490":" ","9491":" ","9492":" ","9493":" ","9494":" ","9495":" ","9496":" ","9497":" ","9498":" ","9499":" ","9500":" ","9501":" ","9502":"}","9503":"\\","9504":"n","9505":" ","9506":" ","9507":" ","9508":" ","9509":" ","9510":" ","9511":" ","9512":" ","9513":" ","9514":" ","9515":" ","9516":" ","9517":"t","9518":"h","9519":"i","9520":"s","9521":".","9522":"c","9523":"u","9524":"r","9525":"r","9526":"e","9527":"n","9528":"t","9529":"D","9530":"a","9531":"t","9532":"a","9533":".","9534":"c","9535":"e","9536":"r","9537":"t","9538":"D","9539":"e","9540":"s","9541":"c","9542":"r","9543":"i","9544":"p","9545":"t","9546":"i","9547":"o","9548":"n","9549":" ","9550":"=","9551":" ","9552":"t","9553":"h","9554":"i","9555":"s","9556":".","9557":"c","9558":"u","9559":"r","9560":"r","9561":"e","9562":"n","9563":"t","9564":"D","9565":"a","9566":"t","9567":"a","9568":".","9569":"c","9570":"e","9571":"r","9572":"t","9573":"D","9574":"e","9575":"s","9576":"C","9577":"o","9578":"n","9579":"t","9580":"e","9581":"n","9582":"t","9583":"\\","9584":"n","9585":" ","9586":" ","9587":" ","9588":" ","9589":" ","9590":" ","9591":" ","9592":" ","9593":" ","9594":" ","9595":" ","9596":" ","9597":" ","9598":" ","9599":" ","9600":" ","9601":".","9602":"r","9603":"e","9604":"p","9605":"l","9606":"a","9607":"c","9608":"e","9609":"(","9610":"/","9611":"•","9612":" ","9613":"/","9614":"g","9615":",","9616":" ","9617":"'","9618":"'","9619":")","9620":"\\","9621":"n","9622":" ","9623":" ","9624":" ","9625":" ","9626":" ","9627":" ","9628":" ","9629":" ","9630":" ","9631":" ","9632":" ","9633":" ","9634":" ","9635":" ","9636":" ","9637":" ","9638":".","9639":"r","9640":"e","9641":"p","9642":"l","9643":"a","9644":"c","9645":"e","9646":"(","9647":"/","9648":"\\","9649":"\\","9650":"n","9651":"/","9652":"g","9653":",","9654":" ","9655":"'","9656":"~","9657":"~","9658":"~","9659":"'","9660":")","9661":"\\","9662":"n","9663":" ","9664":" ","9665":" ","9666":" ","9667":" ","9668":" ","9669":" ","9670":" ","9671":" ","9672":" ","9673":" ","9674":" ","9675":" ","9676":" ","9677":" ","9678":" ","9679":".","9680":"s","9681":"p","9682":"l","9683":"i","9684":"t","9685":"(","9686":"'","9687":"~","9688":"~","9689":"~","9690":"'","9691":")","9692":"\\","9693":"n","9694":"\\","9695":"n","9696":" ","9697":" ","9698":" ","9699":" ","9700":" ","9701":" ","9702":" ","9703":" ","9704":" ","9705":" ","9706":" ","9707":" ","9708":"t","9709":"h","9710":"i","9711":"s","9712":".","9713":"u","9714":"p","9715":"d","9716":"a","9717":"t","9718":"e","9719":"C","9720":"e","9721":"r","9722":"t","9723":"i","9724":"f","9725":"i","9726":"c","9727":"a","9728":"t","9729":"e","9730":"(","9731":")","9732":"\\","9733":"n","9734":" ","9735":" ","9736":" ","9737":" ","9738":" ","9739":" ","9740":" ","9741":" ","9742":" ","9743":" ","9744":" ","9745":" ","9746":"t","9747":"h","9748":"i","9749":"s","9750":".","9751":"P","9752":"R","9753":"E","9754":"V","9755":"_","9756":"L","9757":"E","9758":"N","9759":"G","9760":"T","9761":"H","9762":" ","9763":"=","9764":" ","9765":"n","9766":"e","9767":"w","9768":"L","9769":"e","9770":"n","9771":"g","9772":"t","9773":"h","9774":"\\","9775":"n","9776":" ","9777":" ","9778":" ","9779":" ","9780":" ","9781":" ","9782":" ","9783":" ","9784":"}","9785":",","9786":"\\","9787":"n","9788":" ","9789":" ","9790":" ","9791":" ","9792":" ","9793":" ","9794":" ","9795":" ","9796":"g","9797":"e","9798":"t","9799":"I","9800":"n","9801":"d","9802":"e","9803":"n","9804":"t","9805":"a","9806":"t","9807":"i","9808":"o","9809":"n","9810":"(","9811":"l","9812":"i","9813":"n","9814":"e","9815":")","9816":" ","9817":"{","9818":"\\","9819":"n","9820":" ","9821":" ","9822":" ","9823":" ","9824":" ","9825":" ","9826":" ","9827":" ","9828":" ","9829":" ","9830":" ","9831":" ","9832":"c","9833":"o","9834":"n","9835":"s","9836":"t","9837":" ","9838":"m","9839":"a","9840":"t","9841":"c","9842":"h","9843":" ","9844":"=","9845":" ","9846":"l","9847":"i","9848":"n","9849":"e","9850":".","9851":"m","9852":"a","9853":"t","9854":"c","9855":"h","9856":"(","9857":"/","9858":"^","9859":"\\","9860":"\\","9861":"s","9862":"+","9863":"/","9864":")","9865":"\\","9866":"n","9867":" ","9868":" ","9869":" ","9870":" ","9871":" ","9872":" ","9873":" ","9874":" ","9875":" ","9876":" ","9877":" ","9878":" ","9879":"r","9880":"e","9881":"t","9882":"u","9883":"r","9884":"n","9885":" ","9886":"m","9887":"a","9888":"t","9889":"c","9890":"h","9891":" ","9892":"?","9893":" ","9894":"m","9895":"a","9896":"t","9897":"c","9898":"h","9899":"[","9900":"0","9901":"]","9902":" ","9903":":","9904":" ","9905":"'","9906":"'","9907":"\\","9908":"n","9909":" ","9910":" ","9911":" ","9912":" ","9913":" ","9914":" ","9915":" ","9916":" ","9917":"}","9918":",","9919":"\\","9920":"n","9921":" ","9922":" ","9923":" ","9924":" ","9925":" ","9926":" ","9927":" ","9928":" ","9929":"f","9930":"o","9931":"r","9932":"m","9933":"a","9934":"t","9935":"D","9936":"a","9937":"t","9938":"e","9939":"(","9940":"v","9941":"a","9942":"l","9943":")","9944":" ","9945":"{","9946":"\\","9947":"n","9948":" ","9949":" ","9950":" ","9951":" ","9952":" ","9953":" ","9954":" ","9955":" ","9956":" ","9957":" ","9958":" ","9959":" ","9960":"r","9961":"e","9962":"t","9963":"u","9964":"r","9965":"n","9966":" ","9967":"m","9968":"o","9969":"m","9970":"e","9971":"n","9972":"t","9973":"(","9974":"v","9975":"a","9976":"l","9977":")","9978":".","9979":"f","9980":"o","9981":"r","9982":"m","9983":"a","9984":"t","9985":"(","9986":"'","9987":"M","9988":"M","9989":"M","9990":"M","9991":" ","9992":"Y","9993":"Y","9994":"Y","9995":"Y","9996":"'","9997":")","9998":"\\","9999":"n","10000":" ","10001":" ","10002":" ","10003":" ","10004":" ","10005":" ","10006":" ","10007":" ","10008":"}","10009":",","10010":"\\","10011":"n","10012":" ","10013":" ","10014":" ","10015":" ","10016":" ","10017":" ","10018":" ","10019":" ","10020":"u","10021":"p","10022":"d","10023":"a","10024":"t","10025":"e","10026":"C","10027":"e","10028":"r","10029":"t","10030":"i","10031":"f","10032":"i","10033":"c","10034":"a","10035":"t","10036":"e","10037":"(","10038":")","10039":" ","10040":"{","10041":"\\","10042":"n","10043":" ","10044":" ","10045":" ","10046":" ","10047":" ","10048":" ","10049":" ","10050":" ","10051":" ","10052":" ","10053":" ","10054":" ","10055":"/","10056":"/","10057":" ","10058":"E","10059":"m","10060":"i","10061":"t","10062":" ","10063":"a","10064":"n","10065":" ","10066":"e","10067":"v","10068":"e","10069":"n","10070":"t","10071":" ","10072":"t","10073":"o","10074":" ","10075":"u","10076":"p","10077":"d","10078":"a","10079":"t","10080":"e","10081":" ","10082":"t","10083":"h","10084":"e","10085":" ","10086":"r","10087":"e","10088":"s","10089":"u","10090":"m","10091":"e","10092":" ","10093":"d","10094":"a","10095":"t","10096":"a","10097":" ","10098":"i","10099":"n","10100":" ","10101":"t","10102":"h","10103":"e","10104":" ","10105":"p","10106":"a","10107":"r","10108":"e","10109":"n","10110":"t","10111":" ","10112":"c","10113":"o","10114":"m","10115":"p","10116":"o","10117":"n","10118":"e","10119":"n","10120":"t","10121":"\\","10122":"n","10123":" ","10124":" ","10125":" ","10126":" ","10127":" ","10128":" ","10129":" ","10130":" ","10131":" ","10132":" ","10133":" ","10134":" ","10135":"t","10136":"h","10137":"i","10138":"s","10139":".","10140":"$","10141":"e","10142":"m","10143":"i","10144":"t","10145":"(","10146":"'","10147":"o","10148":"n","10149":"U","10150":"p","10151":"d","10152":"a","10153":"t","10154":"e","10155":"'","10156":",","10157":" ","10158":"t","10159":"h","10160":"i","10161":"s","10162":".","10163":"c","10164":"u","10165":"r","10166":"r","10167":"e","10168":"n","10169":"t","10170":"D","10171":"a","10172":"t","10173":"a","10174":")","10175":"\\","10176":"n","10177":" ","10178":" ","10179":" ","10180":" ","10181":" ","10182":" ","10183":" ","10184":" ","10185":"}","10186":",","10187":"\\","10188":"n","10189":" ","10190":" ","10191":" ","10192":" ","10193":"}","10194":",","10195":"\\","10196":"n","10197":"}","10198":"\\","10199":"n","10200":"<","10201":"/","10202":"s","10203":"c","10204":"r","10205":"i","10206":"p","10207":"t","10208":">","10209":"\\","10210":"n","10211":"\\","10212":"n","10213":"<","10214":"s","10215":"t","10216":"y","10217":"l","10218":"e","10219":" ","10220":"l","10221":"a","10222":"n","10223":"g","10224":"=","10225":"\\","10226":"\"","10227":"s","10228":"c","10229":"s","10230":"s","10231":"\\","10232":"\"","10233":" ","10234":"s","10235":"c","10236":"o","10237":"p","10238":"e","10239":"d","10240":">","10241":"<","10242":"/","10243":"s","10244":"t","10245":"y","10246":"l","10247":"e","10248":">","10249":"\"","10250":"]","10251":"}"},"_coverageSchema":"1a1c01bbd47fc00a2c39e90264f33305004495a9","hash":"05e67070ead9ac8d4f3166423ff740011855d53b"}
}
