{"/Users/syedtalhaahmedgardazi/Desktop/Self Coding.nosync/Finalized/resume-builder/src/components/CertificateCard.vue": {"path":"/Users/syedtalhaahmedgardazi/Desktop/Self Coding.nosync/Finalized/resume-builder/src/components/CertificateCard.vue","statementMap":{"0":{"start":{"line":4,"column":29},"end":{"line":4,"column":189}},"1":{"start":{"line":5,"column":0},"end":{"line":7,"column":3}},"2":{"start":{"line":8,"column":0},"end":{"line":8,"column":25}},"3":{"start":{"line":17,"column":0},"end":{"line":19,"column":45}},"4":{"start":{"line":22,"column":0},"end":{"line":26,"column":9}},"5":{"start":{"line":92,"column":0},"end":{"line":92,"column":13}},"6":{"start":{"line":94,"column":0},"end":{"line":96,"column":3}},"7":{"start":{"line":97,"column":0},"end":{"line":97,"column":24}},"8":{"start":{"line":98,"column":11},"end":{"line":98,"column":25}},"9":{"start":{"line":99,"column":19},"end":{"line":101,"column":1}},"10":{"start":{"line":102,"column":19},"end":{"line":106,"column":1}},"11":{"start":{"line":107,"column":32},"end":{"line":111,"column":89}},"12":{"start":{"line":112,"column":32},"end":{"line":116,"column":88}},"13":{"start":{"line":117,"column":32},"end":{"line":121,"column":89}},"14":{"start":{"line":122,"column":32},"end":{"line":126,"column":87}},"15":{"start":{"line":127,"column":32},"end":{"line":127,"column":96}},"16":{"start":{"line":128,"column":32},"end":{"line":132,"column":99}},"17":{"start":{"line":133,"column":19},"end":{"line":137,"column":1}},"18":{"start":{"line":139,"column":28},"end":{"line":139,"column":64}},"19":{"start":{"line":140,"column":28},"end":{"line":140,"column":64}},"20":{"start":{"line":141,"column":30},"end":{"line":141,"column":68}},"21":{"start":{"line":142,"column":36},"end":{"line":142,"column":80}},"22":{"start":{"line":143,"column":28},"end":{"line":143,"column":64}},"23":{"start":{"line":144,"column":29},"end":{"line":144,"column":66}},"24":{"start":{"line":145,"column":31},"end":{"line":145,"column":70}},"25":{"start":{"line":146,"column":38},"end":{"line":146,"column":84}},"26":{"start":{"line":147,"column":33},"end":{"line":147,"column":74}},"27":{"start":{"line":148,"column":2},"end":{"line":366,"column":5}},"28":{"start":{"line":151,"column":37},"end":{"line":364,"column":7}},"29":{"start":{"line":152,"column":37},"end":{"line":161,"column":9}},"30":{"start":{"line":159,"column":41},"end":{"line":159,"column":707}},"31":{"start":{"line":162,"column":39},"end":{"line":362,"column":11}},"32":{"start":{"line":168,"column":41},"end":{"line":233,"column":82}},"33":{"start":{"line":175,"column":43},"end":{"line":199,"column":13}},"34":{"start":{"line":179,"column":45},"end":{"line":185,"column":15}},"35":{"start":{"line":183,"column":47},"end":{"line":183,"column":59}},"36":{"start":{"line":191,"column":45},"end":{"line":197,"column":63}},"37":{"start":{"line":193,"column":73},"end":{"line":193,"column":107}},"38":{"start":{"line":207,"column":43},"end":{"line":231,"column":13}},"39":{"start":{"line":211,"column":45},"end":{"line":217,"column":15}},"40":{"start":{"line":215,"column":47},"end":{"line":215,"column":59}},"41":{"start":{"line":223,"column":45},"end":{"line":229,"column":63}},"42":{"start":{"line":225,"column":73},"end":{"line":225,"column":103}},"43":{"start":{"line":241,"column":41},"end":{"line":310,"column":82}},"44":{"start":{"line":248,"column":43},"end":{"line":274,"column":13}},"45":{"start":{"line":252,"column":45},"end":{"line":258,"column":15}},"46":{"start":{"line":256,"column":47},"end":{"line":256,"column":59}},"47":{"start":{"line":264,"column":45},"end":{"line":272,"column":72}},"48":{"start":{"line":266,"column":73},"end":{"line":266,"column":108}},"49":{"start":{"line":282,"column":43},"end":{"line":308,"column":13}},"50":{"start":{"line":286,"column":45},"end":{"line":292,"column":15}},"51":{"start":{"line":290,"column":47},"end":{"line":290,"column":59}},"52":{"start":{"line":298,"column":45},"end":{"line":306,"column":72}},"53":{"start":{"line":300,"column":73},"end":{"line":300,"column":106}},"54":{"start":{"line":318,"column":41},"end":{"line":351,"column":11}},"55":{"start":{"line":324,"column":43},"end":{"line":349,"column":13}},"56":{"start":{"line":328,"column":45},"end":{"line":334,"column":15}},"57":{"start":{"line":332,"column":47},"end":{"line":332,"column":59}},"58":{"start":{"line":340,"column":45},"end":{"line":347,"column":63}},"59":{"start":{"line":344,"column":73},"end":{"line":344,"column":113}},"60":{"start":{"line":355,"column":53},"end":{"line":355,"column":84}},"61":{"start":{"line":357,"column":41},"end":{"line":360,"column":50}},"62":{"start":{"line":358,"column":43},"end":{"line":358,"column":85}},"63":{"start":{"line":367,"column":2},"end":{"line":367,"column":49}}},"fnMap":{"0":{"name":"render","decl":{"start":{"line":138,"column":9},"end":{"line":138,"column":15}},"loc":{"start":{"line":138,"column":30},"end":{"line":367,"column":1}},"line":138},"1":{"name":"(anonymous_1)","decl":{"start":{"line":151,"column":31},"end":{"line":151,"column":32}},"loc":{"start":{"line":151,"column":37},"end":{"line":364,"column":7}},"line":151},"2":{"name":"(anonymous_2)","decl":{"start":{"line":152,"column":31},"end":{"line":152,"column":32}},"loc":{"start":{"line":152,"column":37},"end":{"line":161,"column":9}},"line":152},"3":{"name":"(anonymous_3)","decl":{"start":{"line":159,"column":35},"end":{"line":159,"column":36}},"loc":{"start":{"line":159,"column":41},"end":{"line":159,"column":707}},"line":159},"4":{"name":"(anonymous_4)","decl":{"start":{"line":162,"column":33},"end":{"line":162,"column":34}},"loc":{"start":{"line":162,"column":39},"end":{"line":362,"column":11}},"line":162},"5":{"name":"(anonymous_5)","decl":{"start":{"line":168,"column":35},"end":{"line":168,"column":36}},"loc":{"start":{"line":168,"column":41},"end":{"line":233,"column":82}},"line":168},"6":{"name":"(anonymous_6)","decl":{"start":{"line":175,"column":37},"end":{"line":175,"column":38}},"loc":{"start":{"line":175,"column":43},"end":{"line":199,"column":13}},"line":175},"7":{"name":"(anonymous_7)","decl":{"start":{"line":179,"column":39},"end":{"line":179,"column":40}},"loc":{"start":{"line":179,"column":45},"end":{"line":185,"column":15}},"line":179},"8":{"name":"(anonymous_8)","decl":{"start":{"line":183,"column":41},"end":{"line":183,"column":42}},"loc":{"start":{"line":183,"column":47},"end":{"line":183,"column":59}},"line":183},"9":{"name":"(anonymous_9)","decl":{"start":{"line":191,"column":39},"end":{"line":191,"column":40}},"loc":{"start":{"line":191,"column":45},"end":{"line":197,"column":63}},"line":191},"10":{"name":"(anonymous_10)","decl":{"start":{"line":193,"column":63},"end":{"line":193,"column":64}},"loc":{"start":{"line":193,"column":73},"end":{"line":193,"column":107}},"line":193},"11":{"name":"(anonymous_11)","decl":{"start":{"line":207,"column":37},"end":{"line":207,"column":38}},"loc":{"start":{"line":207,"column":43},"end":{"line":231,"column":13}},"line":207},"12":{"name":"(anonymous_12)","decl":{"start":{"line":211,"column":39},"end":{"line":211,"column":40}},"loc":{"start":{"line":211,"column":45},"end":{"line":217,"column":15}},"line":211},"13":{"name":"(anonymous_13)","decl":{"start":{"line":215,"column":41},"end":{"line":215,"column":42}},"loc":{"start":{"line":215,"column":47},"end":{"line":215,"column":59}},"line":215},"14":{"name":"(anonymous_14)","decl":{"start":{"line":223,"column":39},"end":{"line":223,"column":40}},"loc":{"start":{"line":223,"column":45},"end":{"line":229,"column":63}},"line":223},"15":{"name":"(anonymous_15)","decl":{"start":{"line":225,"column":63},"end":{"line":225,"column":64}},"loc":{"start":{"line":225,"column":73},"end":{"line":225,"column":103}},"line":225},"16":{"name":"(anonymous_16)","decl":{"start":{"line":241,"column":35},"end":{"line":241,"column":36}},"loc":{"start":{"line":241,"column":41},"end":{"line":310,"column":82}},"line":241},"17":{"name":"(anonymous_17)","decl":{"start":{"line":248,"column":37},"end":{"line":248,"column":38}},"loc":{"start":{"line":248,"column":43},"end":{"line":274,"column":13}},"line":248},"18":{"name":"(anonymous_18)","decl":{"start":{"line":252,"column":39},"end":{"line":252,"column":40}},"loc":{"start":{"line":252,"column":45},"end":{"line":258,"column":15}},"line":252},"19":{"name":"(anonymous_19)","decl":{"start":{"line":256,"column":41},"end":{"line":256,"column":42}},"loc":{"start":{"line":256,"column":47},"end":{"line":256,"column":59}},"line":256},"20":{"name":"(anonymous_20)","decl":{"start":{"line":264,"column":39},"end":{"line":264,"column":40}},"loc":{"start":{"line":264,"column":45},"end":{"line":272,"column":72}},"line":264},"21":{"name":"(anonymous_21)","decl":{"start":{"line":266,"column":63},"end":{"line":266,"column":64}},"loc":{"start":{"line":266,"column":73},"end":{"line":266,"column":108}},"line":266},"22":{"name":"(anonymous_22)","decl":{"start":{"line":282,"column":37},"end":{"line":282,"column":38}},"loc":{"start":{"line":282,"column":43},"end":{"line":308,"column":13}},"line":282},"23":{"name":"(anonymous_23)","decl":{"start":{"line":286,"column":39},"end":{"line":286,"column":40}},"loc":{"start":{"line":286,"column":45},"end":{"line":292,"column":15}},"line":286},"24":{"name":"(anonymous_24)","decl":{"start":{"line":290,"column":41},"end":{"line":290,"column":42}},"loc":{"start":{"line":290,"column":47},"end":{"line":290,"column":59}},"line":290},"25":{"name":"(anonymous_25)","decl":{"start":{"line":298,"column":39},"end":{"line":298,"column":40}},"loc":{"start":{"line":298,"column":45},"end":{"line":306,"column":72}},"line":298},"26":{"name":"(anonymous_26)","decl":{"start":{"line":300,"column":63},"end":{"line":300,"column":64}},"loc":{"start":{"line":300,"column":73},"end":{"line":300,"column":106}},"line":300},"27":{"name":"(anonymous_27)","decl":{"start":{"line":318,"column":35},"end":{"line":318,"column":36}},"loc":{"start":{"line":318,"column":41},"end":{"line":351,"column":11}},"line":318},"28":{"name":"(anonymous_28)","decl":{"start":{"line":324,"column":37},"end":{"line":324,"column":38}},"loc":{"start":{"line":324,"column":43},"end":{"line":349,"column":13}},"line":324},"29":{"name":"(anonymous_29)","decl":{"start":{"line":328,"column":39},"end":{"line":328,"column":40}},"loc":{"start":{"line":328,"column":45},"end":{"line":334,"column":15}},"line":328},"30":{"name":"(anonymous_30)","decl":{"start":{"line":332,"column":41},"end":{"line":332,"column":42}},"loc":{"start":{"line":332,"column":47},"end":{"line":332,"column":59}},"line":332},"31":{"name":"(anonymous_31)","decl":{"start":{"line":340,"column":39},"end":{"line":340,"column":40}},"loc":{"start":{"line":340,"column":45},"end":{"line":347,"column":63}},"line":340},"32":{"name":"(anonymous_32)","decl":{"start":{"line":344,"column":63},"end":{"line":344,"column":64}},"loc":{"start":{"line":344,"column":73},"end":{"line":344,"column":113}},"line":344},"33":{"name":"(anonymous_33)","decl":{"start":{"line":355,"column":43},"end":{"line":355,"column":44}},"loc":{"start":{"line":355,"column":53},"end":{"line":355,"column":84}},"line":355},"34":{"name":"(anonymous_34)","decl":{"start":{"line":357,"column":35},"end":{"line":357,"column":36}},"loc":{"start":{"line":357,"column":41},"end":{"line":360,"column":50}},"line":357},"35":{"name":"(anonymous_35)","decl":{"start":{"line":358,"column":37},"end":{"line":358,"column":38}},"loc":{"start":{"line":358,"column":43},"end":{"line":358,"column":85}},"line":358}},"branchMap":{"0":{"loc":{"start":{"line":193,"column":37},"end":{"line":193,"column":108}},"type":"binary-expr","locations":[{"start":{"line":193,"column":37},"end":{"line":193,"column":46}},{"start":{"line":193,"column":51},"end":{"line":193,"column":107}}],"line":193},"1":{"loc":{"start":{"line":225,"column":37},"end":{"line":225,"column":104}},"type":"binary-expr","locations":[{"start":{"line":225,"column":37},"end":{"line":225,"column":46}},{"start":{"line":225,"column":51},"end":{"line":225,"column":103}}],"line":225},"2":{"loc":{"start":{"line":266,"column":37},"end":{"line":266,"column":109}},"type":"binary-expr","locations":[{"start":{"line":266,"column":37},"end":{"line":266,"column":46}},{"start":{"line":266,"column":51},"end":{"line":266,"column":108}}],"line":266},"3":{"loc":{"start":{"line":300,"column":37},"end":{"line":300,"column":107}},"type":"binary-expr","locations":[{"start":{"line":300,"column":37},"end":{"line":300,"column":46}},{"start":{"line":300,"column":51},"end":{"line":300,"column":106}}],"line":300},"4":{"loc":{"start":{"line":344,"column":37},"end":{"line":344,"column":114}},"type":"binary-expr","locations":[{"start":{"line":344,"column":37},"end":{"line":344,"column":46}},{"start":{"line":344,"column":51},"end":{"line":344,"column":113}}],"line":344},"5":{"loc":{"start":{"line":355,"column":17},"end":{"line":355,"column":85}},"type":"binary-expr","locations":[{"start":{"line":355,"column":17},"end":{"line":355,"column":26}},{"start":{"line":355,"column":31},"end":{"line":355,"column":84}}],"line":355}},"s":{"0":1,"1":1,"2":1,"3":1,"4":1,"5":1,"6":1,"7":1,"8":1,"9":1,"10":1,"11":1,"12":1,"13":1,"14":1,"15":1,"16":1,"17":1,"18":4,"19":4,"20":4,"21":4,"22":4,"23":4,"24":4,"25":4,"26":4,"27":4,"28":4,"29":0,"30":0,"31":4,"32":4,"33":4,"34":4,"35":4,"36":4,"37":0,"38":4,"39":4,"40":4,"41":4,"42":0,"43":4,"44":4,"45":4,"46":4,"47":4,"48":0,"49":4,"50":4,"51":4,"52":4,"53":0,"54":4,"55":4,"56":4,"57":4,"58":4,"59":0,"60":1,"61":4,"62":4,"63":1},"f":{"0":4,"1":4,"2":0,"3":0,"4":4,"5":4,"6":4,"7":4,"8":4,"9":4,"10":0,"11":4,"12":4,"13":4,"14":4,"15":0,"16":4,"17":4,"18":4,"19":4,"20":4,"21":0,"22":4,"23":4,"24":4,"25":4,"26":0,"27":4,"28":4,"29":4,"30":4,"31":4,"32":0,"33":1,"34":4,"35":4},"b":{"0":[4,4],"1":[4,4],"2":[4,4],"3":[4,4],"4":[4,4],"5":[4,4]},"inputSourceMap":{"0":"{","1":"\"","2":"v","3":"e","4":"r","5":"s","6":"i","7":"o","8":"n","9":"\"","10":":","11":"3","12":",","13":"\"","14":"s","15":"o","16":"u","17":"r","18":"c","19":"e","20":"s","21":"\"","22":":","23":"[","24":"\"","25":"/","26":"U","27":"s","28":"e","29":"r","30":"s","31":"/","32":"s","33":"y","34":"e","35":"d","36":"t","37":"a","38":"l","39":"h","40":"a","41":"a","42":"h","43":"m","44":"e","45":"d","46":"g","47":"a","48":"r","49":"d","50":"a","51":"z","52":"i","53":"/","54":"D","55":"e","56":"s","57":"k","58":"t","59":"o","60":"p","61":"/","62":"S","63":"e","64":"l","65":"f","66":" ","67":"C","68":"o","69":"d","70":"i","71":"n","72":"g","73":".","74":"n","75":"o","76":"s","77":"y","78":"n","79":"c","80":"/","81":"F","82":"i","83":"n","84":"a","85":"l","86":"i","87":"z","88":"e","89":"d","90":"/","91":"r","92":"e","93":"s","94":"u","95":"m","96":"e","97":"-","98":"b","99":"u","100":"i","101":"l","102":"d","103":"e","104":"r","105":"/","106":"s","107":"r","108":"c","109":"/","110":"c","111":"o","112":"m","113":"p","114":"o","115":"n","116":"e","117":"n","118":"t","119":"s","120":"/","121":"C","122":"e","123":"r","124":"t","125":"i","126":"f","127":"i","128":"c","129":"a","130":"t","131":"e","132":"C","133":"a","134":"r","135":"d","136":".","137":"v","138":"u","139":"e","140":"\"","141":"]","142":",","143":"\"","144":"n","145":"a","146":"m","147":"e","148":"s","149":"\"","150":":","151":"[","152":"]","153":",","154":"\"","155":"m","156":"a","157":"p","158":"p","159":"i","160":"n","161":"g","162":"s","163":"\"","164":":","165":"\"","166":";","167":";","168":";","169":";","170":";","171":";","172":";","173":";","174":"A","175":"A","176":"o","177":"H","178":"A","179":";","180":"A","181":"A","182":"A","183":"A","184":";","185":"A","186":"A","187":"A","188":"A","189":";","190":"A","191":"A","192":"C","193":"A","194":";","195":"A","196":"A","197":"A","198":"A","199":";","200":"A","201":"A","202":"A","203":"A","204":";","205":"A","206":"A","207":"C","208":"A","209":",","210":"M","211":"A","212":"A","213":"M","214":",","215":"I","216":"A","217":"A","218":"I","219":";","220":"A","221":"A","222":"A","223":"G","224":";","225":"A","226":"A","227":"A","228":"A","229":";","230":"A","231":"A","232":"A","233":"A","234":";","235":"A","236":"A","237":"A","238":"A","239":",","240":"G","241":"A","242":"A","243":"G","244":",","245":"G","246":"A","247":"A","248":"G","249":",","250":"S","251":"A","252":"A","253":"S","254":",","255":"G","256":"A","257":"A","258":"G","259":",","260":"O","261":"A","262":"A","263":"O","264":",","265":"G","266":"A","267":"A","268":"G","269":",","270":"O","271":"A","272":"A","273":"O","274":",","275":"G","276":"A","277":"A","278":"I","279":",","280":"O","281":"A","282":"A","283":"Q","284":";","285":"A","286":"A","287":"C","288":"5","289":"D","290":",","291":"M","292":"A","293":"A","294":"M","295":",","296":"U","297":"A","298":"A","299":"U","300":";","301":"A","302":"A","303":"A","304":"G","305":";","306":"A","307":"A","308":"A","309":"A","310":";","311":"A","312":"A","313":"A","314":"A","315":";","316":"A","317":"A","318":"A","319":"A","320":";","321":"A","322":"A","323":"A","324":"A","325":";","326":"A","327":"A","328":"A","329":"A","330":",","331":"G","332":"A","333":"A","334":"G","335":",","336":"E","337":"A","338":"A","339":"C","340":",","341":"G","342":"A","343":"A","344":"G","345":",","346":"C","347":"A","348":"A","349":"C","350":";","351":"A","352":"A","353":"A","354":"A","355":";","356":"A","357":"A","358":"A","359":"A","360":",","361":"i","362":"C","363":"A","364":"E","365":"Z","366":";","367":"E","368":"A","369":"C","370":"X","371":",","372":"K","373":"A","374":"A","375":"K","376":",","377":"E","378":"A","379":"A","380":"E","381":";","382":"I","383":"A","384":"C","385":"H","386":",","387":"E","388":"A","389":"A","390":"E","391":",","392":"E","393":"A","394":"A","395":"E","396":",","397":"M","398":"A","399":"A","400":"M","401":";","402":"I","403":"A","404":"C","405":"V","406":",","407":"Q","408":"A","409":"A","410":"Q","411":",","412":"E","413":"A","414":"A","415":"E","416":",","417":"M","418":"A","419":"A","420":"M","421":";","422":"I","423":"A","424":"C","425":"h","426":"B","427":",","428":"I","429":"A","430":"A","431":"I","432":",","433":"E","434":"A","435":"A","436":"E","437":",","438":"M","439":"A","440":"A","441":"M","442":";","443":"I","444":"A","445":"C","446":"Z","447":",","448":"S","449":"A","450":"A","451":"S","452":",","453":"E","454":"A","455":"A","456":"E","457":",","458":"M","459":"A","460":"A","461":"M","462":";","463":"I","464":"A","465":"C","466":"j","467":"B","468":",","469":"O","470":"A","471":"A","472":"O","473":",","474":"E","475":"A","476":"A","477":"E","478":",","479":"M","480":"A","481":"A","482":"M","483":";","484":"I","485":"A","486":"C","487":"f","488":",","489":"e","490":"A","491":"A","492":"e","493":",","494":"E","495":"A","496":"A","497":"E","498":",","499":"M","500":"A","501":"A","502":"M","503":";","504":"I","505":"A","506":"C","507":"v","508":"B","509":",","510":"c","511":"A","512":"A","513":"c","514":",","515":"E","516":"A","517":"A","518":"E","519":";","520":"E","521":"A","522":"C","523":"p","524":"B","525":",","526":"C","527":"A","528":"A","529":"C","530":";","531":"E","532":"A","533":"C","534":"D","535":",","536":"K","537":"A","538":"A","539":"K","540":",","541":"E","542":"A","543":"A","544":"E","545":",","546":"C","547":"A","548":"A","549":"C","550":",","551":"U","552":"A","553":"A","554":"U","555":",","556":"E","557":"A","558":"A","559":"E","560":",","561":"U","562":"A","563":"A","564":"U","565":",","566":"C","567":"A","568":"A","569":"C","570":";","571":"E","572":"A","573":"C","574":"/","575":"B","576":",","577":"I","578":"A","579":"A","580":"I","581":",","582":"G","583":"A","584":"A","585":"G","586":";","587":"I","588":"A","589":"C","590":"H","591":",","592":"O","593":"A","594":"A","595":"O","596":";","597":"M","598":"A","599":"C","600":"H","601":",","602":"W","603":"A","604":"A","605":"W","606":",","607":"E","608":"A","609":"A","610":"E","611":";","612":"Q","613":"A","614":"C","615":"T","616":",","617":"E","618":"A","619":"A","620":"E","621":",","622":"E","623":"A","624":"A","625":"E","626":",","627":"I","628":"A","629":"A","630":"I","631":",","632":"C","633":"A","634":"A","635":"C","636":",","637":"E","638":"A","639":"A","640":"E","641":";","642":"Q","643":"A","644":"C","645":"X","646":",","647":"Q","648":"A","649":"A","650":"Q","651":",","652":"E","653":"A","654":"A","655":"E","656":",","657":"I","658":"A","659":"A","660":"I","661":",","662":"C","663":"A","664":"A","665":"C","666":",","667":"Q","668":"A","669":"A","670":"Q","671":";","672":"Q","673":"A","674":"C","675":"v","676":"B","677":",","678":"S","679":"A","680":"A","681":"S","682":",","683":"E","684":"A","685":"A","686":"E","687":",","688":"I","689":"A","690":"A","691":"I","692":",","693":"C","694":"A","695":"A","696":"C","697":",","698":"S","699":"A","700":"A","701":"S","702":";","703":"Q","704":"A","705":"C","706":"z","707":"B","708":",","709":"O","710":"A","711":"A","712":"O","713":",","714":"E","715":"A","716":"A","717":"E","718":",","719":"I","720":"A","721":"A","722":"I","723":",","724":"C","725":"A","726":"A","727":"C","728":",","729":"O","730":"A","731":"A","732":"O","733":";","734":"Q","735":"A","736":"C","737":"r","738":"B","739":",","740":"I","741":"A","742":"A","743":"I","744":",","745":"E","746":"A","747":"A","748":"E","749":",","750":"I","751":"A","752":"A","753":"I","754":",","755":"C","756":"A","757":"A","758":"C","759":",","760":"I","761":"A","762":"A","763":"I","764":";","765":"Q","766":"A","767":"C","768":"f","769":",","770":"e","771":"A","772":"A","773":"e","774":",","775":"E","776":"A","777":"A","778":"E","779":",","780":"I","781":"A","782":"A","783":"I","784":",","785":"C","786":"A","787":"A","788":"C","789":",","790":"e","791":"A","792":"A","793":"e","794":";","795":"Q","796":"A","797":"C","798":"r","799":"C","800":",","801":"c","802":"A","803":"A","804":"c","805":",","806":"E","807":"A","808":"A","809":"E","810":",","811":"I","812":"A","813":"A","814":"I","815":",","816":"C","817":"A","818":"A","819":"C","820":";","821":"M","822":"A","823":"C","824":"z","825":"B","826":",","827":"C","828":"A","829":"A","830":"C","831":";","832":"M","833":"A","834":"C","835":"D","836":",","837":"W","838":"A","839":"A","840":"W","841":",","842":"E","843":"A","844":"A","845":"E","846":";","847":"I","848":"A","849":"C","850":"j","851":"B","852":",","853":"C","854":"A","855":"A","856":"C","857":";","858":"E","859":"A","860":"C","861":"L","862":",","863":"C","864":"A","865":"A","866":"C","867":";","868":"E","869":"A","870":"E","871":"D","872":",","873":"O","874":"A","875":"A","876":"O","877":",","878":"E","879":"A","880":"A","881":"E","882":";","883":"I","884":"A","885":"C","886":"L","887":",","888":"W","889":"A","890":"A","891":"W","892":",","893":"C","894":"A","895":"A","896":"C","897":",","898":"K","899":"A","900":"A","901":"K","902":",","903":"E","904":"A","905":"A","906":"E","907":";","908":"M","909":"A","910":"C","911":"f","912":",","913":"M","914":"A","915":"A","916":"M","917":",","918":"M","919":"A","920":"A","921":"M","922":",","923":"G","924":"A","925":"A","926":"G","927":",","928":"Q","929":"A","930":"A","931":"Q","932":";","933":"M","934":"A","935":"C","936":"v","937":"B","938":",","939":"M","940":"A","941":"A","942":"M","943":",","944":"S","945":"A","946":"A","947":"S","948":",","949":"G","950":"A","951":"A","952":"G","953":",","954":"I","955":"A","956":"A","957":"I","958":",","959":"C","960":"A","961":"A","962":"C","963":",","964":"W","965":"A","966":"A","967":"W","968":",","969":"C","970":"A","971":"A","972":"C","973":",","974":"c","975":"A","976":"A","977":"c","978":",","979":"C","980":"A","981":"A","982":"C","983":",","984":"M","985":"A","986":"A","987":"M","988":";","989":"M","990":"A","991":"E","992":"x","993":"D","994":",","995":"M","996":"A","997":"A","998":"M","999":",","1000":"a","1001":"A","1002":"A","1003":"a","1004":",","1005":"G","1006":"A","1007":"A","1008":"G","1009":",","1010":"I","1011":"A","1012":"A","1013":"I","1014":",","1015":"C","1016":"A","1017":"A","1018":"C","1019":",","1020":"W","1021":"A","1022":"A","1023":"W","1024":",","1025":"C","1026":"A","1027":"A","1028":"C","1029":",","1030":"c","1031":"A","1032":"A","1033":"c","1034":",","1035":"C","1036":"A","1037":"C","1038":"h","1039":"D","1040":",","1041":"M","1042":"A","1043":"A","1044":"M","1045":",","1046":"C","1047":"A","1048":"A","1049":"C","1050":",","1051":"C","1052":"A","1053":"A","1054":"C","1055":",","1056":"C","1057":"A","1058":"A","1059":"C","1060":",","1061":"C","1062":"A","1063":"A","1064":"C","1065":",","1066":"C","1067":"A","1068":"C","1069":"V","1070":",","1071":"U","1072":"A","1073":"A","1074":"U","1075":",","1076":"C","1077":"A","1078":"A","1079":"C","1080":",","1081":"C","1082":"A","1083":"A","1084":"C","1085":",","1086":"C","1087":"A","1088":"A","1089":"C","1090":";","1091":"M","1092":"A","1093":"E","1094":"l","1095":"B","1096":",","1097":"I","1098":"A","1099":"A","1100":"I","1101":",","1102":"S","1103":"A","1104":"A","1105":"S","1106":",","1107":"G","1108":"A","1109":"A","1110":"G","1111":",","1112":"I","1113":"A","1114":"A","1115":"I","1116":",","1117":"C","1118":"A","1119":"A","1120":"C","1121":",","1122":"W","1123":"A","1124":"A","1125":"W","1126":",","1127":"E","1128":"A","1129":"A","1130":"E","1131":";","1132":"Q","1133":"A","1134":"C","1135":"9","1136":"B","1137":",","1138":"I","1139":"A","1140":"A","1141":"I","1142":",","1143":"a","1144":"A","1145":"A","1146":"a","1147":",","1148":"K","1149":"A","1150":"A","1151":"K","1152":",","1153":"E","1154":"A","1155":"A","1156":"E","1157":",","1158":"E","1159":"A","1160":"A","1161":"E","1162":";","1163":"U","1164":"A","1165":"C","1166":"t","1167":"B","1168":",","1169":"M","1170":"A","1171":"A","1172":"M","1173":",","1174":"K","1175":"A","1176":"A","1177":"K","1178":",","1179":"G","1180":"A","1181":"A","1182":"G","1183":",","1184":"I","1185":"A","1186":"A","1187":"I","1188":",","1189":"C","1190":"A","1191":"A","1192":"C","1193":",","1194":"W","1195":"A","1196":"A","1197":"W","1198":",","1199":"C","1200":"A","1201":"A","1202":"C","1203":",","1204":"c","1205":"A","1206":"A","1207":"c","1208":",","1209":"C","1210":"A","1211":"A","1212":"C","1213":",","1214":"K","1215":"A","1216":"A","1217":"K","1218":",","1219":"C","1220":"A","1221":"A","1222":"C","1223":",","1224":"I","1225":"A","1226":"A","1227":"I","1228":",","1229":"C","1230":"A","1231":"A","1232":"C","1233":";","1234":"U","1235":"A","1236":"C","1237":"z","1238":"D","1239":",","1240":"M","1241":"A","1242":"A","1243":"M","1244":",","1245":"W","1246":"A","1247":"A","1248":"W","1249":",","1250":"G","1251":"A","1252":"A","1253":"G","1254":",","1255":"K","1256":"A","1257":"A","1258":"K","1259":",","1260":"C","1261":"A","1262":"A","1263":"C","1264":",","1265":"K","1266":"A","1267":"A","1268":"K","1269":",","1270":"C","1271":"A","1272":"A","1273":"C","1274":",","1275":"M","1276":"A","1277":"A","1278":"M","1279":",","1280":"G","1281":"A","1282":"A","1283":"G","1284":",","1285":"C","1286":"A","1287":"A","1288":"C","1289":",","1290":"C","1291":"A","1292":"A","1293":"C","1294":";","1295":"U","1296":"A","1297":"C","1298":"3","1299":"C","1300":",","1301":"M","1302":"A","1303":"A","1304":"M","1305":",","1306":"W","1307":"A","1308":"A","1309":"W","1310":",","1311":"G","1312":"A","1313":"A","1314":"G","1315":",","1316":"I","1317":"A","1318":"A","1319":"I","1320":",","1321":"C","1322":"A","1323":"A","1324":"C","1325":",","1326":"c","1327":"A","1328":"A","1329":"c","1330":",","1331":"C","1332":"A","1333":"A","1334":"C","1335":",","1336":"W","1337":"A","1338":"A","1339":"W","1340":",","1341":"C","1342":"A","1343":"A","1344":"C","1345":";","1346":"U","1347":"A","1348":"C","1349":"p","1350":"D","1351":",","1352":"I","1353":"A","1354":"A","1355":"I","1356":",","1357":"C","1358":"A","1359":"A","1360":"C","1361":",","1362":"W","1363":"A","1364":"A","1365":"W","1366":",","1367":"C","1368":"A","1369":"A","1370":"C","1371":",","1372":"c","1373":"A","1374":"A","1375":"c","1376":",","1377":"G","1378":"A","1379":"A","1380":"I","1381":",","1382":"G","1383":"A","1384":"A","1385":"E","1386":",","1387":"I","1388":"A","1389":"A","1390":"I","1391":",","1392":"C","1393":"A","1394":"A","1395":"C","1396":",","1397":"W","1398":"A","1399":"A","1400":"W","1401":",","1402":"C","1403":"A","1404":"A","1405":"C","1406":",","1407":"c","1408":"A","1409":"A","1410":"e","1411":",","1412":"G","1413":"A","1414":"A","1415":"E","1416":",","1417":"W","1418":"A","1419":"A","1420":"Y","1421":",","1422":"G","1423":"A","1424":"A","1425":"E","1426":",","1427":"M","1428":"A","1429":"A","1430":"O","1431":",","1432":"G","1433":"A","1434":"A","1435":"E","1436":";","1437":"Q","1438":"A","1439":"C","1440":"l","1441":"G","1442":",","1443":"C","1444":"A","1445":"A","1446":"C","1447":",","1448":"M","1449":"A","1450":"A","1451":"M","1452":",","1453":"I","1454":"A","1455":"A","1456":"I","1457":",","1458":"S","1459":"A","1460":"A","1461":"S","1462":",","1463":"K","1464":"A","1465":"A","1466":"K","1467":",","1468":"C","1469":"A","1470":"A","1471":"C","1472":",","1473":"E","1474":"A","1475":"A","1476":"E","1477":";","1478":"U","1479":"A","1480":"C","1481":"x","1482":"B","1483":",","1484":"I","1485":"A","1486":"A","1487":"I","1488":",","1489":"C","1490":"A","1491":"A","1492":"C","1493":",","1494":"W","1495":"A","1496":"A","1497":"W","1498":",","1499":"C","1500":"A","1501":"A","1502":"C","1503":",","1504":"c","1505":"A","1506":"A","1507":"c","1508":",","1509":"G","1510":"A","1511":"A","1512":"I","1513":",","1514":"G","1515":"A","1516":"A","1517":"E","1518":",","1519":"M","1520":"A","1521":"A","1522":"O","1523":",","1524":"I","1525":"A","1526":"A","1527":"G","1528":",","1529":"I","1530":"A","1531":"A","1532":"I","1533":",","1534":"C","1535":"A","1536":"A","1537":"C","1538":",","1539":"W","1540":"A","1541":"A","1542":"W","1543":",","1544":"C","1545":"A","1546":"A","1547":"C","1548":",","1549":"c","1550":"A","1551":"A","1552":"e","1553":",","1554":"E","1555":"A","1556":"A","1557":"C","1558":";","1559":"Q","1560":"A","1561":"C","1562":"p","1563":"F","1564":";","1565":"M","1566":"A","1567":"C","1568":"J","1569":";","1570":"M","1571":"A","1572":"C","1573":"A","1574":",","1575":"I","1576":"A","1577":"A","1578":"I","1579":",","1580":"C","1581":"A","1582":"A","1583":"C","1584":",","1585":"W","1586":"A","1587":"A","1588":"W","1589":",","1590":"C","1591":"A","1592":"A","1593":"C","1594":",","1595":"e","1596":"A","1597":"A","1598":"e","1599":",","1600":"G","1601":"A","1602":"A","1603":"G","1604":",","1605":"I","1606":"A","1607":"A","1608":"I","1609":",","1610":"C","1611":"A","1612":"A","1613":"C","1614":",","1615":"W","1616":"A","1617":"A","1618":"W","1619":",","1620":"C","1621":"A","1622":"A","1623":"C","1624":",","1625":"c","1626":"A","1627":"A","1628":"c","1629":",","1630":"C","1631":"A","1632":"C","1633":"7","1634":"D","1635":",","1636":"O","1637":"A","1638":"A","1639":"O","1640":",","1641":"C","1642":"A","1643":"A","1644":"C","1645":",","1646":"K","1647":"A","1648":"A","1649":"K","1650":",","1651":"E","1652":"A","1653":"A","1654":"E","1655":",","1656":"E","1657":"A","1658":"A","1659":"E","1660":",","1661":"C","1662":"A","1663":"A","1664":"C","1665":",","1666":"C","1667":"A","1668":"C","1669":"l","1670":"B","1671":",","1672":"O","1673":"A","1674":"A","1675":"O","1676":",","1677":"C","1678":"A","1679":"A","1680":"C","1681":",","1682":"K","1683":"A","1684":"A","1685":"K","1686":",","1687":"E","1688":"A","1689":"A","1690":"E","1691":",","1692":"K","1693":"A","1694":"A","1695":"K","1696":",","1697":"C","1698":"A","1699":"A","1700":"C","1701":",","1702":"C","1703":"A","1704":"C","1705":"r","1706":"B","1707":",","1708":"K","1709":"A","1710":"A","1711":"K","1712":",","1713":"C","1714":"A","1715":"A","1716":"C","1717":",","1718":"K","1719":"A","1720":"A","1721":"K","1722":",","1723":"C","1724":"A","1725":"A","1726":"C","1727":";","1728":"M","1729":"A","1730":"E","1731":"j","1732":"B","1733":",","1734":"I","1735":"A","1736":"A","1737":"I","1738":",","1739":"C","1740":"A","1741":"A","1742":"C","1743":",","1744":"i","1745":"B","1746":"A","1747":"A","1748":"i","1749":"B","1750":",","1751":"C","1752":"A","1753":"A","1754":"C","1755":",","1756":"C","1757":"A","1758":"A","1759":"C","1760":";","1761":"M","1762":"A","1763":"C","1764":"x","1765":"B","1766":",","1767":"I","1768":"A","1769":"A","1770":"I","1771":",","1772":"C","1773":"A","1774":"A","1775":"C","1776":",","1777":"W","1778":"A","1779":"A","1780":"W","1781":",","1782":"G","1783":"A","1784":"A","1785":"G","1786":",","1787":"S","1788":"A","1789":"A","1790":"S","1791":";","1792":"I","1793":"A","1794":"C","1795":"h","1796":"C","1797":",","1798":"C","1799":"A","1800":"A","1801":"C","1802":";","1803":"I","1804":"A","1805":"C","1806":"D","1807":",","1808":"c","1809":"A","1810":"A","1811":"c","1812":",","1813":"C","1814":"A","1815":"A","1816":"C","1817":",","1818":"I","1819":"A","1820":"A","1821":"I","1822":",","1823":"E","1824":"A","1825":"A","1826":"E","1827":";","1828":"M","1829":"A","1830":"C","1831":"j","1832":"B","1833":",","1834":"M","1835":"A","1836":"A","1837":"M","1838":",","1839":"K","1840":"A","1841":"A","1842":"K","1843":",","1844":"G","1845":"A","1846":"A","1847":"G","1848":",","1849":"I","1850":"A","1851":"A","1852":"I","1853":",","1854":"C","1855":"A","1856":"A","1857":"C","1858":",","1859":"K","1860":"A","1861":"A","1862":"K","1863":",","1864":"C","1865":"A","1866":"A","1867":"C","1868":",","1869":"M","1870":"A","1871":"A","1872":"M","1873":",","1874":"C","1875":"A","1876":"A","1877":"C","1878":";","1879":"M","1880":"A","1881":"C","1882":"h","1883":"C","1884":",","1885":"O","1886":"A","1887":"A","1888":"O","1889":",","1890":"K","1891":"A","1892":"A","1893":"K","1894":",","1895":"G","1896":"A","1897":"A","1898":"G","1899":",","1900":"K","1901":"A","1902":"A","1903":"K","1904":",","1905":"C","1906":"A","1907":"A","1908":"C","1909":",","1910":"C","1911":"A","1912":"A","1913":"C","1914":",","1915":"C","1916":"A","1917":"A","1918":"C","1919":",","1920":"G","1921":"A","1922":"A","1923":"G","1924":",","1925":"E","1926":"A","1927":"A","1928":"E","1929":";","1930":"I","1931":"A","1932":"C","1933":"h","1934":"C","1935":",","1936":"C","1937":"A","1938":"A","1939":"C","1940":";","1941":"I","1942":"A","1943":"C","1944":"D","1945":",","1946":"U","1947":"A","1948":"A","1949":"U","1950":",","1951":"C","1952":"A","1953":"A","1954":"C","1955":",","1956":"G","1957":"A","1958":"A","1959":"G","1960":",","1961":"E","1962":"A","1963":"A","1964":"E","1965":";","1966":"M","1967":"A","1968":"C","1969":"Z","1970":",","1971":"O","1972":"A","1973":"A","1974":"O","1975":";","1976":"Q","1977":"A","1978":"A","1979":"A","1980":";","1981":"Q","1982":"A","1983":"A","1984":"A","1985":";","1986":"Q","1987":"A","1988":"A","1989":"A","1990":";","1991":"Q","1992":"A","1993":"A","1994":"A","1995":";","1996":"Q","1997":"A","1998":"A","1999":"A","2000":";","2001":"Q","2002":"A","2003":"A","2004":"A","2005":",","2006":"O","2007":"A","2008":"A","2009":"M","2010":",","2011":"E","2012":"A","2013":"A","2014":"C","2015":",","2016":"G","2017":"A","2018":"A","2019":"G","2020":",","2021":"C","2022":"A","2023":"A","2024":"C","2025":",","2026":"C","2027":"A","2028":"A","2029":"C","2030":",","2031":"M","2032":"A","2033":"A","2034":"M","2035":",","2036":"C","2037":"A","2038":"A","2039":"C","2040":",","2041":"W","2042":"A","2043":"A","2044":"W","2045":";","2046":"M","2047":"A","2048":"A","2049":"C","2050":";","2051":"I","2052":"A","2053":"C","2054":"1","2055":"C","2056":",","2057":"C","2058":"A","2059":"A","2060":"C","2061":";","2062":"I","2063":"A","2064":"C","2065":"D","2066":",","2067":"i","2068":"B","2069":"A","2070":"A","2071":"i","2072":"B","2073":",","2074":"G","2075":"A","2076":"A","2077":"G","2078":";","2079":"M","2080":"A","2081":"C","2082":"h","2083":"B","2084":";","2085":"M","2086":"A","2087":"C","2088":"A","2089":",","2090":"I","2091":"A","2092":"A","2093":"I","2094":",","2095":"C","2096":"A","2097":"A","2098":"C","2099":",","2100":"K","2101":"A","2102":"A","2103":"K","2104":",","2105":"C","2106":"A","2107":"A","2108":"C","2109":",","2110":"U","2111":"A","2112":"A","2113":"U","2114":",","2115":"E","2116":"A","2117":"A","2118":"E","2119":",","2120":"I","2121":"A","2122":"A","2123":"I","2124":",","2125":"C","2126":"A","2127":"A","2128":"C","2129":",","2130":"W","2131":"A","2132":"A","2133":"W","2134":",","2135":"C","2136":"A","2137":"A","2138":"C","2139":";","2140":"I","2141":"A","2142":"C","2143":"5","2144":"C","2145":";","2146":"E","2147":"A","2148":"C","2149":"J","2150":";","2151":"A","2152":"A","2153":"C","2154":"J","2155":",","2156":"C","2157":"A","2158":"A","2159":"C","2160":"\"","2161":",","2162":"\"","2163":"f","2164":"i","2165":"l","2166":"e","2167":"\"","2168":":","2169":"\"","2170":"/","2171":"U","2172":"s","2173":"e","2174":"r","2175":"s","2176":"/","2177":"s","2178":"y","2179":"e","2180":"d","2181":"t","2182":"a","2183":"l","2184":"h","2185":"a","2186":"a","2187":"h","2188":"m","2189":"e","2190":"d","2191":"g","2192":"a","2193":"r","2194":"d","2195":"a","2196":"z","2197":"i","2198":"/","2199":"D","2200":"e","2201":"s","2202":"k","2203":"t","2204":"o","2205":"p","2206":"/","2207":"S","2208":"e","2209":"l","2210":"f","2211":" ","2212":"C","2213":"o","2214":"d","2215":"i","2216":"n","2217":"g","2218":".","2219":"n","2220":"o","2221":"s","2222":"y","2223":"n","2224":"c","2225":"/","2226":"F","2227":"i","2228":"n","2229":"a","2230":"l","2231":"i","2232":"z","2233":"e","2234":"d","2235":"/","2236":"r","2237":"e","2238":"s","2239":"u","2240":"m","2241":"e","2242":"-","2243":"b","2244":"u","2245":"i","2246":"l","2247":"d","2248":"e","2249":"r","2250":"/","2251":"s","2252":"r","2253":"c","2254":"/","2255":"c","2256":"o","2257":"m","2258":"p","2259":"o","2260":"n","2261":"e","2262":"n","2263":"t","2264":"s","2265":"/","2266":"C","2267":"e","2268":"r","2269":"t","2270":"i","2271":"f","2272":"i","2273":"c","2274":"a","2275":"t","2276":"e","2277":"C","2278":"a","2279":"r","2280":"d","2281":".","2282":"v","2283":"u","2284":"e","2285":"\"","2286":",","2287":"\"","2288":"s","2289":"o","2290":"u","2291":"r","2292":"c","2293":"e","2294":"s","2295":"C","2296":"o","2297":"n","2298":"t","2299":"e","2300":"n","2301":"t","2302":"\"","2303":":","2304":"[","2305":"\"","2306":"<","2307":"t","2308":"e","2309":"m","2310":"p","2311":"l","2312":"a","2313":"t","2314":"e","2315":">","2316":"\\","2317":"n","2318":" ","2319":" ","2320":" ","2321":" ","2322":"<","2323":"e","2324":"l","2325":"-","2326":"c","2327":"o","2328":"l","2329":"l","2330":"a","2331":"p","2332":"s","2333":"e","2334":" ","2335":"a","2336":"c","2337":"c","2338":"o","2339":"r","2340":"d","2341":"i","2342":"o","2343":"n","2344":">","2345":"\\","2346":"n","2347":" ","2348":" ","2349":" ","2350":" ","2351":" ","2352":" ","2353":" ","2354":" ","2355":"<","2356":"e","2357":"l","2358":"-","2359":"c","2360":"o","2361":"l","2362":"l","2363":"a","2364":"p","2365":"s","2366":"e","2367":"-","2368":"i","2369":"t","2370":"e","2371":"m","2372":">","2373":"\\","2374":"n","2375":" ","2376":" ","2377":" ","2378":" ","2379":" ","2380":" ","2381":" ","2382":" ","2383":" ","2384":" ","2385":" ","2386":" ","2387":"<","2388":"!","2389":"-","2390":"-","2391":" ","2392":"T","2393":"i","2394":"t","2395":"l","2396":"e","2397":" ","2398":"f","2399":"o","2400":"r","2401":" ","2402":"t","2403":"h","2404":"e","2405":" ","2406":"e","2407":"l","2408":"-","2409":"c","2410":"o","2411":"l","2412":"l","2413":"a","2414":"p","2415":"s","2416":"e","2417":" ","2418":"-","2419":"-","2420":">","2421":"\\","2422":"n","2423":" ","2424":" ","2425":" ","2426":" ","2427":" ","2428":" ","2429":" ","2430":" ","2431":" ","2432":" ","2433":" ","2434":" ","2435":"<","2436":"t","2437":"e","2438":"m","2439":"p","2440":"l","2441":"a","2442":"t","2443":"e","2444":" ","2445":"#","2446":"t","2447":"i","2448":"t","2449":"l","2450":"e","2451":">","2452":"\\","2453":"n","2454":" ","2455":" ","2456":" ","2457":" ","2458":" ","2459":" ","2460":" ","2461":" ","2462":" ","2463":" ","2464":" ","2465":" ","2466":" ","2467":" ","2468":" ","2469":" ","2470":"<","2471":"e","2472":"l","2473":"-","2474":"c","2475":"o","2476":"l","2477":" ","2478":"c","2479":"l","2480":"a","2481":"s","2482":"s","2483":"=","2484":"\\","2485":"\"","2486":"p","2487":"a","2488":"-","2489":"0","2490":" ","2491":"m","2492":"x","2493":"-","2494":"a","2495":"u","2496":"t","2497":"o","2498":"\\","2499":"\"","2500":" ","2501":":","2502":"l","2503":"g","2504":"=","2505":"\\","2506":"\"","2507":"2","2508":"4","2509":"\\","2510":"\"","2511":" ","2512":":","2513":"m","2514":"d","2515":"=","2516":"\\","2517":"\"","2518":"2","2519":"4","2520":"\\","2521":"\"","2522":" ","2523":":","2524":"s","2525":"d","2526":"=","2527":"\\","2528":"\"","2529":"2","2530":"4","2531":"\\","2532":"\"","2533":" ","2534":":","2535":"s","2536":"p","2537":"a","2538":"n","2539":"=","2540":"\\","2541":"\"","2542":"2","2543":"4","2544":"\\","2545":"\"","2546":">","2547":"\\","2548":"n","2549":" ","2550":" ","2551":" ","2552":" ","2553":" ","2554":" ","2555":" ","2556":" ","2557":" ","2558":" ","2559":" ","2560":" ","2561":" ","2562":" ","2563":" ","2564":" ","2565":" ","2566":" ","2567":" ","2568":" ","2569":"<","2570":"!","2571":"-","2572":"-","2573":" ","2574":"<","2575":"b","2576":"r","2577":">","2578":" ","2579":"-","2580":"-","2581":">","2582":"\\","2583":"n","2584":" ","2585":" ","2586":" ","2587":" ","2588":" ","2589":" ","2590":" ","2591":" ","2592":" ","2593":" ","2594":" ","2595":" ","2596":" ","2597":" ","2598":" ","2599":" ","2600":" ","2601":" ","2602":" ","2603":" ","2604":"<","2605":"d","2606":"i","2607":"v","2608":" ","2609":"c","2610":"l","2611":"a","2612":"s","2613":"s","2614":"=","2615":"\\","2616":"\"","2617":"t","2618":"e","2619":"x","2620":"t","2621":"-","2622":"c","2623":"a","2624":"p","2625":"t","2626":"i","2627":"o","2628":"n","2629":"\\","2630":"\"","2631":">","2632":"{","2633":"{","2634":" ","2635":"c","2636":"u","2637":"r","2638":"r","2639":"e","2640":"n","2641":"t","2642":"D","2643":"a","2644":"t","2645":"a","2646":".","2647":"c","2648":"e","2649":"r","2650":"t","2651":"N","2652":"a","2653":"m","2654":"e","2655":" ","2656":"}","2657":"}","2658":" ","2659":"<","2660":"s","2661":"p","2662":"a","2663":"n","2664":" ","2665":"s","2666":"t","2667":"y","2668":"l","2669":"e","2670":"=","2671":"\\","2672":"\"","2673":"c","2674":"o","2675":"l","2676":"o","2677":"r","2678":":","2679":" ","2680":"g","2681":"r","2682":"e","2683":"y","2684":"\\","2685":"\"","2686":">","2687":"(","2688":"{","2689":"{","2690":"\\","2691":"n","2692":" ","2693":" ","2694":" ","2695":" ","2696":" ","2697":" ","2698":" ","2699":" ","2700":" ","2701":" ","2702":" ","2703":" ","2704":" ","2705":" ","2706":" ","2707":" ","2708":" ","2709":" ","2710":" ","2711":" ","2712":" ","2713":" ","2714":" ","2715":" ","2716":"f","2717":"o","2718":"r","2719":"m","2720":"a","2721":"t","2722":"D","2723":"a","2724":"t","2725":"e","2726":"(","2727":"c","2728":"u","2729":"r","2730":"r","2731":"e","2732":"n","2733":"t","2734":"D","2735":"a","2736":"t","2737":"a","2738":".","2739":"s","2740":"t","2741":"a","2742":"r","2743":"t","2744":"D","2745":"a","2746":"t","2747":"e","2748":")","2749":" ","2750":"}","2751":"}","2752":" ","2753":"-","2754":"\\","2755":"n","2756":" ","2757":" ","2758":" ","2759":" ","2760":" ","2761":" ","2762":" ","2763":" ","2764":" ","2765":" ","2766":" ","2767":" ","2768":" ","2769":" ","2770":" ","2771":" ","2772":" ","2773":" ","2774":" ","2775":" ","2776":" ","2777":" ","2778":" ","2779":" ","2780":" ","2781":" ","2782":" ","2783":" ","2784":"{","2785":"{","2786":" ","2787":"f","2788":"o","2789":"r","2790":"m","2791":"a","2792":"t","2793":"D","2794":"a","2795":"t","2796":"e","2797":"(","2798":"c","2799":"u","2800":"r","2801":"r","2802":"e","2803":"n","2804":"t","2805":"D","2806":"a","2807":"t","2808":"a","2809":".","2810":"e","2811":"n","2812":"d","2813":"D","2814":"a","2815":"t","2816":"e","2817":")","2818":" ","2819":"}","2820":"}","2821":")","2822":"<","2823":"/","2824":"s","2825":"p","2826":"a","2827":"n","2828":">","2829":"<","2830":"/","2831":"d","2832":"i","2833":"v","2834":">","2835":"\\","2836":"n","2837":" ","2838":" ","2839":" ","2840":" ","2841":" ","2842":" ","2843":" ","2844":" ","2845":" ","2846":" ","2847":" ","2848":" ","2849":" ","2850":" ","2851":" ","2852":" ","2853":" ","2854":" ","2855":" ","2856":" ","2857":"<","2858":"!","2859":"-","2860":"-","2861":" ","2862":"<","2863":"d","2864":"i","2865":"v","2866":" ","2867":"c","2868":"l","2869":"a","2870":"s","2871":"s","2872":"=","2873":"\\","2874":"\"","2875":"t","2876":"e","2877":"x","2878":"t","2879":"-","2880":"s","2881":"u","2882":"b","2883":"t","2884":"i","2885":"t","2886":"l","2887":"e","2888":"-","2889":"2","2890":"\\","2891":"\"","2892":" ","2893":"s","2894":"t","2895":"y","2896":"l","2897":"e","2898":"=","2899":"\\","2900":"\"","2901":"c","2902":"o","2903":"l","2904":"o","2905":"r","2906":":","2907":" ","2908":"g","2909":"r","2910":"e","2911":"y","2912":"\\","2913":"\"","2914":">","2915":"\\","2916":"n","2917":" ","2918":" ","2919":" ","2920":" ","2921":" ","2922":" ","2923":" ","2924":" ","2925":" ","2926":" ","2927":" ","2928":" ","2929":" ","2930":" ","2931":" ","2932":" ","2933":" ","2934":" ","2935":" ","2936":" ","2937":" ","2938":" ","2939":" ","2940":" ","2941":"{","2942":"{","2943":" ","2944":"f","2945":"o","2946":"r","2947":"m","2948":"a","2949":"t","2950":"D","2951":"a","2952":"t","2953":"e","2954":"(","2955":"c","2956":"u","2957":"r","2958":"r","2959":"e","2960":"n","2961":"t","2962":"D","2963":"a","2964":"t","2965":"a","2966":".","2967":"s","2968":"t","2969":"a","2970":"r","2971":"t","2972":"D","2973":"a","2974":"t","2975":"e","2976":")","2977":" ","2978":"}","2979":"}","2980":" ","2981":"-","2982":"\\","2983":"n","2984":" ","2985":" ","2986":" ","2987":" ","2988":" ","2989":" ","2990":" ","2991":" ","2992":" ","2993":" ","2994":" ","2995":" ","2996":" ","2997":" ","2998":" ","2999":" ","3000":" ","3001":" ","3002":" ","3003":" ","3004":" ","3005":" ","3006":" ","3007":" ","3008":"{","3009":"{","3010":" ","3011":"f","3012":"o","3013":"r","3014":"m","3015":"a","3016":"t","3017":"D","3018":"a","3019":"t","3020":"e","3021":"(","3022":"c","3023":"u","3024":"r","3025":"r","3026":"e","3027":"n","3028":"t","3029":"D","3030":"a","3031":"t","3032":"a","3033":".","3034":"e","3035":"n","3036":"d","3037":"D","3038":"a","3039":"t","3040":"e","3041":")","3042":" ","3043":"}","3044":"}","3045":"\\","3046":"n","3047":" ","3048":" ","3049":" ","3050":" ","3051":" ","3052":" ","3053":" ","3054":" ","3055":" ","3056":" ","3057":" ","3058":" ","3059":" ","3060":" ","3061":" ","3062":" ","3063":" ","3064":" ","3065":" ","3066":" ","3067":"<","3068":"/","3069":"d","3070":"i","3071":"v","3072":">","3073":" ","3074":"-","3075":"-","3076":">","3077":"\\","3078":"n","3079":" ","3080":" ","3081":" ","3082":" ","3083":" ","3084":" ","3085":" ","3086":" ","3087":" ","3088":" ","3089":" ","3090":" ","3091":" ","3092":" ","3093":" ","3094":" ","3095":"<","3096":"/","3097":"e","3098":"l","3099":"-","3100":"c","3101":"o","3102":"l","3103":">","3104":"\\","3105":"n","3106":" ","3107":" ","3108":" ","3109":" ","3110":" ","3111":" ","3112":" ","3113":" ","3114":" ","3115":" ","3116":" ","3117":" ","3118":"<","3119":"/","3120":"t","3121":"e","3122":"m","3123":"p","3124":"l","3125":"a","3126":"t","3127":"e","3128":">","3129":"\\","3130":"n","3131":" ","3132":" ","3133":" ","3134":" ","3135":" ","3136":" ","3137":" ","3138":" ","3139":" ","3140":" ","3141":" ","3142":" ","3143":"<","3144":"!","3145":"-","3146":"-","3147":" ","3148":"T","3149":"i","3150":"t","3151":"l","3152":"e","3153":" ","3154":"a","3155":"n","3156":"d","3157":" ","3158":"L","3159":"i","3160":"n","3161":"k","3162":" ","3163":"-","3164":"-","3165":">","3166":"\\","3167":"n","3168":" ","3169":" ","3170":" ","3171":" ","3172":" ","3173":" ","3174":" ","3175":" ","3176":" ","3177":" ","3178":" ","3179":" ","3180":"<","3181":"e","3182":"l","3183":"-","3184":"r","3185":"o","3186":"w","3187":" ","3188":":","3189":"l","3190":"g","3191":"=","3192":"\\","3193":"\"","3194":"2","3195":"4","3196":"\\","3197":"\"","3198":" ","3199":":","3200":"m","3201":"d","3202":"=","3203":"\\","3204":"\"","3205":"2","3206":"4","3207":"\\","3208":"\"","3209":" ","3210":":","3211":"s","3212":"d","3213":"=","3214":"\\","3215":"\"","3216":"2","3217":"4","3218":"\\","3219":"\"","3220":" ","3221":":","3222":"x","3223":"s","3224":"=","3225":"\\","3226":"\"","3227":"2","3228":"4","3229":"\\","3230":"\"","3231":">","3232":"\\","3233":"n","3234":" ","3235":" ","3236":" ","3237":" ","3238":" ","3239":" ","3240":" ","3241":" ","3242":" ","3243":" ","3244":" ","3245":" ","3246":" ","3247":" ","3248":" ","3249":" ","3250":"<","3251":"e","3252":"l","3253":"-","3254":"c","3255":"o","3256":"l","3257":" ","3258":":","3259":"s","3260":"p","3261":"a","3262":"n","3263":"=","3264":"\\","3265":"\"","3266":"1","3267":"2","3268":"\\","3269":"\"","3270":" ","3271":":","3272":"l","3273":"g","3274":"=","3275":"\\","3276":"\"","3277":"1","3278":"2","3279":"\\","3280":"\"","3281":" ","3282":":","3283":"x","3284":"s","3285":"=","3286":"\\","3287":"\"","3288":"2","3289":"4","3290":"\\","3291":"\"","3292":" ","3293":":","3294":"s","3295":"m","3296":"=","3297":"\\","3298":"\"","3299":"1","3300":"2","3301":"\\","3302":"\"","3303":" ","3304":":","3305":"m","3306":"d","3307":"=","3308":"\\","3309":"\"","3310":"1","3311":"2","3312":"\\","3313":"\"","3314":">","3315":"\\","3316":"n","3317":" ","3318":" ","3319":" ","3320":" ","3321":" ","3322":" ","3323":" ","3324":" ","3325":" ","3326":" ","3327":" ","3328":" ","3329":" ","3330":" ","3331":" ","3332":" ","3333":" ","3334":" ","3335":" ","3336":" ","3337":"<","3338":"!","3339":"-","3340":"-","3341":" ","3342":"T","3343":"i","3344":"t","3345":"l","3346":"e","3347":" ","3348":"-","3349":"-","3350":">","3351":"\\","3352":"n","3353":" ","3354":" ","3355":" ","3356":" ","3357":" ","3358":" ","3359":" ","3360":" ","3361":" ","3362":" ","3363":" ","3364":" ","3365":" ","3366":" ","3367":" ","3368":" ","3369":" ","3370":" ","3371":" ","3372":" ","3373":"<","3374":"e","3375":"l","3376":"-","3377":"r","3378":"o","3379":"w","3380":" ","3381":":","3382":"l","3383":"g","3384":"=","3385":"\\","3386":"\"","3387":"2","3388":"4","3389":"\\","3390":"\"","3391":" ","3392":":","3393":"m","3394":"d","3395":"=","3396":"\\","3397":"\"","3398":"2","3399":"4","3400":"\\","3401":"\"","3402":">","3403":"\\","3404":"n","3405":" ","3406":" ","3407":" ","3408":" ","3409":" ","3410":" ","3411":" ","3412":" ","3413":" ","3414":" ","3415":" ","3416":" ","3417":" ","3418":" ","3419":" ","3420":" ","3421":" ","3422":" ","3423":" ","3424":" ","3425":" ","3426":" ","3427":" ","3428":" ","3429":"<","3430":"e","3431":"l","3432":"-","3433":"c","3434":"o","3435":"l","3436":" ","3437":":","3438":"l","3439":"g","3440":"=","3441":"\\","3442":"\"","3443":"2","3444":"4","3445":"\\","3446":"\"","3447":" ","3448":":","3449":"m","3450":"d","3451":"=","3452":"\\","3453":"\"","3454":"2","3455":"4","3456":"\\","3457":"\"","3458":">","3459":"\\","3460":"n","3461":" ","3462":" ","3463":" ","3464":" ","3465":" ","3466":" ","3467":" ","3468":" ","3469":" ","3470":" ","3471":" ","3472":" ","3473":" ","3474":" ","3475":" ","3476":" ","3477":" ","3478":" ","3479":" ","3480":" ","3481":" ","3482":" ","3483":" ","3484":" ","3485":" ","3486":" ","3487":" ","3488":" ","3489":"<","3490":"d","3491":"i","3492":"v","3493":" ","3494":"s","3495":"t","3496":"y","3497":"l","3498":"e","3499":"=","3500":"\\","3501":"\"","3502":"t","3503":"e","3504":"x","3505":"t","3506":"-","3507":"a","3508":"l","3509":"i","3510":"g","3511":"n","3512":":","3513":"c","3514":"e","3515":"n","3516":"t","3517":"e","3518":"r","3519":";","3520":"\\","3521":"\"","3522":">","3523":"\\","3524":"n","3525":"\\","3526":"n","3527":" ","3528":" ","3529":" ","3530":" ","3531":" ","3532":" ","3533":" ","3534":" ","3535":" ","3536":" ","3537":" ","3538":" ","3539":" ","3540":" ","3541":" ","3542":" ","3543":" ","3544":" ","3545":" ","3546":" ","3547":" ","3548":" ","3549":" ","3550":" ","3551":" ","3552":" ","3553":" ","3554":" ","3555":" ","3556":" ","3557":" ","3558":" ","3559":"<","3560":"l","3561":"a","3562":"b","3563":"e","3564":"l","3565":">","3566":"T","3567":"i","3568":"t","3569":"l","3570":"e","3571":"<","3572":"/","3573":"l","3574":"a","3575":"b","3576":"e","3577":"l","3578":">","3579":"\\","3580":"n","3581":" ","3582":" ","3583":" ","3584":" ","3585":" ","3586":" ","3587":" ","3588":" ","3589":" ","3590":" ","3591":" ","3592":" ","3593":" ","3594":" ","3595":" ","3596":" ","3597":" ","3598":" ","3599":" ","3600":" ","3601":" ","3602":" ","3603":" ","3604":" ","3605":" ","3606":" ","3607":" ","3608":" ","3609":"<","3610":"/","3611":"d","3612":"i","3613":"v","3614":">","3615":"\\","3616":"n","3617":" ","3618":" ","3619":" ","3620":" ","3621":" ","3622":" ","3623":" ","3624":" ","3625":" ","3626":" ","3627":" ","3628":" ","3629":" ","3630":" ","3631":" ","3632":" ","3633":" ","3634":" ","3635":" ","3636":" ","3637":" ","3638":" ","3639":" ","3640":" ","3641":"<","3642":"/","3643":"e","3644":"l","3645":"-","3646":"c","3647":"o","3648":"l","3649":">","3650":"\\","3651":"n","3652":" ","3653":" ","3654":" ","3655":" ","3656":" ","3657":" ","3658":" ","3659":" ","3660":" ","3661":" ","3662":" ","3663":" ","3664":" ","3665":" ","3666":" ","3667":" ","3668":" ","3669":" ","3670":" ","3671":" ","3672":"<","3673":"/","3674":"e","3675":"l","3676":"-","3677":"r","3678":"o","3679":"w","3680":">","3681":"\\","3682":"n","3683":" ","3684":" ","3685":" ","3686":" ","3687":" ","3688":" ","3689":" ","3690":" ","3691":" ","3692":" ","3693":" ","3694":" ","3695":" ","3696":" ","3697":" ","3698":" ","3699":" ","3700":" ","3701":" ","3702":" ","3703":"<","3704":"e","3705":"l","3706":"-","3707":"r","3708":"o","3709":"w","3710":" ","3711":":","3712":"l","3713":"g","3714":"=","3715":"\\","3716":"\"","3717":"2","3718":"4","3719":"\\","3720":"\"","3721":" ","3722":":","3723":"m","3724":"d","3725":"=","3726":"\\","3727":"\"","3728":"2","3729":"4","3730":"\\","3731":"\"","3732":">","3733":"\\","3734":"n","3735":" ","3736":" ","3737":" ","3738":" ","3739":" ","3740":" ","3741":" ","3742":" ","3743":" ","3744":" ","3745":" ","3746":" ","3747":" ","3748":" ","3749":" ","3750":" ","3751":" ","3752":" ","3753":" ","3754":" ","3755":" ","3756":" ","3757":" ","3758":" ","3759":"<","3760":"e","3761":"l","3762":"-","3763":"i","3764":"n","3765":"p","3766":"u","3767":"t","3768":" ","3769":"v","3770":"-","3771":"m","3772":"o","3773":"d","3774":"e","3775":"l","3776":"=","3777":"\\","3778":"\"","3779":"c","3780":"u","3781":"r","3782":"r","3783":"e","3784":"n","3785":"t","3786":"D","3787":"a","3788":"t","3789":"a","3790":".","3791":"c","3792":"e","3793":"r","3794":"t","3795":"N","3796":"a","3797":"m","3798":"e","3799":"\\","3800":"\"","3801":" ","3802":"p","3803":"l","3804":"a","3805":"c","3806":"e","3807":"h","3808":"o","3809":"l","3810":"d","3811":"e","3812":"r","3813":"=","3814":"\\","3815":"\"","3816":"T","3817":"i","3818":"t","3819":"l","3820":"e","3821":"\\","3822":"\"","3823":" ","3824":"c","3825":"l","3826":"e","3827":"a","3828":"r","3829":"a","3830":"b","3831":"l","3832":"e","3833":"\\","3834":"n","3835":" ","3836":" ","3837":" ","3838":" ","3839":" ","3840":" ","3841":" ","3842":" ","3843":" ","3844":" ","3845":" ","3846":" ","3847":" ","3848":" ","3849":" ","3850":" ","3851":" ","3852":" ","3853":" ","3854":" ","3855":" ","3856":" ","3857":" ","3858":" ","3859":" ","3860":" ","3861":" ","3862":" ","3863":"@","3864":"i","3865":"n","3866":"p","3867":"u","3868":"t","3869":"=","3870":"\\","3871":"\"","3872":"u","3873":"p","3874":"d","3875":"a","3876":"t","3877":"e","3878":"C","3879":"e","3880":"r","3881":"t","3882":"i","3883":"f","3884":"i","3885":"c","3886":"a","3887":"t","3888":"e","3889":"\\","3890":"\"","3891":">","3892":"<","3893":"/","3894":"e","3895":"l","3896":"-","3897":"i","3898":"n","3899":"p","3900":"u","3901":"t","3902":">","3903":"\\","3904":"n","3905":" ","3906":" ","3907":" ","3908":" ","3909":" ","3910":" ","3911":" ","3912":" ","3913":" ","3914":" ","3915":" ","3916":" ","3917":" ","3918":" ","3919":" ","3920":" ","3921":" ","3922":" ","3923":" ","3924":" ","3925":"<","3926":"/","3927":"e","3928":"l","3929":"-","3930":"r","3931":"o","3932":"w","3933":">","3934":"\\","3935":"n","3936":" ","3937":" ","3938":" ","3939":" ","3940":" ","3941":" ","3942":" ","3943":" ","3944":" ","3945":" ","3946":" ","3947":" ","3948":" ","3949":" ","3950":" ","3951":" ","3952":"<","3953":"/","3954":"e","3955":"l","3956":"-","3957":"c","3958":"o","3959":"l","3960":">","3961":"\\","3962":"n","3963":" ","3964":" ","3965":" ","3966":" ","3967":" ","3968":" ","3969":" ","3970":" ","3971":" ","3972":" ","3973":" ","3974":" ","3975":" ","3976":" ","3977":" ","3978":" ","3979":"<","3980":"!","3981":"-","3982":"-","3983":" ","3984":"L","3985":"i","3986":"n","3987":"k","3988":" ","3989":"-","3990":"-","3991":">","3992":"\\","3993":"n","3994":" ","3995":" ","3996":" ","3997":" ","3998":" ","3999":" ","4000":" ","4001":" ","4002":" ","4003":" ","4004":" ","4005":" ","4006":" ","4007":" ","4008":" ","4009":" ","4010":"<","4011":"e","4012":"l","4013":"-","4014":"c","4015":"o","4016":"l","4017":" ","4018":":","4019":"s","4020":"p","4021":"a","4022":"n","4023":"=","4024":"\\","4025":"\"","4026":"1","4027":"2","4028":"\\","4029":"\"","4030":" ","4031":":","4032":"x","4033":"s","4034":"=","4035":"\\","4036":"\"","4037":"2","4038":"4","4039":"\\","4040":"\"","4041":" ","4042":":","4043":"s","4044":"m","4045":"=","4046":"\\","4047":"\"","4048":"1","4049":"2","4050":"\\","4051":"\"","4052":" ","4053":":","4054":"m","4055":"d","4056":"=","4057":"\\","4058":"\"","4059":"1","4060":"2","4061":"\\","4062":"\"","4063":">","4064":"\\","4065":"n","4066":" ","4067":" ","4068":" ","4069":" ","4070":" ","4071":" ","4072":" ","4073":" ","4074":" ","4075":" ","4076":" ","4077":" ","4078":" ","4079":" ","4080":" ","4081":" ","4082":" ","4083":" ","4084":" ","4085":" ","4086":"<","4087":"e","4088":"l","4089":"-","4090":"r","4091":"o","4092":"w","4093":" ","4094":":","4095":"l","4096":"g","4097":"=","4098":"\\","4099":"\"","4100":"2","4101":"4","4102":"\\","4103":"\"","4104":" ","4105":":","4106":"m","4107":"d","4108":"=","4109":"\\","4110":"\"","4111":"2","4112":"4","4113":"\\","4114":"\"","4115":">","4116":"\\","4117":"n","4118":" ","4119":" ","4120":" ","4121":" ","4122":" ","4123":" ","4124":" ","4125":" ","4126":" ","4127":" ","4128":" ","4129":" ","4130":" ","4131":" ","4132":" ","4133":" ","4134":" ","4135":" ","4136":" ","4137":" ","4138":" ","4139":" ","4140":" ","4141":" ","4142":"<","4143":"e","4144":"l","4145":"-","4146":"c","4147":"o","4148":"l","4149":" ","4150":":","4151":"l","4152":"g","4153":"=","4154":"\\","4155":"\"","4156":"2","4157":"4","4158":"\\","4159":"\"","4160":" ","4161":":","4162":"m","4163":"d","4164":"=","4165":"\\","4166":"\"","4167":"2","4168":"4","4169":"\\","4170":"\"","4171":">","4172":"\\","4173":"n","4174":" ","4175":" ","4176":" ","4177":" ","4178":" ","4179":" ","4180":" ","4181":" ","4182":" ","4183":" ","4184":" ","4185":" ","4186":" ","4187":" ","4188":" ","4189":" ","4190":" ","4191":" ","4192":" ","4193":" ","4194":" ","4195":" ","4196":" ","4197":" ","4198":" ","4199":" ","4200":" ","4201":" ","4202":"<","4203":"d","4204":"i","4205":"v","4206":" ","4207":"s","4208":"t","4209":"y","4210":"l","4211":"e","4212":"=","4213":"\\","4214":"\"","4215":"t","4216":"e","4217":"x","4218":"t","4219":"-","4220":"a","4221":"l","4222":"i","4223":"g","4224":"n","4225":":","4226":"c","4227":"e","4228":"n","4229":"t","4230":"e","4231":"r","4232":";","4233":"\\","4234":"\"","4235":">","4236":"\\","4237":"n","4238":"\\","4239":"n","4240":" ","4241":" ","4242":" ","4243":" ","4244":" ","4245":" ","4246":" ","4247":" ","4248":" ","4249":" ","4250":" ","4251":" ","4252":" ","4253":" ","4254":" ","4255":" ","4256":" ","4257":" ","4258":" ","4259":" ","4260":" ","4261":" ","4262":" ","4263":" ","4264":" ","4265":" ","4266":" ","4267":" ","4268":" ","4269":" ","4270":" ","4271":" ","4272":"<","4273":"l","4274":"a","4275":"b","4276":"e","4277":"l","4278":">","4279":"L","4280":"i","4281":"n","4282":"k","4283":"<","4284":"/","4285":"l","4286":"a","4287":"b","4288":"e","4289":"l","4290":">","4291":"\\","4292":"n","4293":" ","4294":" ","4295":" ","4296":" ","4297":" ","4298":" ","4299":" ","4300":" ","4301":" ","4302":" ","4303":" ","4304":" ","4305":" ","4306":" ","4307":" ","4308":" ","4309":" ","4310":" ","4311":" ","4312":" ","4313":" ","4314":" ","4315":" ","4316":" ","4317":" ","4318":" ","4319":" ","4320":" ","4321":"<","4322":"/","4323":"d","4324":"i","4325":"v","4326":">","4327":"\\","4328":"n","4329":" ","4330":" ","4331":" ","4332":" ","4333":" ","4334":" ","4335":" ","4336":" ","4337":" ","4338":" ","4339":" ","4340":" ","4341":" ","4342":" ","4343":" ","4344":" ","4345":" ","4346":" ","4347":" ","4348":" ","4349":" ","4350":" ","4351":" ","4352":" ","4353":"<","4354":"/","4355":"e","4356":"l","4357":"-","4358":"c","4359":"o","4360":"l","4361":">","4362":"\\","4363":"n","4364":" ","4365":" ","4366":" ","4367":" ","4368":" ","4369":" ","4370":" ","4371":" ","4372":" ","4373":" ","4374":" ","4375":" ","4376":" ","4377":" ","4378":" ","4379":" ","4380":" ","4381":" ","4382":" ","4383":" ","4384":"<","4385":"/","4386":"e","4387":"l","4388":"-","4389":"r","4390":"o","4391":"w","4392":">","4393":"\\","4394":"n","4395":" ","4396":" ","4397":" ","4398":" ","4399":" ","4400":" ","4401":" ","4402":" ","4403":" ","4404":" ","4405":" ","4406":" ","4407":" ","4408":" ","4409":" ","4410":" ","4411":" ","4412":" ","4413":" ","4414":" ","4415":"<","4416":"e","4417":"l","4418":"-","4419":"r","4420":"o","4421":"w","4422":" ","4423":":","4424":"l","4425":"g","4426":"=","4427":"\\","4428":"\"","4429":"2","4430":"4","4431":"\\","4432":"\"","4433":" ","4434":":","4435":"m","4436":"d","4437":"=","4438":"\\","4439":"\"","4440":"2","4441":"4","4442":"\\","4443":"\"","4444":">","4445":"\\","4446":"n","4447":" ","4448":" ","4449":" ","4450":" ","4451":" ","4452":" ","4453":" ","4454":" ","4455":" ","4456":" ","4457":" ","4458":" ","4459":" ","4460":" ","4461":" ","4462":" ","4463":" ","4464":" ","4465":" ","4466":" ","4467":" ","4468":" ","4469":" ","4470":" ","4471":"<","4472":"e","4473":"l","4474":"-","4475":"i","4476":"n","4477":"p","4478":"u","4479":"t","4480":" ","4481":"v","4482":"-","4483":"m","4484":"o","4485":"d","4486":"e","4487":"l","4488":"=","4489":"\\","4490":"\"","4491":"c","4492":"u","4493":"r","4494":"r","4495":"e","4496":"n","4497":"t","4498":"D","4499":"a","4500":"t","4501":"a","4502":".","4503":"l","4504":"i","4505":"n","4506":"k","4507":"\\","4508":"\"","4509":" ","4510":"p","4511":"l","4512":"a","4513":"c","4514":"e","4515":"h","4516":"o","4517":"l","4518":"d","4519":"e","4520":"r","4521":"=","4522":"\\","4523":"\"","4524":"L","4525":"i","4526":"n","4527":"k","4528":"\\","4529":"\"","4530":" ","4531":"c","4532":"l","4533":"e","4534":"a","4535":"r","4536":"a","4537":"b","4538":"l","4539":"e","4540":"\\","4541":"n","4542":" ","4543":" ","4544":" ","4545":" ","4546":" ","4547":" ","4548":" ","4549":" ","4550":" ","4551":" ","4552":" ","4553":" ","4554":" ","4555":" ","4556":" ","4557":" ","4558":" ","4559":" ","4560":" ","4561":" ","4562":" ","4563":" ","4564":" ","4565":" ","4566":" ","4567":" ","4568":" ","4569":" ","4570":"@","4571":"i","4572":"n","4573":"p","4574":"u","4575":"t","4576":"=","4577":"\\","4578":"\"","4579":"u","4580":"p","4581":"d","4582":"a","4583":"t","4584":"e","4585":"C","4586":"e","4587":"r","4588":"t","4589":"i","4590":"f","4591":"i","4592":"c","4593":"a","4594":"t","4595":"e","4596":"\\","4597":"\"","4598":">","4599":"<","4600":"/","4601":"e","4602":"l","4603":"-","4604":"i","4605":"n","4606":"p","4607":"u","4608":"t","4609":">","4610":"\\","4611":"n","4612":" ","4613":" ","4614":" ","4615":" ","4616":" ","4617":" ","4618":" ","4619":" ","4620":" ","4621":" ","4622":" ","4623":" ","4624":" ","4625":" ","4626":" ","4627":" ","4628":" ","4629":" ","4630":" ","4631":" ","4632":"<","4633":"/","4634":"e","4635":"l","4636":"-","4637":"r","4638":"o","4639":"w","4640":">","4641":"\\","4642":"n","4643":" ","4644":" ","4645":" ","4646":" ","4647":" ","4648":" ","4649":" ","4650":" ","4651":" ","4652":" ","4653":" ","4654":" ","4655":" ","4656":" ","4657":" ","4658":" ","4659":"<","4660":"/","4661":"e","4662":"l","4663":"-","4664":"c","4665":"o","4666":"l","4667":">","4668":"\\","4669":"n","4670":" ","4671":" ","4672":" ","4673":" ","4674":" ","4675":" ","4676":" ","4677":" ","4678":" ","4679":" ","4680":" ","4681":" ","4682":" ","4683":" ","4684":" ","4685":" ","4686":"<","4687":"!","4688":"-","4689":"-","4690":" ","4691":"F","4692":"o","4693":"r","4694":" ","4695":"e","4696":"l","4697":"-","4698":"t","4699":"e","4700":"x","4701":"t","4702":"a","4703":"r","4704":"e","4705":"a","4706":",","4707":" ","4708":"r","4709":"e","4710":"p","4711":"l","4712":"a","4713":"c","4714":"e","4715":" ","4716":"v","4717":"-","4718":"t","4719":"e","4720":"x","4721":"t","4722":"a","4723":"r","4724":"e","4725":"a","4726":" ","4727":"-","4728":"-","4729":">","4730":"\\","4731":"n","4732":" ","4733":" ","4734":" ","4735":" ","4736":" ","4737":" ","4738":" ","4739":" ","4740":" ","4741":" ","4742":" ","4743":" ","4744":"<","4745":"/","4746":"e","4747":"l","4748":"-","4749":"r","4750":"o","4751":"w","4752":">","4753":"\\","4754":"n","4755":" ","4756":" ","4757":" ","4758":" ","4759":" ","4760":" ","4761":" ","4762":" ","4763":" ","4764":" ","4765":" ","4766":" ","4767":"<","4768":"!","4769":"-","4770":"-","4771":" ","4772":"S","4773":"t","4774":"a","4775":"r","4776":"t","4777":" ","4778":"a","4779":"n","4780":"d","4781":" ","4782":"E","4783":"n","4784":"d","4785":" ","4786":"-","4787":"-","4788":">","4789":"\\","4790":"n","4791":" ","4792":" ","4793":" ","4794":" ","4795":" ","4796":" ","4797":" ","4798":" ","4799":" ","4800":" ","4801":" ","4802":" ","4803":"<","4804":"e","4805":"l","4806":"-","4807":"r","4808":"o","4809":"w","4810":" ","4811":":","4812":"l","4813":"g","4814":"=","4815":"\\","4816":"\"","4817":"2","4818":"4","4819":"\\","4820":"\"","4821":" ","4822":":","4823":"m","4824":"d","4825":"=","4826":"\\","4827":"\"","4828":"2","4829":"4","4830":"\\","4831":"\"","4832":" ","4833":":","4834":"s","4835":"d","4836":"=","4837":"\\","4838":"\"","4839":"2","4840":"4","4841":"\\","4842":"\"","4843":" ","4844":":","4845":"x","4846":"s","4847":"=","4848":"\\","4849":"\"","4850":"2","4851":"4","4852":"\\","4853":"\"","4854":">","4855":"\\","4856":"n","4857":" ","4858":" ","4859":" ","4860":" ","4861":" ","4862":" ","4863":" ","4864":" ","4865":" ","4866":" ","4867":" ","4868":" ","4869":" ","4870":" ","4871":" ","4872":" ","4873":"<","4874":"!","4875":"-","4876":"-","4877":" ","4878":"O","4879":"t","4880":"h","4881":"e","4882":"r","4883":" ","4884":"c","4885":"o","4886":"m","4887":"p","4888":"o","4889":"n","4890":"e","4891":"n","4892":"t","4893":"s","4894":" ","4895":"i","4896":"n","4897":"s","4898":"i","4899":"d","4900":"e","4901":" ","4902":"e","4903":"l","4904":"-","4905":"c","4906":"o","4907":"l","4908":"l","4909":"a","4910":"p","4911":"s","4912":"e","4913":"-","4914":"i","4915":"t","4916":"e","4917":"m","4918":" ","4919":"-","4920":"-","4921":">","4922":"\\","4923":"n","4924":" ","4925":" ","4926":" ","4927":" ","4928":" ","4929":" ","4930":" ","4931":" ","4932":" ","4933":" ","4934":" ","4935":" ","4936":" ","4937":" ","4938":" ","4939":" ","4940":"<","4941":"!","4942":"-","4943":"-","4944":" ","4945":"S","4946":"t","4947":"a","4948":"r","4949":"t","4950":" ","4951":"D","4952":"a","4953":"t","4954":"e","4955":" ","4956":"-","4957":"-","4958":">","4959":"\\","4960":"n","4961":" ","4962":" ","4963":" ","4964":" ","4965":" ","4966":" ","4967":" ","4968":" ","4969":" ","4970":" ","4971":" ","4972":" ","4973":" ","4974":" ","4975":" ","4976":" ","4977":"<","4978":"e","4979":"l","4980":"-","4981":"c","4982":"o","4983":"l","4984":" ","4985":":","4986":"s","4987":"p","4988":"a","4989":"n","4990":"=","4991":"\\","4992":"\"","4993":"1","4994":"2","4995":"\\","4996":"\"","4997":" ","4998":":","4999":"l","5000":"g","5001":"=","5002":"\\","5003":"\"","5004":"1","5005":"2","5006":"\\","5007":"\"","5008":" ","5009":":","5010":"x","5011":"s","5012":"=","5013":"\\","5014":"\"","5015":"2","5016":"4","5017":"\\","5018":"\"","5019":" ","5020":":","5021":"s","5022":"m","5023":"=","5024":"\\","5025":"\"","5026":"1","5027":"2","5028":"\\","5029":"\"","5030":" ","5031":":","5032":"m","5033":"d","5034":"=","5035":"\\","5036":"\"","5037":"1","5038":"2","5039":"\\","5040":"\"","5041":">","5042":"\\","5043":"n","5044":" ","5045":" ","5046":" ","5047":" ","5048":" ","5049":" ","5050":" ","5051":" ","5052":" ","5053":" ","5054":" ","5055":" ","5056":" ","5057":" ","5058":" ","5059":" ","5060":" ","5061":" ","5062":" ","5063":" ","5064":"<","5065":"e","5066":"l","5067":"-","5068":"r","5069":"o","5070":"w","5071":" ","5072":":","5073":"l","5074":"g","5075":"=","5076":"\\","5077":"\"","5078":"2","5079":"4","5080":"\\","5081":"\"","5082":" ","5083":":","5084":"m","5085":"d","5086":"=","5087":"\\","5088":"\"","5089":"2","5090":"4","5091":"\\","5092":"\"","5093":">","5094":"\\","5095":"n","5096":" ","5097":" ","5098":" ","5099":" ","5100":" ","5101":" ","5102":" ","5103":" ","5104":" ","5105":" ","5106":" ","5107":" ","5108":" ","5109":" ","5110":" ","5111":" ","5112":" ","5113":" ","5114":" ","5115":" ","5116":" ","5117":" ","5118":" ","5119":" ","5120":"<","5121":"e","5122":"l","5123":"-","5124":"c","5125":"o","5126":"l","5127":" ","5128":":","5129":"l","5130":"g","5131":"=","5132":"\\","5133":"\"","5134":"2","5135":"4","5136":"\\","5137":"\"","5138":" ","5139":":","5140":"m","5141":"d","5142":"=","5143":"\\","5144":"\"","5145":"2","5146":"4","5147":"\\","5148":"\"","5149":">","5150":"\\","5151":"n","5152":" ","5153":" ","5154":" ","5155":" ","5156":" ","5157":" ","5158":" ","5159":" ","5160":" ","5161":" ","5162":" ","5163":" ","5164":" ","5165":" ","5166":" ","5167":" ","5168":" ","5169":" ","5170":" ","5171":" ","5172":" ","5173":" ","5174":" ","5175":" ","5176":" ","5177":" ","5178":" ","5179":" ","5180":"<","5181":"d","5182":"i","5183":"v","5184":" ","5185":"s","5186":"t","5187":"y","5188":"l","5189":"e","5190":"=","5191":"\\","5192":"\"","5193":"t","5194":"e","5195":"x","5196":"t","5197":"-","5198":"a","5199":"l","5200":"i","5201":"g","5202":"n","5203":":","5204":"c","5205":"e","5206":"n","5207":"t","5208":"e","5209":"r","5210":";","5211":"\\","5212":"\"","5213":">","5214":"\\","5215":"n","5216":" ","5217":" ","5218":" ","5219":" ","5220":" ","5221":" ","5222":" ","5223":" ","5224":" ","5225":" ","5226":" ","5227":" ","5228":" ","5229":" ","5230":" ","5231":" ","5232":" ","5233":" ","5234":" ","5235":" ","5236":" ","5237":" ","5238":" ","5239":" ","5240":" ","5241":" ","5242":" ","5243":" ","5244":" ","5245":" ","5246":" ","5247":" ","5248":"<","5249":"l","5250":"a","5251":"b","5252":"e","5253":"l","5254":">","5255":"S","5256":"t","5257":"a","5258":"r","5259":"t","5260":"<","5261":"/","5262":"l","5263":"a","5264":"b","5265":"e","5266":"l","5267":">","5268":"\\","5269":"n","5270":" ","5271":" ","5272":" ","5273":" ","5274":" ","5275":" ","5276":" ","5277":" ","5278":" ","5279":" ","5280":" ","5281":" ","5282":" ","5283":" ","5284":" ","5285":" ","5286":" ","5287":" ","5288":" ","5289":" ","5290":" ","5291":" ","5292":" ","5293":" ","5294":" ","5295":" ","5296":" ","5297":" ","5298":"<","5299":"/","5300":"d","5301":"i","5302":"v","5303":">","5304":"\\","5305":"n","5306":" ","5307":" ","5308":" ","5309":" ","5310":" ","5311":" ","5312":" ","5313":" ","5314":" ","5315":" ","5316":" ","5317":" ","5318":" ","5319":" ","5320":" ","5321":" ","5322":" ","5323":" ","5324":" ","5325":" ","5326":" ","5327":" ","5328":" ","5329":" ","5330":"<","5331":"/","5332":"e","5333":"l","5334":"-","5335":"c","5336":"o","5337":"l","5338":">","5339":"\\","5340":"n","5341":" ","5342":" ","5343":" ","5344":" ","5345":" ","5346":" ","5347":" ","5348":" ","5349":" ","5350":" ","5351":" ","5352":" ","5353":" ","5354":" ","5355":" ","5356":" ","5357":" ","5358":" ","5359":" ","5360":" ","5361":"<","5362":"/","5363":"e","5364":"l","5365":"-","5366":"r","5367":"o","5368":"w","5369":">","5370":"\\","5371":"n","5372":" ","5373":" ","5374":" ","5375":" ","5376":" ","5377":" ","5378":" ","5379":" ","5380":" ","5381":" ","5382":" ","5383":" ","5384":" ","5385":" ","5386":" ","5387":" ","5388":" ","5389":" ","5390":" ","5391":" ","5392":"<","5393":"e","5394":"l","5395":"-","5396":"r","5397":"o","5398":"w","5399":" ","5400":":","5401":"l","5402":"g","5403":"=","5404":"\\","5405":"\"","5406":"2","5407":"4","5408":"\\","5409":"\"","5410":" ","5411":":","5412":"m","5413":"d","5414":"=","5415":"\\","5416":"\"","5417":"2","5418":"4","5419":"\\","5420":"\"","5421":">","5422":"\\","5423":"n","5424":" ","5425":" ","5426":" ","5427":" ","5428":" ","5429":" ","5430":" ","5431":" ","5432":" ","5433":" ","5434":" ","5435":" ","5436":" ","5437":" ","5438":" ","5439":" ","5440":" ","5441":" ","5442":" ","5443":" ","5444":" ","5445":" ","5446":" ","5447":" ","5448":"<","5449":"e","5450":"l","5451":"-","5452":"d","5453":"a","5454":"t","5455":"e","5456":"-","5457":"p","5458":"i","5459":"c","5460":"k","5461":"e","5462":"r","5463":" ","5464":"v","5465":"-","5466":"m","5467":"o","5468":"d","5469":"e","5470":"l","5471":"=","5472":"\\","5473":"\"","5474":"c","5475":"u","5476":"r","5477":"r","5478":"e","5479":"n","5480":"t","5481":"D","5482":"a","5483":"t","5484":"a","5485":".","5486":"s","5487":"t","5488":"a","5489":"r","5490":"t","5491":"D","5492":"a","5493":"t","5494":"e","5495":"\\","5496":"\"","5497":" ","5498":"t","5499":"y","5500":"p","5501":"e","5502":"=","5503":"\\","5504":"\"","5505":"d","5506":"a","5507":"t","5508":"e","5509":"\\","5510":"\"","5511":" ","5512":"p","5513":"l","5514":"a","5515":"c","5516":"e","5517":"h","5518":"o","5519":"l","5520":"d","5521":"e","5522":"r","5523":"=","5524":"\\","5525":"\"","5526":"S","5527":"t","5528":"a","5529":"r","5530":"t","5531":" ","5532":"D","5533":"a","5534":"t","5535":"e","5536":"\\","5537":"\"","5538":" ","5539":":","5540":"s","5541":"i","5542":"z","5543":"e","5544":"=","5545":"\\","5546":"\"","5547":"s","5548":"i","5549":"z","5550":"e","5551":"\\","5552":"\"","5553":"\\","5554":"n","5555":" ","5556":" ","5557":" ","5558":" ","5559":" ","5560":" ","5561":" ","5562":" ","5563":" ","5564":" ","5565":" ","5566":" ","5567":" ","5568":" ","5569":" ","5570":" ","5571":" ","5572":" ","5573":" ","5574":" ","5575":" ","5576":" ","5577":" ","5578":" ","5579":" ","5580":" ","5581":" ","5582":" ","5583":"c","5584":"l","5585":"e","5586":"a","5587":"r","5588":"a","5589":"b","5590":"l","5591":"e","5592":" ","5593":"@","5594":"c","5595":"h","5596":"a","5597":"n","5598":"g","5599":"e","5600":"=","5601":"\\","5602":"\"","5603":"u","5604":"p","5605":"d","5606":"a","5607":"t","5608":"e","5609":"C","5610":"e","5611":"r","5612":"t","5613":"i","5614":"f","5615":"i","5616":"c","5617":"a","5618":"t","5619":"e","5620":"\\","5621":"\"","5622":" ","5623":"/","5624":">","5625":"\\","5626":"n","5627":" ","5628":" ","5629":" ","5630":" ","5631":" ","5632":" ","5633":" ","5634":" ","5635":" ","5636":" ","5637":" ","5638":" ","5639":" ","5640":" ","5641":" ","5642":" ","5643":" ","5644":" ","5645":" ","5646":" ","5647":"<","5648":"/","5649":"e","5650":"l","5651":"-","5652":"r","5653":"o","5654":"w","5655":">","5656":"\\","5657":"n","5658":" ","5659":" ","5660":" ","5661":" ","5662":" ","5663":" ","5664":" ","5665":" ","5666":" ","5667":" ","5668":" ","5669":" ","5670":" ","5671":" ","5672":" ","5673":" ","5674":"<","5675":"/","5676":"e","5677":"l","5678":"-","5679":"c","5680":"o","5681":"l","5682":">","5683":"\\","5684":"n","5685":" ","5686":" ","5687":" ","5688":" ","5689":" ","5690":" ","5691":" ","5692":" ","5693":" ","5694":" ","5695":" ","5696":" ","5697":" ","5698":" ","5699":" ","5700":" ","5701":"<","5702":"!","5703":"-","5704":"-","5705":" ","5706":"E","5707":"n","5708":"d","5709":" ","5710":"D","5711":"a","5712":"t","5713":"e","5714":" ","5715":"-","5716":"-","5717":">","5718":"\\","5719":"n","5720":" ","5721":" ","5722":" ","5723":" ","5724":" ","5725":" ","5726":" ","5727":" ","5728":" ","5729":" ","5730":" ","5731":" ","5732":" ","5733":" ","5734":" ","5735":" ","5736":"<","5737":"e","5738":"l","5739":"-","5740":"c","5741":"o","5742":"l","5743":" ","5744":":","5745":"s","5746":"p","5747":"a","5748":"n","5749":"=","5750":"\\","5751":"\"","5752":"1","5753":"2","5754":"\\","5755":"\"","5756":" ","5757":":","5758":"x","5759":"s","5760":"=","5761":"\\","5762":"\"","5763":"2","5764":"4","5765":"\\","5766":"\"","5767":" ","5768":":","5769":"s","5770":"m","5771":"=","5772":"\\","5773":"\"","5774":"1","5775":"2","5776":"\\","5777":"\"","5778":" ","5779":":","5780":"m","5781":"d","5782":"=","5783":"\\","5784":"\"","5785":"1","5786":"2","5787":"\\","5788":"\"","5789":">","5790":"\\","5791":"n","5792":" ","5793":" ","5794":" ","5795":" ","5796":" ","5797":" ","5798":" ","5799":" ","5800":" ","5801":" ","5802":" ","5803":" ","5804":" ","5805":" ","5806":" ","5807":" ","5808":" ","5809":" ","5810":" ","5811":" ","5812":"<","5813":"e","5814":"l","5815":"-","5816":"r","5817":"o","5818":"w","5819":" ","5820":":","5821":"l","5822":"g","5823":"=","5824":"\\","5825":"\"","5826":"2","5827":"4","5828":"\\","5829":"\"","5830":" ","5831":":","5832":"m","5833":"d","5834":"=","5835":"\\","5836":"\"","5837":"2","5838":"4","5839":"\\","5840":"\"","5841":">","5842":"\\","5843":"n","5844":" ","5845":" ","5846":" ","5847":" ","5848":" ","5849":" ","5850":" ","5851":" ","5852":" ","5853":" ","5854":" ","5855":" ","5856":" ","5857":" ","5858":" ","5859":" ","5860":" ","5861":" ","5862":" ","5863":" ","5864":" ","5865":" ","5866":" ","5867":" ","5868":"<","5869":"e","5870":"l","5871":"-","5872":"c","5873":"o","5874":"l","5875":" ","5876":":","5877":"l","5878":"g","5879":"=","5880":"\\","5881":"\"","5882":"2","5883":"4","5884":"\\","5885":"\"","5886":" ","5887":":","5888":"m","5889":"d","5890":"=","5891":"\\","5892":"\"","5893":"2","5894":"4","5895":"\\","5896":"\"","5897":">","5898":"\\","5899":"n","5900":" ","5901":" ","5902":" ","5903":" ","5904":" ","5905":" ","5906":" ","5907":" ","5908":" ","5909":" ","5910":" ","5911":" ","5912":" ","5913":" ","5914":" ","5915":" ","5916":" ","5917":" ","5918":" ","5919":" ","5920":" ","5921":" ","5922":" ","5923":" ","5924":" ","5925":" ","5926":" ","5927":" ","5928":"<","5929":"d","5930":"i","5931":"v","5932":" ","5933":"s","5934":"t","5935":"y","5936":"l","5937":"e","5938":"=","5939":"\\","5940":"\"","5941":"t","5942":"e","5943":"x","5944":"t","5945":"-","5946":"a","5947":"l","5948":"i","5949":"g","5950":"n","5951":":","5952":"c","5953":"e","5954":"n","5955":"t","5956":"e","5957":"r","5958":";","5959":"\\","5960":"\"","5961":">","5962":"\\","5963":"n","5964":" ","5965":" ","5966":" ","5967":" ","5968":" ","5969":" ","5970":" ","5971":" ","5972":" ","5973":" ","5974":" ","5975":" ","5976":" ","5977":" ","5978":" ","5979":" ","5980":" ","5981":" ","5982":" ","5983":" ","5984":" ","5985":" ","5986":" ","5987":" ","5988":" ","5989":" ","5990":" ","5991":" ","5992":" ","5993":" ","5994":" ","5995":" ","5996":"<","5997":"l","5998":"a","5999":"b","6000":"e","6001":"l","6002":">","6003":"E","6004":"n","6005":"d","6006":"<","6007":"/","6008":"l","6009":"a","6010":"b","6011":"e","6012":"l","6013":">","6014":"\\","6015":"n","6016":" ","6017":" ","6018":" ","6019":" ","6020":" ","6021":" ","6022":" ","6023":" ","6024":" ","6025":" ","6026":" ","6027":" ","6028":" ","6029":" ","6030":" ","6031":" ","6032":" ","6033":" ","6034":" ","6035":" ","6036":" ","6037":" ","6038":" ","6039":" ","6040":" ","6041":" ","6042":" ","6043":" ","6044":"<","6045":"/","6046":"d","6047":"i","6048":"v","6049":">","6050":"\\","6051":"n","6052":" ","6053":" ","6054":" ","6055":" ","6056":" ","6057":" ","6058":" ","6059":" ","6060":" ","6061":" ","6062":" ","6063":" ","6064":" ","6065":" ","6066":" ","6067":" ","6068":" ","6069":" ","6070":" ","6071":" ","6072":" ","6073":" ","6074":" ","6075":" ","6076":"<","6077":"/","6078":"e","6079":"l","6080":"-","6081":"c","6082":"o","6
[...]
 ","7962":" ","7963":" ","7964":" ","7965":" ","7966":" ","7967":"j","7968":"o","7969":"b","7970":"T","7971":"i","7972":"t","7973":"l","7974":"e","7975":":","7976":" ","7977":"t","7978":"h","7979":"i","7980":"s","7981":".","7982":"j","7983":"o","7984":"b","7985":"T","7986":"i","7987":"t","7988":"l","7989":"e","7990":",","7991":"\\","7992":"n","7993":" ","7994":" ","7995":" ","7996":" ","7997":" ","7998":" ","7999":" ","8000":" ","8001":" ","8002":" ","8003":" ","8004":" ","8005":" ","8006":" ","8007":" ","8008":" ","8009":"c","8010":"o","8011":"m","8012":"p","8013":"a","8014":"n","8015":"y","8016":"L","8017":"o","8018":"c","8019":"a","8020":"t","8021":"i","8022":"o","8023":"n","8024":":","8025":" ","8026":"t","8027":"h","8028":"i","8029":"s","8030":".","8031":"c","8032":"o","8033":"m","8034":"p","8035":"a","8036":"n","8037":"y","8038":"L","8039":"o","8040":"c","8041":"a","8042":"t","8043":"i","8044":"o","8045":"n","8046":",","8047":"\\","8048":"n","8049":" ","8050":" ","8051":" ","8052":" ","8053":" ","8054":" ","8055":" ","8056":" ","8057":" ","8058":" ","8059":" ","8060":" ","8061":" ","8062":" ","8063":" ","8064":" ","8065":"j","8066":"o","8067":"b","8068":"D","8069":"e","8070":"s","8071":"c","8072":"r","8073":"i","8074":"p","8075":"t","8076":"i","8077":"o","8078":"n","8079":":","8080":" ","8081":"t","8082":"h","8083":"i","8084":"s","8085":".","8086":"j","8087":"o","8088":"b","8089":"D","8090":"e","8091":"s","8092":"c","8093":"r","8094":"i","8095":"p","8096":"t","8097":"i","8098":"o","8099":"n","8100":",","8101":"\\","8102":"n","8103":" ","8104":" ","8105":" ","8106":" ","8107":" ","8108":" ","8109":" ","8110":" ","8111":" ","8112":" ","8113":" ","8114":" ","8115":" ","8116":" ","8117":" ","8118":" ","8119":"j","8120":"o","8121":"b","8122":"D","8123":"e","8124":"s","8125":"C","8126":"o","8127":"n","8128":"t","8129":"e","8130":"n","8131":"t","8132":":","8133":" ","8134":"t","8135":"h","8136":"i","8137":"s","8138":".","8139":"j","8140":"o","8141":"b","8142":"D","8143":"e","8144":"s","8145":"C","8146":"o","8147":"n","8148":"t","8149":"e","8150":"n","8151":"t","8152":",","8153":"\\","8154":"n","8155":" ","8156":" ","8157":" ","8158":" ","8159":" ","8160":" ","8161":" ","8162":" ","8163":" ","8164":" ","8165":" ","8166":" ","8167":"}","8168":",","8169":"\\","8170":"n","8171":"\\","8172":"n","8173":" ","8174":" ","8175":" ","8176":" ","8177":" ","8178":" ","8179":" ","8180":" ","8181":" ","8182":" ","8183":" ","8184":" ","8185":"P","8186":"R","8187":"E","8188":"V","8189":"_","8190":"L","8191":"E","8192":"N","8193":"G","8194":"T","8195":"H","8196":":","8197":" ","8198":"0","8199":",","8200":"\\","8201":"n","8202":" ","8203":" ","8204":" ","8205":" ","8206":" ","8207":" ","8208":" ","8209":" ","8210":"}","8211":"\\","8212":"n","8213":" ","8214":" ","8215":" ","8216":" ","8217":"}","8218":",","8219":"\\","8220":"n","8221":"\\","8222":"n","8223":" ","8224":" ","8225":" ","8226":" ","8227":"m","8228":"e","8229":"t","8230":"h","8231":"o","8232":"d","8233":"s","8234":":","8235":" ","8236":"{","8237":"\\","8238":"n","8239":" ","8240":" ","8241":" ","8242":" ","8243":" ","8244":" ","8245":" ","8246":" ","8247":"h","8248":"a","8249":"n","8250":"d","8251":"l","8252":"e","8253":"I","8254":"n","8255":"p","8256":"u","8257":"t","8258":"(","8259":"e","8260":"v","8261":"e","8262":"n","8263":"t","8264":")","8265":" ","8266":"{","8267":"\\","8268":"n","8269":" ","8270":" ","8271":" ","8272":" ","8273":" ","8274":" ","8275":" ","8276":" ","8277":" ","8278":" ","8279":" ","8280":" ","8281":"c","8282":"o","8283":"n","8284":"s","8285":"t","8286":" ","8287":"b","8288":"u","8289":"l","8290":"l","8291":"e","8292":"t","8293":" ","8294":"=","8295":" ","8296":"'","8297":"\\","8298":"\\","8299":"u","8300":"2","8301":"0","8302":"2","8303":"2","8304":"'","8305":"\\","8306":"n","8307":" ","8308":" ","8309":" ","8310":" ","8311":" ","8312":" ","8313":" ","8314":" ","8315":" ","8316":" ","8317":" ","8318":" ","8319":"c","8320":"o","8321":"n","8322":"s","8323":"t","8324":" ","8325":"n","8326":"e","8327":"w","8328":"L","8329":"e","8330":"n","8331":"g","8332":"t","8333":"h","8334":" ","8335":"=","8336":" ","8337":"t","8338":"h","8339":"i","8340":"s","8341":".","8342":"c","8343":"u","8344":"r","8345":"r","8346":"e","8347":"n","8348":"t","8349":"D","8350":"a","8351":"t","8352":"a","8353":".","8354":"j","8355":"o","8356":"b","8357":"D","8358":"e","8359":"s","8360":"C","8361":"o","8362":"n","8363":"t","8364":"e","8365":"n","8366":"t","8367":".","8368":"l","8369":"e","8370":"n","8371":"g","8372":"t","8373":"h","8374":"\\","8375":"n","8376":"\\","8377":"n","8378":" ","8379":" ","8380":" ","8381":" ","8382":" ","8383":" ","8384":" ","8385":" ","8386":" ","8387":" ","8388":" ","8389":" ","8390":"c","8391":"o","8392":"n","8393":"s","8394":"t","8395":" ","8396":"c","8397":"h","8398":"a","8399":"r","8400":"a","8401":"c","8402":"t","8403":"e","8404":"r","8405":"C","8406":"o","8407":"d","8408":"e","8409":" ","8410":"=","8411":" ","8412":"t","8413":"h","8414":"i","8415":"s","8416":".","8417":"c","8418":"u","8419":"r","8420":"r","8421":"e","8422":"n","8423":"t","8424":"D","8425":"a","8426":"t","8427":"a","8428":".","8429":"j","8430":"o","8431":"b","8432":"D","8433":"e","8434":"s","8435":"C","8436":"o","8437":"n","8438":"t","8439":"e","8440":"n","8441":"t","8442":"\\","8443":"n","8444":" ","8445":" ","8446":" ","8447":" ","8448":" ","8449":" ","8450":" ","8451":" ","8452":" ","8453":" ","8454":" ","8455":" ","8456":" ","8457":" ","8458":" ","8459":" ","8460":".","8461":"s","8462":"u","8463":"b","8464":"s","8465":"t","8466":"r","8467":"(","8468":"-","8469":"1","8470":")","8471":"\\","8472":"n","8473":" ","8474":" ","8475":" ","8476":" ","8477":" ","8478":" ","8479":" ","8480":" ","8481":" ","8482":" ","8483":" ","8484":" ","8485":" ","8486":" ","8487":" ","8488":" ","8489":".","8490":"c","8491":"h","8492":"a","8493":"r","8494":"C","8495":"o","8496":"d","8497":"e","8498":"A","8499":"t","8500":"(","8501":"0","8502":")","8503":"\\","8504":"n","8505":"\\","8506":"n","8507":" ","8508":" ","8509":" ","8510":" ","8511":" ","8512":" ","8513":" ","8514":" ","8515":" ","8516":" ","8517":" ","8518":" ","8519":"i","8520":"f","8521":" ","8522":"(","8523":"n","8524":"e","8525":"w","8526":"L","8527":"e","8528":"n","8529":"g","8530":"t","8531":"h","8532":" ","8533":">","8534":" ","8535":"t","8536":"h","8537":"i","8538":"s","8539":".","8540":"P","8541":"R","8542":"E","8543":"V","8544":"_","8545":"L","8546":"E","8547":"N","8548":"G","8549":"T","8550":"H","8551":")","8552":" ","8553":"{","8554":"\\","8555":"n","8556":" ","8557":" ","8558":" ","8559":" ","8560":" ","8561":" ","8562":" ","8563":" ","8564":" ","8565":" ","8566":" ","8567":" ","8568":" ","8569":" ","8570":" ","8571":" ","8572":"i","8573":"f","8574":" ","8575":"(","8576":"c","8577":"h","8578":"a","8579":"r","8580":"a","8581":"c","8582":"t","8583":"e","8584":"r","8585":"C","8586":"o","8587":"d","8588":"e","8589":" ","8590":"=","8591":"=","8592":"=","8593":" ","8594":"1","8595":"0","8596":")","8597":" ","8598":"{","8599":"\\","8600":"n","8601":" ","8602":" ","8603":" ","8604":" ","8605":" ","8606":" ","8607":" ","8608":" ","8609":" ","8610":" ","8611":" ","8612":" ","8613":" ","8614":" ","8615":" ","8616":" ","8617":" ","8618":" ","8619":" ","8620":" ","8621":"c","8622":"o","8623":"n","8624":"s","8625":"t","8626":" ","8627":"l","8628":"i","8629":"n","8630":"e","8631":"s","8632":" ","8633":"=","8634":" ","8635":"t","8636":"h","8637":"i","8638":"s","8639":".","8640":"c","8641":"u","8642":"r","8643":"r","8644":"e","8645":"n","8646":"t","8647":"D","8648":"a","8649":"t","8650":"a","8651":".","8652":"j","8653":"o","8654":"b","8655":"D","8656":"e","8657":"s","8658":"C","8659":"o","8660":"n","8661":"t","8662":"e","8663":"n","8664":"t","8665":".","8666":"s","8667":"p","8668":"l","8669":"i","8670":"t","8671":"(","8672":"'","8673":"\\","8674":"\\","8675":"n","8676":"'","8677":")","8678":"\\","8679":"n","8680":" ","8681":" ","8682":" ","8683":" ","8684":" ","8685":" ","8686":" ","8687":" ","8688":" ","8689":" ","8690":" ","8691":" ","8692":" ","8693":" ","8694":" ","8695":" ","8696":" ","8697":" ","8698":" ","8699":" ","8700":"c","8701":"o","8702":"n","8703":"s","8704":"t","8705":" ","8706":"c","8707":"u","8708":"r","8709":"r","8710":"e","8711":"n","8712":"t","8713":"L","8714":"i","8715":"n","8716":"e","8717":" ","8718":"=","8719":" ","8720":"l","8721":"i","8722":"n","8723":"e","8724":"s","8725":"[","8726":"l","8727":"i","8728":"n","8729":"e","8730":"s","8731":".","8732":"l","8733":"e","8734":"n","8735":"g","8736":"t","8737":"h","8738":" ","8739":"-","8740":" ","8741":"1","8742":"]","8743":"\\","8744":"n","8745":" ","8746":" ","8747":" ","8748":" ","8749":" ","8750":" ","8751":" ","8752":" ","8753":" ","8754":" ","8755":" ","8756":" ","8757":" ","8758":" ","8759":" ","8760":" ","8761":" ","8762":" ","8763":" ","8764":" ","8765":"c","8766":"o","8767":"n","8768":"s","8769":"t","8770":" ","8771":"i","8772":"n","8773":"d","8774":"e","8775":"n","8776":"t","8777":"a","8778":"t","8779":"i","8780":"o","8781":"n","8782":" ","8783":"=","8784":" ","8785":"t","8786":"h","8787":"i","8788":"s","8789":".","8790":"g","8791":"e","8792":"t","8793":"I","8794":"n","8795":"d","8796":"e","8797":"n","8798":"t","8799":"a","8800":"t","8801":"i","8802":"o","8803":"n","8804":"(","8805":"c","8806":"u","8807":"r","8808":"r","8809":"e","8810":"n","8811":"t","8812":"L","8813":"i","8814":"n","8815":"e","8816":")","8817":"\\","8818":"n","8819":" ","8820":" ","8821":" ","8822":" ","8823":" ","8824":" ","8825":" ","8826":" ","8827":" ","8828":" ","8829":" ","8830":" ","8831":" ","8832":" ","8833":" ","8834":" ","8835":" ","8836":" ","8837":" ","8838":" ","8839":"t","8840":"h","8841":"i","8842":"s","8843":".","8844":"c","8845":"u","8846":"r","8847":"r","8848":"e","8849":"n","8850":"t","8851":"D","8852":"a","8853":"t","8854":"a","8855":".","8856":"j","8857":"o","8858":"b","8859":"D","8860":"e","8861":"s","8862":"C","8863":"o","8864":"n","8865":"t","8866":"e","8867":"n","8868":"t","8869":" ","8870":"=","8871":" ","8872":"`","8873":"$","8874":"{","8875":"t","8876":"h","8877":"i","8878":"s","8879":".","8880":"c","8881":"u","8882":"r","8883":"r","8884":"e","8885":"n","8886":"t","8887":"D","8888":"a","8889":"t","8890":"a","8891":".","8892":"j","8893":"o","8894":"b","8895":"D","8896":"e","8897":"s","8898":"C","8899":"o","8900":"n","8901":"t","8902":"e","8903":"n","8904":"t","8905":"}","8906":"$","8907":"{","8908":"i","8909":"n","8910":"d","8911":"e","8912":"n","8913":"t","8914":"a","8915":"t","8916":"i","8917":"o","8918":"n","8919":"}","8920":"$","8921":"{","8922":"b","8923":"u","8924":"l","8925":"l","8926":"e","8927":"t","8928":"}","8929":" ","8930":"`","8931":"\\","8932":"n","8933":" ","8934":" ","8935":" ","8936":" ","8937":" ","8938":" ","8939":" ","8940":" ","8941":" ","8942":" ","8943":" ","8944":" ","8945":" ","8946":" ","8947":" ","8948":" ","8949":"}","8950":" ","8951":"e","8952":"l","8953":"s","8954":"e","8955":" ","8956":"i","8957":"f","8958":" ","8959":"(","8960":"n","8961":"e","8962":"w","8963":"L","8964":"e","8965":"n","8966":"g","8967":"t","8968":"h","8969":" ","8970":"=","8971":"=","8972":"=","8973":" ","8974":"1","8975":")","8976":" ","8977":"{","8978":"\\","8979":"n","8980":" ","8981":" ","8982":" ","8983":" ","8984":" ","8985":" ","8986":" ","8987":" ","8988":" ","8989":" ","8990":" ","8991":" ","8992":" ","8993":" ","8994":" ","8995":" ","8996":" ","8997":" ","8998":" ","8999":" ","9000":"t","9001":"h","9002":"i","9003":"s","9004":".","9005":"c","9006":"u","9007":"r","9008":"r","9009":"e","9010":"n","9011":"t","9012":"D","9013":"a","9014":"t","9015":"a","9016":".","9017":"j","9018":"o","9019":"b","9020":"D","9021":"e","9022":"s","9023":"C","9024":"o","9025":"n","9026":"t","9027":"e","9028":"n","9029":"t","9030":" ","9031":"=","9032":" ","9033":"`","9034":"$","9035":"{","9036":"b","9037":"u","9038":"l","9039":"l","9040":"e","9041":"t","9042":"}","9043":" ","9044":"$","9045":"{","9046":"t","9047":"h","9048":"i","9049":"s","9050":".","9051":"c","9052":"u","9053":"r","9054":"r","9055":"e","9056":"n","9057":"t","9058":"D","9059":"a","9060":"t","9061":"a","9062":".","9063":"j","9064":"o","9065":"b","9066":"D","9067":"e","9068":"s","9069":"C","9070":"o","9071":"n","9072":"t","9073":"e","9074":"n","9075":"t","9076":"}","9077":"`","9078":"\\","9079":"n","9080":" ","9081":" ","9082":" ","9083":" ","9084":" ","9085":" ","9086":" ","9087":" ","9088":" ","9089":" ","9090":" ","9091":" ","9092":" ","9093":" ","9094":" ","9095":" ","9096":"}","9097":"\\","9098":"n","9099":" ","9100":" ","9101":" ","9102":" ","9103":" ","9104":" ","9105":" ","9106":" ","9107":" ","9108":" ","9109":" ","9110":" ","9111":"}","9112":"\\","9113":"n","9114":" ","9115":" ","9116":" ","9117":" ","9118":" ","9119":" ","9120":" ","9121":" ","9122":" ","9123":" ","9124":" ","9125":" ","9126":"t","9127":"h","9128":"i","9129":"s","9130":".","9131":"c","9132":"u","9133":"r","9134":"r","9135":"e","9136":"n","9137":"t","9138":"D","9139":"a","9140":"t","9141":"a","9142":".","9143":"j","9144":"o","9145":"b","9146":"D","9147":"e","9148":"s","9149":"c","9150":"r","9151":"i","9152":"p","9153":"t","9154":"i","9155":"o","9156":"n","9157":" ","9158":"=","9159":" ","9160":"t","9161":"h","9162":"i","9163":"s","9164":".","9165":"c","9166":"u","9167":"r","9168":"r","9169":"e","9170":"n","9171":"t","9172":"D","9173":"a","9174":"t","9175":"a","9176":".","9177":"j","9178":"o","9179":"b","9180":"D","9181":"e","9182":"s","9183":"C","9184":"o","9185":"n","9186":"t","9187":"e","9188":"n","9189":"t","9190":".","9191":"r","9192":"e","9193":"p","9194":"l","9195":"a","9196":"c","9197":"e","9198":"(","9199":"/","9200":"•","9201":" ","9202":"/","9203":"g","9204":",","9205":" ","9206":"'","9207":"'","9208":")","9209":".","9210":"r","9211":"e","9212":"p","9213":"l","9214":"a","9215":"c","9216":"e","9217":"(","9218":"/","9219":"\\","9220":"\\","9221":"n","9222":"/","9223":"g","9224":",","9225":" ","9226":"'","9227":"|","9228":"|","9229":"'","9230":")","9231":".","9232":"s","9233":"p","9234":"l","9235":"i","9236":"t","9237":"(","9238":"\\","9239":"\"","9240":"|","9241":"|","9242":"\\","9243":"\"","9244":")","9245":";","9246":"\\","9247":"n","9248":" ","9249":" ","9250":" ","9251":" ","9252":" ","9253":" ","9254":" ","9255":" ","9256":" ","9257":" ","9258":" ","9259":" ","9260":"t","9261":"h","9262":"i","9263":"s","9264":".","9265":"u","9266":"p","9267":"d","9268":"a","9269":"t","9270":"e","9271":"E","9272":"x","9273":"p","9274":"e","9275":"r","9276":"i","9277":"e","9278":"n","9279":"c","9280":"e","9281":"(","9282":")","9283":"\\","9284":"n","9285":" ","9286":" ","9287":" ","9288":" ","9289":" ","9290":" ","9291":" ","9292":" ","9293":" ","9294":" ","9295":" ","9296":" ","9297":"t","9298":"h","9299":"i","9300":"s","9301":".","9302":"P","9303":"R","9304":"E","9305":"V","9306":"_","9307":"L","9308":"E","9309":"N","9310":"G","9311":"T","9312":"H","9313":" ","9314":"=","9315":" ","9316":"n","9317":"e","9318":"w","9319":"L","9320":"e","9321":"n","9322":"g","9323":"t","9324":"h","9325":"\\","9326":"n","9327":" ","9328":" ","9329":" ","9330":" ","9331":" ","9332":" ","9333":" ","9334":" ","9335":"}","9336":",","9337":"\\","9338":"n","9339":" ","9340":" ","9341":" ","9342":" ","9343":" ","9344":" ","9345":" ","9346":" ","9347":"g","9348":"e","9349":"t","9350":"I","9351":"n","9352":"d","9353":"e","9354":"n","9355":"t","9356":"a","9357":"t","9358":"i","9359":"o","9360":"n","9361":"(","9362":"l","9363":"i","9364":"n","9365":"e","9366":")","9367":" ","9368":"{","9369":"\\","9370":"n","9371":" ","9372":" ","9373":" ","9374":" ","9375":" ","9376":" ","9377":" ","9378":" ","9379":" ","9380":" ","9381":" ","9382":" ","9383":"c","9384":"o","9385":"n","9386":"s","9387":"t","9388":" ","9389":"m","9390":"a","9391":"t","9392":"c","9393":"h","9394":" ","9395":"=","9396":" ","9397":"l","9398":"i","9399":"n","9400":"e","9401":".","9402":"m","9403":"a","9404":"t","9405":"c","9406":"h","9407":"(","9408":"/","9409":"^","9410":"\\","9411":"\\","9412":"s","9413":"+","9414":"/","9415":")","9416":"\\","9417":"n","9418":" ","9419":" ","9420":" ","9421":" ","9422":" ","9423":" ","9424":" ","9425":" ","9426":" ","9427":" ","9428":" ","9429":" ","9430":"r","9431":"e","9432":"t","9433":"u","9434":"r","9435":"n","9436":" ","9437":"m","9438":"a","9439":"t","9440":"c","9441":"h","9442":" ","9443":"?","9444":" ","9445":"m","9446":"a","9447":"t","9448":"c","9449":"h","9450":"[","9451":"0","9452":"]","9453":" ","9454":":","9455":" ","9456":"'","9457":"'","9458":"\\","9459":"n","9460":" ","9461":" ","9462":" ","9463":" ","9464":" ","9465":" ","9466":" ","9467":" ","9468":"}","9469":",","9470":"\\","9471":"n","9472":" ","9473":" ","9474":" ","9475":" ","9476":" ","9477":" ","9478":" ","9479":" ","9480":"f","9481":"o","9482":"r","9483":"m","9484":"a","9485":"t","9486":"D","9487":"a","9488":"t","9489":"e","9490":"(","9491":"v","9492":"a","9493":"l","9494":")","9495":" ","9496":"{","9497":"\\","9498":"n","9499":" ","9500":" ","9501":" ","9502":" ","9503":" ","9504":" ","9505":" ","9506":" ","9507":" ","9508":" ","9509":" ","9510":" ","9511":"r","9512":"e","9513":"t","9514":"u","9515":"r","9516":"n","9517":" ","9518":"m","9519":"o","9520":"m","9521":"e","9522":"n","9523":"t","9524":"(","9525":"v","9526":"a","9527":"l","9528":")","9529":".","9530":"f","9531":"o","9532":"r","9533":"m","9534":"a","9535":"t","9536":"(","9537":"'","9538":"M","9539":"M","9540":"M","9541":"M","9542":" ","9543":"Y","9544":"Y","9545":"Y","9546":"Y","9547":"'","9548":")","9549":"\\","9550":"n","9551":" ","9552":" ","9553":" ","9554":" ","9555":" ","9556":" ","9557":" ","9558":" ","9559":"}","9560":",","9561":"\\","9562":"n","9563":" ","9564":" ","9565":" ","9566":" ","9567":" ","9568":" ","9569":" ","9570":" ","9571":"u","9572":"p","9573":"d","9574":"a","9575":"t","9576":"e","9577":"E","9578":"x","9579":"p","9580":"e","9581":"r","9582":"i","9583":"e","9584":"n","9585":"c","9586":"e","9587":"(","9588":")","9589":" ","9590":"{","9591":"\\","9592":"n","9593":" ","9594":" ","9595":" ","9596":" ","9597":" ","9598":" ","9599":" ","9600":" ","9601":" ","9602":" ","9603":" ","9604":" ","9605":"/","9606":"/","9607":" ","9608":"E","9609":"m","9610":"i","9611":"t","9612":" ","9613":"a","9614":"n","9615":" ","9616":"e","9617":"v","9618":"e","9619":"n","9620":"t","9621":" ","9622":"t","9623":"o","9624":" ","9625":"u","9626":"p","9627":"d","9628":"a","9629":"t","9630":"e","9631":" ","9632":"t","9633":"h","9634":"e","9635":" ","9636":"r","9637":"e","9638":"s","9639":"u","9640":"m","9641":"e","9642":" ","9643":"d","9644":"a","9645":"t","9646":"a","9647":" ","9648":"i","9649":"n","9650":" ","9651":"t","9652":"h","9653":"e","9654":" ","9655":"p","9656":"a","9657":"r","9658":"e","9659":"n","9660":"t","9661":" ","9662":"c","9663":"o","9664":"m","9665":"p","9666":"o","9667":"n","9668":"e","9669":"n","9670":"t","9671":"\\","9672":"n","9673":" ","9674":" ","9675":" ","9676":" ","9677":" ","9678":" ","9679":" ","9680":" ","9681":" ","9682":" ","9683":" ","9684":" ","9685":"t","9686":"h","9687":"i","9688":"s","9689":".","9690":"$","9691":"e","9692":"m","9693":"i","9694":"t","9695":"(","9696":"'","9697":"o","9698":"n","9699":"U","9700":"p","9701":"d","9702":"a","9703":"t","9704":"e","9705":"'","9706":",","9707":" ","9708":"t","9709":"h","9710":"i","9711":"s","9712":".","9713":"c","9714":"u","9715":"r","9716":"r","9717":"e","9718":"n","9719":"t","9720":"D","9721":"a","9722":"t","9723":"a","9724":")","9725":"\\","9726":"n","9727":" ","9728":" ","9729":" ","9730":" ","9731":" ","9732":" ","9733":" ","9734":" ","9735":"}","9736":",","9737":"\\","9738":"n","9739":" ","9740":" ","9741":" ","9742":" ","9743":"}","9744":",","9745":"\\","9746":"n","9747":"}","9748":"\\","9749":"n","9750":"<","9751":"/","9752":"s","9753":"c","9754":"r","9755":"i","9756":"p","9757":"t","9758":">","9759":"\\","9760":"n","9761":"\"","9762":"]","9763":"}"},"_coverageSchema":"1a1c01bbd47fc00a2c39e90264f33305004495a9","hash":"d37a882181ddf741e2de3b661f3979df82ec28e6"}
}
