TN:
SF:src/components/CertificateCard.vue
FN:138,render
FN:151,(anonymous_1)
FN:152,(anonymous_2)
FN:159,(anonymous_3)
FN:162,(anonymous_4)
FN:168,(anonymous_5)
FN:175,(anonymous_6)
FN:179,(anonymous_7)
FN:183,(anonymous_8)
FN:191,(anonymous_9)
FN:193,(anonymous_10)
FN:207,(anonymous_11)
FN:211,(anonymous_12)
FN:215,(anonymous_13)
FN:223,(anonymous_14)
FN:225,(anonymous_15)
FN:241,(anonymous_16)
FN:248,(anonymous_17)
FN:252,(anonymous_18)
FN:256,(anonymous_19)
FN:264,(anonymous_20)
FN:266,(anonymous_21)
FN:282,(anonymous_22)
FN:286,(anonymous_23)
FN:290,(anonymous_24)
FN:298,(anonymous_25)
FN:300,(anonymous_26)
FN:318,(anonymous_27)
FN:324,(anonymous_28)
FN:328,(anonymous_29)
FN:332,(anonymous_30)
FN:340,(anonymous_31)
FN:344,(anonymous_32)
FN:355,(anonymous_33)
FN:357,(anonymous_34)
FN:358,(anonymous_35)
FNF:36
FNH:29
FNDA:4,render
FNDA:4,(anonymous_1)
FNDA:0,(anonymous_2)
FNDA:0,(anonymous_3)
FNDA:4,(anonymous_4)
FNDA:4,(anonymous_5)
FNDA:4,(anonymous_6)
FNDA:4,(anonymous_7)
FNDA:4,(anonymous_8)
FNDA:4,(anonymous_9)
FNDA:0,(anonymous_10)
FNDA:4,(anonymous_11)
FNDA:4,(anonymous_12)
FNDA:4,(anonymous_13)
FNDA:4,(anonymous_14)
FNDA:0,(anonymous_15)
FNDA:4,(anonymous_16)
FNDA:4,(anonymous_17)
FNDA:4,(anonymous_18)
FNDA:4,(anonymous_19)
FNDA:4,(anonymous_20)
FNDA:0,(anonymous_21)
FNDA:4,(anonymous_22)
FNDA:4,(anonymous_23)
FNDA:4,(anonymous_24)
FNDA:4,(anonymous_25)
FNDA:0,(anonymous_26)
FNDA:4,(anonymous_27)
FNDA:4,(anonymous_28)
FNDA:4,(anonymous_29)
FNDA:4,(anonymous_30)
FNDA:4,(anonymous_31)
FNDA:0,(anonymous_32)
FNDA:1,(anonymous_33)
FNDA:4,(anonymous_34)
FNDA:4,(anonymous_35)
DA:4,1
DA:5,1
DA:8,1
DA:17,1
DA:22,1
DA:92,1
DA:94,1
DA:97,1
DA:98,1
DA:99,1
DA:102,1
DA:107,1
DA:112,1
DA:117,1
DA:122,1
DA:127,1
DA:128,1
DA:133,1
DA:139,4
DA:140,4
DA:141,4
DA:142,4
DA:143,4
DA:144,4
DA:145,4
DA:146,4
DA:147,4
DA:148,4
DA:151,4
DA:152,0
DA:159,0
DA:162,4
DA:168,4
DA:175,4
DA:179,4
DA:183,4
DA:191,4
DA:193,0
DA:207,4
DA:211,4
DA:215,4
DA:223,4
DA:225,0
DA:241,4
DA:248,4
DA:252,4
DA:256,4
DA:264,4
DA:266,0
DA:282,4
DA:286,4
DA:290,4
DA:298,4
DA:300,0
DA:318,4
DA:324,4
DA:328,4
DA:332,4
DA:340,4
DA:344,0
DA:355,1
DA:357,4
DA:358,4
DA:367,1
LF:64
LH:57
BRDA:193,0,0,4
BRDA:193,0,1,4
BRDA:225,1,0,4
BRDA:225,1,1,4
BRDA:266,2,0,4
BRDA:266,2,1,4
BRDA:300,3,0,4
BRDA:300,3,1,4
BRDA:344,4,0,4
BRDA:344,4,1,4
BRDA:355,5,0,4
BRDA:355,5,1,4
BRF:12
BRH:12
end_of_record
